nohup: ignoring input
2025-05-14 13:03:17 - INFO - Setup for laplace ...
2025-05-14 13:03:17 - INFO - Pretrained model available for epsilon 0.091, no training needed.
2025-05-14 13:03:17 - INFO - Pretrained model available for epsilon 0.11, no training needed.
2025-05-14 13:03:17 - INFO - Pretrained model available for epsilon 2.01, no training needed.
2025-05-14 13:03:17 - INFO - Pretrained model available for epsilon 3.01, no training needed.
2025-05-14 13:03:17 - INFO - Pretrained model available for epsilon 0.91, no training needed.
2025-05-14 13:03:17 - INFO - Pretrained model available for epsilon 5.91, no training needed.
2025-05-14 13:03:17 - INFO - Pretrained model available for epsilon 0.41, no training needed.
2025-05-14 13:03:17 - INFO - Pretrained model available for epsilon 1e-05, no training needed.
2025-05-14 13:03:17 - INFO - Pretrained model available for epsilon 0.021, no training needed.
2025-05-14 13:03:17 - INFO - Setup for bounded_n ...
2025-05-14 13:03:17 - INFO - Pretrained model available for epsilon 0.71, no training needed.
2025-05-14 13:03:17 - INFO - Pretrained model available for epsilon 1.21, no training needed.
2025-05-14 13:03:17 - INFO - Pretrained model available for epsilon 0.81, no training needed.
2025-05-14 13:03:17 - INFO - Pretrained model available for epsilon 1.91, no training needed.
2025-05-14 13:03:17 - INFO - Pretrained model available for epsilon 0.91, no training needed.
2025-05-14 13:03:17 - INFO - Pretrained model available for epsilon 5.01, no training needed.
2025-05-14 13:03:17 - INFO - Pretrained model available for epsilon 1.11, no training needed.
2025-05-14 13:03:17 - INFO - Pretrained model available for epsilon 0.11, no training needed.
2025-05-14 13:03:17 - INFO - Pretrained model available for epsilon 8.51, no training needed.
2025-05-14 13:03:17 - INFO - Pretrained model available for epsilon 9.91, no training needed.
2025-05-14 13:03:17 - INFO - Setup for gaussian_a ...
2025-05-14 13:03:17 - INFO - Pretrained model available for epsilon 0.71, no training needed.
2025-05-14 13:03:17 - INFO - Pretrained model available for epsilon 0.91, no training needed.
2025-05-14 13:03:17 - INFO - Pretrained model available for epsilon 1.41, no training needed.
2025-05-14 13:03:17 - INFO - Pretrained model available for epsilon 1.01, no training needed.
2025-05-14 13:03:17 - INFO - Pretrained model available for epsilon 4.51, no training needed.
2025-05-14 13:03:17 - INFO - Pretrained model available for epsilon 1e-05, no training needed.
2025-05-14 13:03:17 - INFO - Pretrained model available for epsilon 9.01, no training needed.
2025-05-14 13:03:17 - INFO - Pretrained model available for epsilon 9.51, no training needed.
2025-05-14 13:03:17 - INFO - Pretrained model available for epsilon 0.051, no training needed.
2025-05-14 13:03:17 - INFO - Setup for laplace_truedp ...
2025-05-14 13:03:17 - INFO - Pretrained model available for epsilon 0.81, no training needed.
2025-05-14 13:03:17 - INFO - Pretrained model available for epsilon 1.51, no training needed.
2025-05-14 13:03:17 - INFO - Pretrained model available for epsilon 0.71, no training needed.
2025-05-14 13:03:17 - INFO - Pretrained model available for epsilon 0.61, no training needed.
2025-05-14 13:03:17 - INFO - Pretrained model available for epsilon 1.41, no training needed.
2025-05-14 13:03:17 - INFO - Pretrained model available for epsilon 1e-05, no training needed.
2025-05-14 13:03:17 - INFO - Pretrained model available for epsilon 0.01, no training needed.
2025-05-14 13:03:17 - INFO - Pretrained model available for epsilon 0.021, no training needed.
2025-05-14 13:03:17 - INFO - Pretrained model available for epsilon 0.0001, no training needed.
2025-05-14 13:03:17 - INFO - Pretrained model available for epsilon 0.001, no training needed.
