nohup: ignoring input
2025-05-04 16:04:12 - INFO - Loading the dataset for laplace.
2025-05-04 16:04:25 - INFO - Starting with single beats dataset
2025-05-04 16:04:25 - INFO - Starting with epsilon: 1e-05
2025-05-04 16:04:38 - INFO - Starting with epsilon: 0.0001
2025-05-04 16:04:52 - INFO - Starting with epsilon: 0.001
2025-05-04 16:05:05 - INFO - Starting with epsilon: 0.01
2025-05-04 16:05:19 - INFO - Starting with epsilon: 0.021
2025-05-04 16:05:32 - INFO - Starting with epsilon: 0.031
2025-05-04 16:05:46 - INFO - Starting with epsilon: 0.041
2025-05-04 16:06:00 - INFO - Starting with epsilon: 0.051
2025-05-04 16:06:13 - INFO - Starting with epsilon: 0.061
2025-05-04 16:06:27 - INFO - Starting with epsilon: 0.071
2025-05-04 16:06:41 - INFO - Starting with epsilon: 0.081
2025-05-04 16:06:54 - INFO - Starting with epsilon: 0.091
2025-05-04 16:07:08 - INFO - Starting with epsilon: 0.11
2025-05-04 16:07:21 - INFO - Starting with epsilon: 0.21
2025-05-04 16:07:35 - INFO - Starting with epsilon: 0.31
2025-05-04 16:07:49 - INFO - Starting with epsilon: 0.41
2025-05-04 16:08:02 - INFO - Starting with epsilon: 0.51
2025-05-04 16:08:16 - INFO - Starting with epsilon: 0.61
2025-05-04 16:08:30 - INFO - Starting with epsilon: 0.71
2025-05-04 16:08:44 - INFO - Starting with epsilon: 0.81
2025-05-04 16:08:57 - INFO - Starting with epsilon: 0.91
2025-05-04 16:09:11 - INFO - Starting with epsilon: 1.01
2025-05-04 16:09:24 - INFO - Starting with epsilon: 1.11
2025-05-04 16:09:38 - INFO - Starting with epsilon: 1.21
2025-05-04 16:09:52 - INFO - Starting with epsilon: 1.31
2025-05-04 16:10:06 - INFO - Starting with epsilon: 1.41
2025-05-04 16:10:19 - INFO - Starting with epsilon: 1.51
2025-05-04 16:10:33 - INFO - Starting with epsilon: 1.61
2025-05-04 16:10:47 - INFO - Starting with epsilon: 1.71
2025-05-04 16:11:00 - INFO - Starting with epsilon: 1.81
2025-05-04 16:11:14 - INFO - Starting with epsilon: 1.91
2025-05-04 16:11:28 - INFO - Starting with epsilon: 2.01
2025-05-04 16:11:41 - INFO - Starting with epsilon: 2.11
2025-05-04 16:11:55 - INFO - Starting with epsilon: 2.21
2025-05-04 16:12:08 - INFO - Starting with epsilon: 2.31
2025-05-04 16:12:22 - INFO - Starting with epsilon: 2.41
2025-05-04 16:12:35 - INFO - Starting with epsilon: 2.51
2025-05-04 16:12:49 - INFO - Starting with epsilon: 2.61
2025-05-04 16:13:02 - INFO - Starting with epsilon: 2.71
2025-05-04 16:13:16 - INFO - Starting with epsilon: 2.81
2025-05-04 16:13:29 - INFO - Starting with epsilon: 2.91
2025-05-04 16:13:43 - INFO - Starting with epsilon: 3.01
2025-05-04 16:13:56 - INFO - Starting with epsilon: 3.11
2025-05-04 16:14:10 - INFO - Starting with epsilon: 3.21
2025-05-04 16:14:23 - INFO - Starting with epsilon: 3.31
2025-05-04 16:14:37 - INFO - Starting with epsilon: 3.41
2025-05-04 16:14:50 - INFO - Starting with epsilon: 3.51
2025-05-04 16:15:04 - INFO - Starting with epsilon: 3.61
2025-05-04 16:15:18 - INFO - Starting with epsilon: 3.71
2025-05-04 16:15:31 - INFO - Starting with epsilon: 3.81
2025-05-04 16:15:45 - INFO - Starting with epsilon: 3.91
2025-05-04 16:15:58 - INFO - Starting with epsilon: 4.01
2025-05-04 16:16:12 - INFO - Starting with epsilon: 4.11
2025-05-04 16:16:25 - INFO - Starting with epsilon: 4.21
2025-05-04 16:16:39 - INFO - Starting with epsilon: 4.31
2025-05-04 16:16:52 - INFO - Starting with epsilon: 4.41
2025-05-04 16:17:06 - INFO - Starting with epsilon: 4.51
2025-05-04 16:17:20 - INFO - Starting with epsilon: 4.61
2025-05-04 16:17:33 - INFO - Starting with epsilon: 4.71
2025-05-04 16:17:47 - INFO - Starting with epsilon: 4.81
2025-05-04 16:18:00 - INFO - Starting with epsilon: 4.91
2025-05-04 16:18:14 - INFO - Starting with epsilon: 5.01
2025-05-04 16:18:27 - INFO - Starting with epsilon: 5.11
2025-05-04 16:18:41 - INFO - Starting with epsilon: 5.21
2025-05-04 16:18:55 - INFO - Starting with epsilon: 5.31
2025-05-04 16:19:08 - INFO - Starting with epsilon: 5.41
2025-05-04 16:19:22 - INFO - Starting with epsilon: 5.51
2025-05-04 16:19:35 - INFO - Starting with epsilon: 5.61
2025-05-04 16:19:49 - INFO - Starting with epsilon: 5.71
2025-05-04 16:20:03 - INFO - Starting with epsilon: 5.81
2025-05-04 16:20:16 - INFO - Starting with epsilon: 5.91
2025-05-04 16:20:30 - INFO - Starting with epsilon: 6.01
2025-05-04 16:20:44 - INFO - Starting with epsilon: 6.11
2025-05-04 16:20:58 - INFO - Starting with epsilon: 6.21
2025-05-04 16:21:12 - INFO - Starting with epsilon: 6.31
2025-05-04 16:21:26 - INFO - Starting with epsilon: 6.41
2025-05-04 16:21:40 - INFO - Starting with epsilon: 6.51
2025-05-04 16:21:54 - INFO - Starting with epsilon: 6.61
2025-05-04 16:22:07 - INFO - Starting with epsilon: 6.71
2025-05-04 16:22:21 - INFO - Starting with epsilon: 6.81
2025-05-04 16:22:34 - INFO - Starting with epsilon: 6.91
2025-05-04 16:22:48 - INFO - Starting with epsilon: 7.01
2025-05-04 16:23:01 - INFO - Starting with epsilon: 7.11
2025-05-04 16:23:15 - INFO - Starting with epsilon: 7.21
2025-05-04 16:23:28 - INFO - Starting with epsilon: 7.31
2025-05-04 16:23:42 - INFO - Starting with epsilon: 7.41
2025-05-04 16:23:55 - INFO - Starting with epsilon: 7.51
2025-05-04 16:24:09 - INFO - Starting with epsilon: 7.61
2025-05-04 16:24:22 - INFO - Starting with epsilon: 7.71
2025-05-04 16:24:36 - INFO - Starting with epsilon: 7.81
2025-05-04 16:24:49 - INFO - Starting with epsilon: 7.91
2025-05-04 16:25:03 - INFO - Starting with epsilon: 8.01
2025-05-04 16:25:16 - INFO - Starting with epsilon: 8.11
2025-05-04 16:25:29 - INFO - Starting with epsilon: 8.21
2025-05-04 16:25:43 - INFO - Starting with epsilon: 8.31
2025-05-04 16:25:56 - INFO - Starting with epsilon: 8.41
2025-05-04 16:26:09 - INFO - Starting with epsilon: 8.51
2025-05-04 16:26:23 - INFO - Starting with epsilon: 8.61
2025-05-04 16:26:36 - INFO - Starting with epsilon: 8.71
2025-05-04 16:26:50 - INFO - Starting with epsilon: 8.81
2025-05-04 16:27:03 - INFO - Starting with epsilon: 8.91
2025-05-04 16:27:16 - INFO - Starting with epsilon: 9.01
2025-05-04 16:27:30 - INFO - Starting with epsilon: 9.11
2025-05-04 16:27:43 - INFO - Starting with epsilon: 9.21
2025-05-04 16:27:57 - INFO - Starting with epsilon: 9.31
2025-05-04 16:28:11 - INFO - Starting with epsilon: 9.41
2025-05-04 16:28:25 - INFO - Starting with epsilon: 9.51
2025-05-04 16:28:38 - INFO - Starting with epsilon: 9.61
2025-05-04 16:28:52 - INFO - Starting with epsilon: 9.71
2025-05-04 16:29:05 - INFO - Starting with epsilon: 9.81
2025-05-04 16:29:19 - INFO - Starting with epsilon: 9.91
2025-05-04 16:29:33 - INFO - Starting with epsilon: 10
2025-05-04 16:29:47 - INFO - Saving beats 5 min and 25 min for single beats with laplace
2025-05-04 16:29:47 - INFO - Saving beats 30 min for single beats with laplace
2025-05-04 16:30:00 - INFO - Starting with trio beats dataset
2025-05-04 16:30:00 - INFO - Starting with epsilon: 1e-05
2025-05-04 16:30:17 - INFO - Starting with epsilon: 0.0001
2025-05-04 16:30:31 - INFO - Starting with epsilon: 0.001
2025-05-04 16:30:45 - INFO - Starting with epsilon: 0.01
2025-05-04 16:30:58 - INFO - Starting with epsilon: 0.021
2025-05-04 16:31:12 - INFO - Starting with epsilon: 0.031
2025-05-04 16:31:26 - INFO - Starting with epsilon: 0.041
2025-05-04 16:31:40 - INFO - Starting with epsilon: 0.051
2025-05-04 16:31:54 - INFO - Starting with epsilon: 0.061
2025-05-04 16:32:08 - INFO - Starting with epsilon: 0.071
2025-05-04 16:32:22 - INFO - Starting with epsilon: 0.081
2025-05-04 16:32:36 - INFO - Starting with epsilon: 0.091
2025-05-04 16:32:50 - INFO - Starting with epsilon: 0.11
2025-05-04 16:33:04 - INFO - Starting with epsilon: 0.21
2025-05-04 16:33:18 - INFO - Starting with epsilon: 0.31
2025-05-04 16:33:32 - INFO - Starting with epsilon: 0.41
2025-05-04 16:33:46 - INFO - Starting with epsilon: 0.51
2025-05-04 16:33:59 - INFO - Starting with epsilon: 0.61
2025-05-04 16:34:13 - INFO - Starting with epsilon: 0.71
2025-05-04 16:34:27 - INFO - Starting with epsilon: 0.81
2025-05-04 16:34:40 - INFO - Starting with epsilon: 0.91
2025-05-04 16:34:54 - INFO - Starting with epsilon: 1.01
2025-05-04 16:35:08 - INFO - Starting with epsilon: 1.11
2025-05-04 16:35:21 - INFO - Starting with epsilon: 1.21
2025-05-04 16:35:35 - INFO - Starting with epsilon: 1.31
2025-05-04 16:35:49 - INFO - Starting with epsilon: 1.41
2025-05-04 16:36:02 - INFO - Starting with epsilon: 1.51
2025-05-04 16:36:16 - INFO - Starting with epsilon: 1.61
2025-05-04 16:36:30 - INFO - Starting with epsilon: 1.71
2025-05-04 16:36:44 - INFO - Starting with epsilon: 1.81
2025-05-04 16:36:57 - INFO - Starting with epsilon: 1.91
2025-05-04 16:37:11 - INFO - Starting with epsilon: 2.01
2025-05-04 16:37:25 - INFO - Starting with epsilon: 2.11
2025-05-04 16:37:38 - INFO - Starting with epsilon: 2.21
2025-05-04 16:37:52 - INFO - Starting with epsilon: 2.31
2025-05-04 16:38:06 - INFO - Starting with epsilon: 2.41
2025-05-04 16:38:19 - INFO - Starting with epsilon: 2.51
2025-05-04 16:38:33 - INFO - Starting with epsilon: 2.61
2025-05-04 16:38:47 - INFO - Starting with epsilon: 2.71
2025-05-04 16:39:01 - INFO - Starting with epsilon: 2.81
2025-05-04 16:39:14 - INFO - Starting with epsilon: 2.91
2025-05-04 16:39:28 - INFO - Starting with epsilon: 3.01
2025-05-04 16:39:42 - INFO - Starting with epsilon: 3.11
2025-05-04 16:39:56 - INFO - Starting with epsilon: 3.21
2025-05-04 16:40:09 - INFO - Starting with epsilon: 3.31
2025-05-04 16:40:23 - INFO - Starting with epsilon: 3.41
2025-05-04 16:40:37 - INFO - Starting with epsilon: 3.51
2025-05-04 16:40:50 - INFO - Starting with epsilon: 3.61
2025-05-04 16:41:04 - INFO - Starting with epsilon: 3.71
2025-05-04 16:41:18 - INFO - Starting with epsilon: 3.81
2025-05-04 16:41:32 - INFO - Starting with epsilon: 3.91
2025-05-04 16:41:46 - INFO - Starting with epsilon: 4.01
2025-05-04 16:42:00 - INFO - Starting with epsilon: 4.11
2025-05-04 16:42:14 - INFO - Starting with epsilon: 4.21
2025-05-04 16:42:28 - INFO - Starting with epsilon: 4.31
2025-05-04 16:42:42 - INFO - Starting with epsilon: 4.41
2025-05-04 16:42:56 - INFO - Starting with epsilon: 4.51
2025-05-04 16:43:09 - INFO - Starting with epsilon: 4.61
2025-05-04 16:43:23 - INFO - Starting with epsilon: 4.71
2025-05-04 16:43:37 - INFO - Starting with epsilon: 4.81
2025-05-04 16:43:51 - INFO - Starting with epsilon: 4.91
2025-05-04 16:44:05 - INFO - Starting with epsilon: 5.01
2025-05-04 16:44:18 - INFO - Starting with epsilon: 5.11
2025-05-04 16:44:32 - INFO - Starting with epsilon: 5.21
2025-05-04 16:44:46 - INFO - Starting with epsilon: 5.31
2025-05-04 16:45:00 - INFO - Starting with epsilon: 5.41
2025-05-04 16:45:14 - INFO - Starting with epsilon: 5.51
2025-05-04 16:45:27 - INFO - Starting with epsilon: 5.61
2025-05-04 16:45:41 - INFO - Starting with epsilon: 5.71
2025-05-04 16:45:55 - INFO - Starting with epsilon: 5.81
2025-05-04 16:46:09 - INFO - Starting with epsilon: 5.91
2025-05-04 16:46:23 - INFO - Starting with epsilon: 6.01
2025-05-04 16:46:37 - INFO - Starting with epsilon: 6.11
2025-05-04 16:46:50 - INFO - Starting with epsilon: 6.21
2025-05-04 16:47:04 - INFO - Starting with epsilon: 6.31
2025-05-04 16:47:18 - INFO - Starting with epsilon: 6.41
2025-05-04 16:47:32 - INFO - Starting with epsilon: 6.51
2025-05-04 16:47:46 - INFO - Starting with epsilon: 6.61
2025-05-04 16:48:00 - INFO - Starting with epsilon: 6.71
2025-05-04 16:48:14 - INFO - Starting with epsilon: 6.81
2025-05-04 16:48:28 - INFO - Starting with epsilon: 6.91
2025-05-04 16:48:41 - INFO - Starting with epsilon: 7.01
2025-05-04 16:48:55 - INFO - Starting with epsilon: 7.11
2025-05-04 16:49:09 - INFO - Starting with epsilon: 7.21
2025-05-04 16:49:23 - INFO - Starting with epsilon: 7.31
2025-05-04 16:49:37 - INFO - Starting with epsilon: 7.41
2025-05-04 16:49:51 - INFO - Starting with epsilon: 7.51
2025-05-04 16:50:05 - INFO - Starting with epsilon: 7.61
2025-05-04 16:50:19 - INFO - Starting with epsilon: 7.71
2025-05-04 16:50:32 - INFO - Starting with epsilon: 7.81
2025-05-04 16:50:46 - INFO - Starting with epsilon: 7.91
2025-05-04 16:51:00 - INFO - Starting with epsilon: 8.01
2025-05-04 16:51:14 - INFO - Starting with epsilon: 8.11
2025-05-04 16:51:27 - INFO - Starting with epsilon: 8.21
2025-05-04 16:51:41 - INFO - Starting with epsilon: 8.31
2025-05-04 16:51:55 - INFO - Starting with epsilon: 8.41
2025-05-04 16:52:09 - INFO - Starting with epsilon: 8.51
2025-05-04 16:52:23 - INFO - Starting with epsilon: 8.61
2025-05-04 16:52:36 - INFO - Starting with epsilon: 8.71
2025-05-04 16:52:50 - INFO - Starting with epsilon: 8.81
2025-05-04 16:53:04 - INFO - Starting with epsilon: 8.91
2025-05-04 16:53:18 - INFO - Starting with epsilon: 9.01
2025-05-04 16:53:32 - INFO - Starting with epsilon: 9.11
2025-05-04 16:53:46 - INFO - Starting with epsilon: 9.21
2025-05-04 16:54:00 - INFO - Starting with epsilon: 9.31
2025-05-04 16:54:13 - INFO - Starting with epsilon: 9.41
2025-05-04 16:54:27 - INFO - Starting with epsilon: 9.51
2025-05-04 16:54:41 - INFO - Starting with epsilon: 9.61
2025-05-04 16:54:55 - INFO - Starting with epsilon: 9.71
2025-05-04 16:55:09 - INFO - Starting with epsilon: 9.81
2025-05-04 16:55:23 - INFO - Starting with epsilon: 9.91
2025-05-04 16:55:37 - INFO - Starting with epsilon: 10
2025-05-04 16:55:51 - INFO - Saving beats 5 min and 25 min for trio beats with laplace
2025-05-04 16:55:51 - INFO - Saving beats 30 min for trio beats with laplace
2025-05-04 16:56:02 - INFO - Loading the dataset for bounded_n.
2025-05-04 16:57:30 - INFO - Starting with single beats dataset
2025-05-04 16:57:30 - INFO - Starting with epsilon: 1e-05
Traceback (most recent call last):
  File "/home/rbeck1_sw/miniconda3/envs/torch_dpl/lib/python3.8/runpy.py", line 194, in _run_module_as_main
    return _run_code(code, main_globals, None,
  File "/home/rbeck1_sw/miniconda3/envs/torch_dpl/lib/python3.8/runpy.py", line 87, in _run_code
    exec(code, run_globals)
  File "/home/rbeck1_sw/Zero-Shot-ECG/notebooks/step2_single_trio_beats.py", line 309, in <module>
    main()
  File "/home/rbeck1_sw/Zero-Shot-ECG/notebooks/step2_single_trio_beats.py", line 306, in main
    create_beats_split_minutes()
  File "/home/rbeck1_sw/Zero-Shot-ECG/notebooks/step2_single_trio_beats.py", line 293, in create_beats_split_minutes
    beat_data[epsilon] = get_beats(valid_patients, dict_signals[epsilon], rpeaks, labels, beat_trio = trio, centered=False, lr_offset=0.1)
KeyError: 1e-05
