nohup: ignoring input
2025-05-11 18:09:51 - INFO - Loading the dataset for laplace.
2025-05-11 18:10:03 - INFO - Starting with single beats dataset
2025-05-11 18:10:23 - INFO - Data for epsilon 1e-05 already exists. Skipping...
2025-05-11 18:10:23 - INFO - Data for epsilon 0.0001 already exists. Skipping...
2025-05-11 18:10:23 - INFO - Data for epsilon 0.001 already exists. Skipping...
2025-05-11 18:10:23 - INFO - Data for epsilon 0.01 already exists. Skipping...
2025-05-11 18:10:23 - INFO - Data for epsilon 0.021 already exists. Skipping...
2025-05-11 18:10:23 - INFO - Data for epsilon 0.031 already exists. Skipping...
2025-05-11 18:10:23 - INFO - Data for epsilon 0.041 already exists. Skipping...
2025-05-11 18:10:23 - INFO - Data for epsilon 0.051 already exists. Skipping...
2025-05-11 18:10:23 - INFO - Data for epsilon 0.061 already exists. Skipping...
2025-05-11 18:10:23 - INFO - Data for epsilon 0.071 already exists. Skipping...
2025-05-11 18:10:23 - INFO - Data for epsilon 0.081 already exists. Skipping...
2025-05-11 18:10:23 - INFO - Data for epsilon 0.091 already exists. Skipping...
2025-05-11 18:10:23 - INFO - Data for epsilon 0.11 already exists. Skipping...
2025-05-11 18:10:23 - INFO - Data for epsilon 0.21 already exists. Skipping...
2025-05-11 18:10:23 - INFO - Data for epsilon 0.31 already exists. Skipping...
2025-05-11 18:10:23 - INFO - Data for epsilon 0.41 already exists. Skipping...
2025-05-11 18:10:23 - INFO - Data for epsilon 0.51 already exists. Skipping...
2025-05-11 18:10:23 - INFO - Data for epsilon 0.61 already exists. Skipping...
2025-05-11 18:10:23 - INFO - Data for epsilon 0.71 already exists. Skipping...
2025-05-11 18:10:23 - INFO - Data for epsilon 0.81 already exists. Skipping...
2025-05-11 18:10:23 - INFO - Data for epsilon 0.91 already exists. Skipping...
2025-05-11 18:10:23 - INFO - Data for epsilon 1.01 already exists. Skipping...
2025-05-11 18:10:23 - INFO - Data for epsilon 1.11 already exists. Skipping...
2025-05-11 18:10:23 - INFO - Data for epsilon 1.21 already exists. Skipping...
2025-05-11 18:10:23 - INFO - Data for epsilon 1.31 already exists. Skipping...
2025-05-11 18:10:23 - INFO - Data for epsilon 1.41 already exists. Skipping...
2025-05-11 18:10:23 - INFO - Data for epsilon 1.51 already exists. Skipping...
2025-05-11 18:10:23 - INFO - Data for epsilon 1.61 already exists. Skipping...
2025-05-11 18:10:23 - INFO - Data for epsilon 1.71 already exists. Skipping...
2025-05-11 18:10:23 - INFO - Data for epsilon 1.81 already exists. Skipping...
2025-05-11 18:10:23 - INFO - Data for epsilon 1.91 already exists. Skipping...
2025-05-11 18:10:23 - INFO - Data for epsilon 2.01 already exists. Skipping...
2025-05-11 18:10:23 - INFO - Data for epsilon 2.11 already exists. Skipping...
2025-05-11 18:10:23 - INFO - Data for epsilon 2.21 already exists. Skipping...
2025-05-11 18:10:23 - INFO - Data for epsilon 2.31 already exists. Skipping...
2025-05-11 18:10:23 - INFO - Data for epsilon 2.41 already exists. Skipping...
2025-05-11 18:10:23 - INFO - Data for epsilon 2.51 already exists. Skipping...
2025-05-11 18:10:23 - INFO - Data for epsilon 2.61 already exists. Skipping...
2025-05-11 18:10:23 - INFO - Data for epsilon 2.71 already exists. Skipping...
2025-05-11 18:10:23 - INFO - Data for epsilon 2.81 already exists. Skipping...
2025-05-11 18:10:23 - INFO - Data for epsilon 2.91 already exists. Skipping...
2025-05-11 18:10:23 - INFO - Data for epsilon 3.01 already exists. Skipping...
2025-05-11 18:10:23 - INFO - Data for epsilon 3.11 already exists. Skipping...
2025-05-11 18:10:23 - INFO - Data for epsilon 3.21 already exists. Skipping...
2025-05-11 18:10:23 - INFO - Data for epsilon 3.31 already exists. Skipping...
2025-05-11 18:10:23 - INFO - Data for epsilon 3.41 already exists. Skipping...
2025-05-11 18:10:23 - INFO - Data for epsilon 3.51 already exists. Skipping...
2025-05-11 18:10:23 - INFO - Data for epsilon 3.61 already exists. Skipping...
2025-05-11 18:10:23 - INFO - Data for epsilon 3.71 already exists. Skipping...
2025-05-11 18:10:23 - INFO - Data for epsilon 3.81 already exists. Skipping...
2025-05-11 18:10:23 - INFO - Data for epsilon 3.91 already exists. Skipping...
2025-05-11 18:10:23 - INFO - Data for epsilon 4.01 already exists. Skipping...
2025-05-11 18:10:23 - INFO - Data for epsilon 4.11 already exists. Skipping...
2025-05-11 18:10:23 - INFO - Data for epsilon 4.21 already exists. Skipping...
2025-05-11 18:10:23 - INFO - Data for epsilon 4.31 already exists. Skipping...
2025-05-11 18:10:23 - INFO - Data for epsilon 4.41 already exists. Skipping...
2025-05-11 18:10:23 - INFO - Data for epsilon 4.51 already exists. Skipping...
2025-05-11 18:10:23 - INFO - Data for epsilon 4.61 already exists. Skipping...
2025-05-11 18:10:23 - INFO - Data for epsilon 4.71 already exists. Skipping...
2025-05-11 18:10:23 - INFO - Data for epsilon 4.81 already exists. Skipping...
2025-05-11 18:10:23 - INFO - Data for epsilon 4.91 already exists. Skipping...
2025-05-11 18:10:23 - INFO - Data for epsilon 5.01 already exists. Skipping...
2025-05-11 18:10:23 - INFO - Data for epsilon 5.11 already exists. Skipping...
2025-05-11 18:10:23 - INFO - Data for epsilon 5.21 already exists. Skipping...
2025-05-11 18:10:23 - INFO - Data for epsilon 5.31 already exists. Skipping...
2025-05-11 18:10:23 - INFO - Data for epsilon 5.41 already exists. Skipping...
2025-05-11 18:10:23 - INFO - Data for epsilon 5.51 already exists. Skipping...
2025-05-11 18:10:23 - INFO - Data for epsilon 5.61 already exists. Skipping...
2025-05-11 18:10:23 - INFO - Data for epsilon 5.71 already exists. Skipping...
2025-05-11 18:10:23 - INFO - Data for epsilon 5.81 already exists. Skipping...
2025-05-11 18:10:23 - INFO - Data for epsilon 5.91 already exists. Skipping...
2025-05-11 18:10:23 - INFO - Data for epsilon 6.01 already exists. Skipping...
2025-05-11 18:10:23 - INFO - Data for epsilon 6.11 already exists. Skipping...
2025-05-11 18:10:23 - INFO - Data for epsilon 6.21 already exists. Skipping...
2025-05-11 18:10:23 - INFO - Data for epsilon 6.31 already exists. Skipping...
2025-05-11 18:10:23 - INFO - Data for epsilon 6.41 already exists. Skipping...
2025-05-11 18:10:23 - INFO - Data for epsilon 6.51 already exists. Skipping...
2025-05-11 18:10:23 - INFO - Data for epsilon 6.61 already exists. Skipping...
2025-05-11 18:10:23 - INFO - Data for epsilon 6.71 already exists. Skipping...
2025-05-11 18:10:23 - INFO - Data for epsilon 6.81 already exists. Skipping...
2025-05-11 18:10:23 - INFO - Data for epsilon 6.91 already exists. Skipping...
2025-05-11 18:10:23 - INFO - Data for epsilon 7.01 already exists. Skipping...
2025-05-11 18:10:23 - INFO - Data for epsilon 7.11 already exists. Skipping...
2025-05-11 18:10:23 - INFO - Data for epsilon 7.21 already exists. Skipping...
2025-05-11 18:10:23 - INFO - Data for epsilon 7.31 already exists. Skipping...
2025-05-11 18:10:23 - INFO - Data for epsilon 7.41 already exists. Skipping...
2025-05-11 18:10:23 - INFO - Data for epsilon 7.51 already exists. Skipping...
2025-05-11 18:10:23 - INFO - Data for epsilon 7.61 already exists. Skipping...
2025-05-11 18:10:23 - INFO - Data for epsilon 7.71 already exists. Skipping...
2025-05-11 18:10:23 - INFO - Data for epsilon 7.81 already exists. Skipping...
2025-05-11 18:10:23 - INFO - Data for epsilon 7.91 already exists. Skipping...
2025-05-11 18:10:23 - INFO - Data for epsilon 8.01 already exists. Skipping...
2025-05-11 18:10:23 - INFO - Data for epsilon 8.11 already exists. Skipping...
2025-05-11 18:10:23 - INFO - Data for epsilon 8.21 already exists. Skipping...
2025-05-11 18:10:23 - INFO - Data for epsilon 8.31 already exists. Skipping...
2025-05-11 18:10:23 - INFO - Data for epsilon 8.41 already exists. Skipping...
2025-05-11 18:10:23 - INFO - Data for epsilon 8.51 already exists. Skipping...
2025-05-11 18:10:23 - INFO - Data for epsilon 8.61 already exists. Skipping...
2025-05-11 18:10:23 - INFO - Data for epsilon 8.71 already exists. Skipping...
2025-05-11 18:10:23 - INFO - Data for epsilon 8.81 already exists. Skipping...
2025-05-11 18:10:23 - INFO - Data for epsilon 8.91 already exists. Skipping...
2025-05-11 18:10:23 - INFO - Data for epsilon 9.01 already exists. Skipping...
2025-05-11 18:10:23 - INFO - Data for epsilon 9.11 already exists. Skipping...
2025-05-11 18:10:23 - INFO - Data for epsilon 9.21 already exists. Skipping...
2025-05-11 18:10:23 - INFO - Data for epsilon 9.31 already exists. Skipping...
2025-05-11 18:10:23 - INFO - Data for epsilon 9.41 already exists. Skipping...
2025-05-11 18:10:23 - INFO - Data for epsilon 9.51 already exists. Skipping...
2025-05-11 18:10:23 - INFO - Data for epsilon 9.61 already exists. Skipping...
2025-05-11 18:10:23 - INFO - Data for epsilon 9.71 already exists. Skipping...
2025-05-11 18:10:23 - INFO - Data for epsilon 9.81 already exists. Skipping...
2025-05-11 18:10:23 - INFO - Data for epsilon 9.91 already exists. Skipping...
2025-05-11 18:10:23 - INFO - Data for epsilon 10 already exists. Skipping...
2025-05-11 18:10:23 - INFO - Starting with trio beats dataset
2025-05-11 18:11:01 - INFO - Data for epsilon 1e-05 already exists. Skipping...
2025-05-11 18:11:01 - INFO - Data for epsilon 0.0001 already exists. Skipping...
2025-05-11 18:11:01 - INFO - Data for epsilon 0.001 already exists. Skipping...
2025-05-11 18:11:01 - INFO - Data for epsilon 0.01 already exists. Skipping...
2025-05-11 18:11:01 - INFO - Data for epsilon 0.021 already exists. Skipping...
2025-05-11 18:11:01 - INFO - Data for epsilon 0.031 already exists. Skipping...
2025-05-11 18:11:01 - INFO - Data for epsilon 0.041 already exists. Skipping...
2025-05-11 18:11:01 - INFO - Data for epsilon 0.051 already exists. Skipping...
2025-05-11 18:11:01 - INFO - Data for epsilon 0.061 already exists. Skipping...
2025-05-11 18:11:01 - INFO - Data for epsilon 0.071 already exists. Skipping...
2025-05-11 18:11:01 - INFO - Data for epsilon 0.081 already exists. Skipping...
2025-05-11 18:11:01 - INFO - Data for epsilon 0.091 already exists. Skipping...
2025-05-11 18:11:01 - INFO - Data for epsilon 0.11 already exists. Skipping...
2025-05-11 18:11:01 - INFO - Data for epsilon 0.21 already exists. Skipping...
2025-05-11 18:11:01 - INFO - Data for epsilon 0.31 already exists. Skipping...
2025-05-11 18:11:01 - INFO - Data for epsilon 0.41 already exists. Skipping...
2025-05-11 18:11:01 - INFO - Data for epsilon 0.51 already exists. Skipping...
2025-05-11 18:11:01 - INFO - Data for epsilon 0.61 already exists. Skipping...
2025-05-11 18:11:01 - INFO - Data for epsilon 0.71 already exists. Skipping...
2025-05-11 18:11:01 - INFO - Data for epsilon 0.81 already exists. Skipping...
2025-05-11 18:11:01 - INFO - Data for epsilon 0.91 already exists. Skipping...
2025-05-11 18:11:01 - INFO - Data for epsilon 1.01 already exists. Skipping...
2025-05-11 18:11:01 - INFO - Data for epsilon 1.11 already exists. Skipping...
2025-05-11 18:11:01 - INFO - Data for epsilon 1.21 already exists. Skipping...
2025-05-11 18:11:01 - INFO - Data for epsilon 1.31 already exists. Skipping...
2025-05-11 18:11:01 - INFO - Data for epsilon 1.41 already exists. Skipping...
2025-05-11 18:11:01 - INFO - Data for epsilon 1.51 already exists. Skipping...
2025-05-11 18:11:01 - INFO - Data for epsilon 1.61 already exists. Skipping...
2025-05-11 18:11:01 - INFO - Data for epsilon 1.71 already exists. Skipping...
2025-05-11 18:11:01 - INFO - Data for epsilon 1.81 already exists. Skipping...
2025-05-11 18:11:01 - INFO - Data for epsilon 1.91 already exists. Skipping...
2025-05-11 18:11:01 - INFO - Data for epsilon 2.01 already exists. Skipping...
2025-05-11 18:11:01 - INFO - Data for epsilon 2.11 already exists. Skipping...
2025-05-11 18:11:01 - INFO - Data for epsilon 2.21 already exists. Skipping...
2025-05-11 18:11:01 - INFO - Data for epsilon 2.31 already exists. Skipping...
2025-05-11 18:11:01 - INFO - Data for epsilon 2.41 already exists. Skipping...
2025-05-11 18:11:01 - INFO - Data for epsilon 2.51 already exists. Skipping...
2025-05-11 18:11:01 - INFO - Data for epsilon 2.61 already exists. Skipping...
2025-05-11 18:11:01 - INFO - Data for epsilon 2.71 already exists. Skipping...
2025-05-11 18:11:01 - INFO - Data for epsilon 2.81 already exists. Skipping...
2025-05-11 18:11:01 - INFO - Data for epsilon 2.91 already exists. Skipping...
2025-05-11 18:11:01 - INFO - Data for epsilon 3.01 already exists. Skipping...
2025-05-11 18:11:01 - INFO - Data for epsilon 3.11 already exists. Skipping...
2025-05-11 18:11:01 - INFO - Data for epsilon 3.21 already exists. Skipping...
2025-05-11 18:11:01 - INFO - Data for epsilon 3.31 already exists. Skipping...
2025-05-11 18:11:01 - INFO - Data for epsilon 3.41 already exists. Skipping...
2025-05-11 18:11:01 - INFO - Data for epsilon 3.51 already exists. Skipping...
2025-05-11 18:11:01 - INFO - Data for epsilon 3.61 already exists. Skipping...
2025-05-11 18:11:01 - INFO - Data for epsilon 3.71 already exists. Skipping...
2025-05-11 18:11:01 - INFO - Data for epsilon 3.81 already exists. Skipping...
2025-05-11 18:11:01 - INFO - Data for epsilon 3.91 already exists. Skipping...
2025-05-11 18:11:01 - INFO - Data for epsilon 4.01 already exists. Skipping...
2025-05-11 18:11:01 - INFO - Data for epsilon 4.11 already exists. Skipping...
2025-05-11 18:11:01 - INFO - Data for epsilon 4.21 already exists. Skipping...
2025-05-11 18:11:01 - INFO - Data for epsilon 4.31 already exists. Skipping...
2025-05-11 18:11:01 - INFO - Data for epsilon 4.41 already exists. Skipping...
2025-05-11 18:11:01 - INFO - Data for epsilon 4.51 already exists. Skipping...
2025-05-11 18:11:01 - INFO - Data for epsilon 4.61 already exists. Skipping...
2025-05-11 18:11:01 - INFO - Data for epsilon 4.71 already exists. Skipping...
2025-05-11 18:11:01 - INFO - Data for epsilon 4.81 already exists. Skipping...
2025-05-11 18:11:01 - INFO - Data for epsilon 4.91 already exists. Skipping...
2025-05-11 18:11:01 - INFO - Data for epsilon 5.01 already exists. Skipping...
2025-05-11 18:11:01 - INFO - Data for epsilon 5.11 already exists. Skipping...
2025-05-11 18:11:01 - INFO - Data for epsilon 5.21 already exists. Skipping...
2025-05-11 18:11:01 - INFO - Data for epsilon 5.31 already exists. Skipping...
2025-05-11 18:11:01 - INFO - Data for epsilon 5.41 already exists. Skipping...
2025-05-11 18:11:01 - INFO - Data for epsilon 5.51 already exists. Skipping...
2025-05-11 18:11:01 - INFO - Data for epsilon 5.61 already exists. Skipping...
2025-05-11 18:11:01 - INFO - Data for epsilon 5.71 already exists. Skipping...
2025-05-11 18:11:01 - INFO - Data for epsilon 5.81 already exists. Skipping...
2025-05-11 18:11:01 - INFO - Data for epsilon 5.91 already exists. Skipping...
2025-05-11 18:11:01 - INFO - Data for epsilon 6.01 already exists. Skipping...
2025-05-11 18:11:01 - INFO - Data for epsilon 6.11 already exists. Skipping...
2025-05-11 18:11:01 - INFO - Data for epsilon 6.21 already exists. Skipping...
2025-05-11 18:11:01 - INFO - Data for epsilon 6.31 already exists. Skipping...
2025-05-11 18:11:01 - INFO - Data for epsilon 6.41 already exists. Skipping...
2025-05-11 18:11:01 - INFO - Data for epsilon 6.51 already exists. Skipping...
2025-05-11 18:11:01 - INFO - Data for epsilon 6.61 already exists. Skipping...
2025-05-11 18:11:01 - INFO - Data for epsilon 6.71 already exists. Skipping...
2025-05-11 18:11:01 - INFO - Data for epsilon 6.81 already exists. Skipping...
2025-05-11 18:11:01 - INFO - Data for epsilon 6.91 already exists. Skipping...
2025-05-11 18:11:01 - INFO - Data for epsilon 7.01 already exists. Skipping...
2025-05-11 18:11:01 - INFO - Data for epsilon 7.11 already exists. Skipping...
2025-05-11 18:11:01 - INFO - Data for epsilon 7.21 already exists. Skipping...
2025-05-11 18:11:01 - INFO - Data for epsilon 7.31 already exists. Skipping...
2025-05-11 18:11:01 - INFO - Data for epsilon 7.41 already exists. Skipping...
2025-05-11 18:11:01 - INFO - Data for epsilon 7.51 already exists. Skipping...
2025-05-11 18:11:01 - INFO - Data for epsilon 7.61 already exists. Skipping...
2025-05-11 18:11:01 - INFO - Data for epsilon 7.71 already exists. Skipping...
2025-05-11 18:11:01 - INFO - Data for epsilon 7.81 already exists. Skipping...
2025-05-11 18:11:01 - INFO - Data for epsilon 7.91 already exists. Skipping...
2025-05-11 18:11:01 - INFO - Data for epsilon 8.01 already exists. Skipping...
2025-05-11 18:11:01 - INFO - Data for epsilon 8.11 already exists. Skipping...
2025-05-11 18:11:01 - INFO - Data for epsilon 8.21 already exists. Skipping...
2025-05-11 18:11:01 - INFO - Data for epsilon 8.31 already exists. Skipping...
2025-05-11 18:11:01 - INFO - Data for epsilon 8.41 already exists. Skipping...
2025-05-11 18:11:01 - INFO - Data for epsilon 8.51 already exists. Skipping...
2025-05-11 18:11:01 - INFO - Data for epsilon 8.61 already exists. Skipping...
2025-05-11 18:11:01 - INFO - Data for epsilon 8.71 already exists. Skipping...
2025-05-11 18:11:01 - INFO - Data for epsilon 8.81 already exists. Skipping...
2025-05-11 18:11:01 - INFO - Data for epsilon 8.91 already exists. Skipping...
2025-05-11 18:11:01 - INFO - Data for epsilon 9.01 already exists. Skipping...
2025-05-11 18:11:01 - INFO - Data for epsilon 9.11 already exists. Skipping...
2025-05-11 18:11:01 - INFO - Data for epsilon 9.21 already exists. Skipping...
2025-05-11 18:11:01 - INFO - Data for epsilon 9.31 already exists. Skipping...
2025-05-11 18:11:01 - INFO - Data for epsilon 9.41 already exists. Skipping...
2025-05-11 18:11:01 - INFO - Data for epsilon 9.51 already exists. Skipping...
2025-05-11 18:11:01 - INFO - Data for epsilon 9.61 already exists. Skipping...
2025-05-11 18:11:01 - INFO - Data for epsilon 9.71 already exists. Skipping...
2025-05-11 18:11:01 - INFO - Data for epsilon 9.81 already exists. Skipping...
2025-05-11 18:11:01 - INFO - Data for epsilon 9.91 already exists. Skipping...
2025-05-11 18:11:01 - INFO - Data for epsilon 10 already exists. Skipping...
2025-05-11 18:11:01 - INFO - Loading the dataset for bounded_n.
2025-05-11 18:12:00 - INFO - Starting with single beats dataset
2025-05-11 18:12:36 - INFO - Data for epsilon 0.01 already exists. Skipping...
2025-05-11 18:12:36 - INFO - Data for epsilon 0.021 already exists. Skipping...
2025-05-11 18:12:36 - INFO - Data for epsilon 0.031 already exists. Skipping...
2025-05-11 18:12:36 - INFO - Data for epsilon 0.041 already exists. Skipping...
2025-05-11 18:12:36 - INFO - Data for epsilon 0.051 already exists. Skipping...
2025-05-11 18:12:36 - INFO - Data for epsilon 0.061 already exists. Skipping...
2025-05-11 18:12:36 - INFO - Data for epsilon 0.071 already exists. Skipping...
2025-05-11 18:12:36 - INFO - Data for epsilon 0.081 already exists. Skipping...
2025-05-11 18:12:36 - INFO - Data for epsilon 0.091 already exists. Skipping...
2025-05-11 18:12:36 - INFO - Data for epsilon 0.11 already exists. Skipping...
2025-05-11 18:12:36 - INFO - Data for epsilon 0.21 already exists. Skipping...
2025-05-11 18:12:36 - INFO - Data for epsilon 0.31 already exists. Skipping...
2025-05-11 18:12:36 - INFO - Data for epsilon 0.41 already exists. Skipping...
2025-05-11 18:12:36 - INFO - Data for epsilon 0.51 already exists. Skipping...
2025-05-11 18:12:36 - INFO - Data for epsilon 0.61 already exists. Skipping...
2025-05-11 18:12:36 - INFO - Data for epsilon 0.71 already exists. Skipping...
2025-05-11 18:12:36 - INFO - Data for epsilon 0.81 already exists. Skipping...
2025-05-11 18:12:36 - INFO - Data for epsilon 0.91 already exists. Skipping...
2025-05-11 18:12:36 - INFO - Data for epsilon 1.01 already exists. Skipping...
2025-05-11 18:12:36 - INFO - Data for epsilon 1.11 already exists. Skipping...
2025-05-11 18:12:36 - INFO - Data for epsilon 1.21 already exists. Skipping...
2025-05-11 18:12:36 - INFO - Data for epsilon 1.31 already exists. Skipping...
2025-05-11 18:12:36 - INFO - Data for epsilon 1.41 already exists. Skipping...
2025-05-11 18:12:36 - INFO - Data for epsilon 1.51 already exists. Skipping...
2025-05-11 18:12:36 - INFO - Data for epsilon 1.61 already exists. Skipping...
2025-05-11 18:12:36 - INFO - Data for epsilon 1.71 already exists. Skipping...
2025-05-11 18:12:36 - INFO - Data for epsilon 1.81 already exists. Skipping...
2025-05-11 18:12:36 - INFO - Data for epsilon 1.91 already exists. Skipping...
2025-05-11 18:12:36 - INFO - Data for epsilon 2.01 already exists. Skipping...
2025-05-11 18:12:36 - INFO - Data for epsilon 2.11 already exists. Skipping...
2025-05-11 18:12:36 - INFO - Data for epsilon 2.21 already exists. Skipping...
2025-05-11 18:12:36 - INFO - Data for epsilon 2.31 already exists. Skipping...
2025-05-11 18:12:36 - INFO - Data for epsilon 2.41 already exists. Skipping...
2025-05-11 18:12:36 - INFO - Data for epsilon 2.51 already exists. Skipping...
2025-05-11 18:12:36 - INFO - Data for epsilon 2.61 already exists. Skipping...
2025-05-11 18:12:36 - INFO - Data for epsilon 2.71 already exists. Skipping...
2025-05-11 18:12:36 - INFO - Data for epsilon 2.81 already exists. Skipping...
2025-05-11 18:12:36 - INFO - Data for epsilon 2.91 already exists. Skipping...
2025-05-11 18:12:36 - INFO - Data for epsilon 3.01 already exists. Skipping...
2025-05-11 18:12:36 - INFO - Data for epsilon 3.11 already exists. Skipping...
2025-05-11 18:12:36 - INFO - Data for epsilon 3.21 already exists. Skipping...
2025-05-11 18:12:36 - INFO - Data for epsilon 3.31 already exists. Skipping...
2025-05-11 18:12:36 - INFO - Data for epsilon 3.41 already exists. Skipping...
2025-05-11 18:12:36 - INFO - Data for epsilon 3.51 already exists. Skipping...
2025-05-11 18:12:36 - INFO - Data for epsilon 3.61 already exists. Skipping...
2025-05-11 18:12:36 - INFO - Data for epsilon 3.71 already exists. Skipping...
2025-05-11 18:12:36 - INFO - Data for epsilon 3.81 already exists. Skipping...
2025-05-11 18:12:36 - INFO - Data for epsilon 3.91 already exists. Skipping...
2025-05-11 18:12:36 - INFO - Data for epsilon 4.01 already exists. Skipping...
2025-05-11 18:12:36 - INFO - Data for epsilon 4.11 already exists. Skipping...
2025-05-11 18:12:36 - INFO - Data for epsilon 4.21 already exists. Skipping...
2025-05-11 18:12:36 - INFO - Data for epsilon 4.31 already exists. Skipping...
2025-05-11 18:12:36 - INFO - Data for epsilon 4.41 already exists. Skipping...
2025-05-11 18:12:36 - INFO - Data for epsilon 4.51 already exists. Skipping...
2025-05-11 18:12:36 - INFO - Data for epsilon 4.61 already exists. Skipping...
2025-05-11 18:12:36 - INFO - Data for epsilon 4.71 already exists. Skipping...
2025-05-11 18:12:36 - INFO - Data for epsilon 4.81 already exists. Skipping...
2025-05-11 18:12:36 - INFO - Data for epsilon 4.91 already exists. Skipping...
2025-05-11 18:12:36 - INFO - Data for epsilon 5.01 already exists. Skipping...
2025-05-11 18:12:36 - INFO - Data for epsilon 5.11 already exists. Skipping...
2025-05-11 18:12:36 - INFO - Data for epsilon 5.21 already exists. Skipping...
2025-05-11 18:12:36 - INFO - Data for epsilon 5.31 already exists. Skipping...
2025-05-11 18:12:36 - INFO - Data for epsilon 5.41 already exists. Skipping...
2025-05-11 18:12:36 - INFO - Data for epsilon 5.51 already exists. Skipping...
2025-05-11 18:12:36 - INFO - Data for epsilon 5.61 already exists. Skipping...
2025-05-11 18:12:36 - INFO - Data for epsilon 5.71 already exists. Skipping...
2025-05-11 18:12:36 - INFO - Data for epsilon 5.81 already exists. Skipping...
2025-05-11 18:12:36 - INFO - Data for epsilon 5.91 already exists. Skipping...
2025-05-11 18:12:36 - INFO - Data for epsilon 6.01 already exists. Skipping...
2025-05-11 18:12:36 - INFO - Data for epsilon 6.11 already exists. Skipping...
2025-05-11 18:12:36 - INFO - Data for epsilon 6.21 already exists. Skipping...
2025-05-11 18:12:36 - INFO - Data for epsilon 6.31 already exists. Skipping...
2025-05-11 18:12:36 - INFO - Data for epsilon 6.41 already exists. Skipping...
2025-05-11 18:12:36 - INFO - Data for epsilon 6.51 already exists. Skipping...
2025-05-11 18:12:36 - INFO - Data for epsilon 6.61 already exists. Skipping...
2025-05-11 18:12:36 - INFO - Data for epsilon 6.71 already exists. Skipping...
2025-05-11 18:12:36 - INFO - Data for epsilon 6.81 already exists. Skipping...
2025-05-11 18:12:36 - INFO - Data for epsilon 6.91 already exists. Skipping...
2025-05-11 18:12:36 - INFO - Data for epsilon 7.01 already exists. Skipping...
2025-05-11 18:12:36 - INFO - Data for epsilon 7.11 already exists. Skipping...
2025-05-11 18:12:36 - INFO - Data for epsilon 7.21 already exists. Skipping...
2025-05-11 18:12:36 - INFO - Data for epsilon 7.31 already exists. Skipping...
2025-05-11 18:12:36 - INFO - Data for epsilon 7.41 already exists. Skipping...
2025-05-11 18:12:36 - INFO - Data for epsilon 7.51 already exists. Skipping...
2025-05-11 18:12:36 - INFO - Data for epsilon 7.61 already exists. Skipping...
2025-05-11 18:12:36 - INFO - Data for epsilon 7.71 already exists. Skipping...
2025-05-11 18:12:36 - INFO - Data for epsilon 7.81 already exists. Skipping...
2025-05-11 18:12:36 - INFO - Data for epsilon 7.91 already exists. Skipping...
2025-05-11 18:12:36 - INFO - Data for epsilon 8.01 already exists. Skipping...
2025-05-11 18:12:36 - INFO - Data for epsilon 8.11 already exists. Skipping...
2025-05-11 18:12:36 - INFO - Data for epsilon 8.21 already exists. Skipping...
2025-05-11 18:12:36 - INFO - Data for epsilon 8.31 already exists. Skipping...
2025-05-11 18:12:36 - INFO - Data for epsilon 8.41 already exists. Skipping...
2025-05-11 18:12:36 - INFO - Data for epsilon 8.51 already exists. Skipping...
2025-05-11 18:12:36 - INFO - Data for epsilon 8.61 already exists. Skipping...
2025-05-11 18:12:36 - INFO - Data for epsilon 8.71 already exists. Skipping...
2025-05-11 18:12:36 - INFO - Data for epsilon 8.81 already exists. Skipping...
2025-05-11 18:12:36 - INFO - Data for epsilon 8.91 already exists. Skipping...
2025-05-11 18:12:36 - INFO - Data for epsilon 9.01 already exists. Skipping...
2025-05-11 18:12:36 - INFO - Data for epsilon 9.11 already exists. Skipping...
2025-05-11 18:12:36 - INFO - Data for epsilon 9.21 already exists. Skipping...
2025-05-11 18:12:36 - INFO - Data for epsilon 9.31 already exists. Skipping...
2025-05-11 18:12:36 - INFO - Data for epsilon 9.41 already exists. Skipping...
2025-05-11 18:12:36 - INFO - Data for epsilon 9.51 already exists. Skipping...
2025-05-11 18:12:36 - INFO - Data for epsilon 9.61 already exists. Skipping...
2025-05-11 18:12:36 - INFO - Data for epsilon 9.71 already exists. Skipping...
2025-05-11 18:12:36 - INFO - Data for epsilon 9.81 already exists. Skipping...
2025-05-11 18:12:36 - INFO - Data for epsilon 9.91 already exists. Skipping...
2025-05-11 18:12:36 - INFO - Data for epsilon 10 already exists. Skipping...
2025-05-11 18:12:36 - INFO - Starting with trio beats dataset
2025-05-11 18:13:09 - INFO - Data for epsilon 0.01 already exists. Skipping...
2025-05-11 18:13:09 - INFO - Data for epsilon 0.021 already exists. Skipping...
2025-05-11 18:13:09 - INFO - Data for epsilon 0.031 already exists. Skipping...
2025-05-11 18:13:09 - INFO - Data for epsilon 0.041 already exists. Skipping...
2025-05-11 18:13:09 - INFO - Data for epsilon 0.051 already exists. Skipping...
2025-05-11 18:13:09 - INFO - Data for epsilon 0.061 already exists. Skipping...
2025-05-11 18:13:09 - INFO - Data for epsilon 0.071 already exists. Skipping...
2025-05-11 18:13:09 - INFO - Data for epsilon 0.081 already exists. Skipping...
2025-05-11 18:13:09 - INFO - Data for epsilon 0.091 already exists. Skipping...
2025-05-11 18:13:09 - INFO - Data for epsilon 0.11 already exists. Skipping...
2025-05-11 18:13:09 - INFO - Data for epsilon 0.21 already exists. Skipping...
2025-05-11 18:13:09 - INFO - Data for epsilon 0.31 already exists. Skipping...
2025-05-11 18:13:09 - INFO - Data for epsilon 0.41 already exists. Skipping...
2025-05-11 18:13:09 - INFO - Data for epsilon 0.51 already exists. Skipping...
2025-05-11 18:13:09 - INFO - Data for epsilon 0.61 already exists. Skipping...
2025-05-11 18:13:09 - INFO - Data for epsilon 0.71 already exists. Skipping...
2025-05-11 18:13:09 - INFO - Data for epsilon 0.81 already exists. Skipping...
2025-05-11 18:13:09 - INFO - Data for epsilon 0.91 already exists. Skipping...
2025-05-11 18:13:09 - INFO - Data for epsilon 1.01 already exists. Skipping...
2025-05-11 18:13:09 - INFO - Data for epsilon 1.11 already exists. Skipping...
2025-05-11 18:13:09 - INFO - Data for epsilon 1.21 already exists. Skipping...
2025-05-11 18:13:09 - INFO - Data for epsilon 1.31 already exists. Skipping...
2025-05-11 18:13:09 - INFO - Data for epsilon 1.41 already exists. Skipping...
2025-05-11 18:13:09 - INFO - Data for epsilon 1.51 already exists. Skipping...
2025-05-11 18:13:09 - INFO - Data for epsilon 1.61 already exists. Skipping...
2025-05-11 18:13:09 - INFO - Data for epsilon 1.71 already exists. Skipping...
2025-05-11 18:13:09 - INFO - Data for epsilon 1.81 already exists. Skipping...
2025-05-11 18:13:09 - INFO - Data for epsilon 1.91 already exists. Skipping...
2025-05-11 18:13:09 - INFO - Data for epsilon 2.01 already exists. Skipping...
2025-05-11 18:13:09 - INFO - Data for epsilon 2.11 already exists. Skipping...
2025-05-11 18:13:09 - INFO - Data for epsilon 2.21 already exists. Skipping...
2025-05-11 18:13:09 - INFO - Data for epsilon 2.31 already exists. Skipping...
2025-05-11 18:13:09 - INFO - Data for epsilon 2.41 already exists. Skipping...
2025-05-11 18:13:09 - INFO - Data for epsilon 2.51 already exists. Skipping...
2025-05-11 18:13:09 - INFO - Data for epsilon 2.61 already exists. Skipping...
2025-05-11 18:13:09 - INFO - Data for epsilon 2.71 already exists. Skipping...
2025-05-11 18:13:09 - INFO - Data for epsilon 2.81 already exists. Skipping...
2025-05-11 18:13:09 - INFO - Data for epsilon 2.91 already exists. Skipping...
2025-05-11 18:13:09 - INFO - Data for epsilon 3.01 already exists. Skipping...
2025-05-11 18:13:09 - INFO - Data for epsilon 3.11 already exists. Skipping...
2025-05-11 18:13:09 - INFO - Data for epsilon 3.21 already exists. Skipping...
2025-05-11 18:13:09 - INFO - Data for epsilon 3.31 already exists. Skipping...
2025-05-11 18:13:09 - INFO - Data for epsilon 3.41 already exists. Skipping...
2025-05-11 18:13:09 - INFO - Data for epsilon 3.51 already exists. Skipping...
2025-05-11 18:13:09 - INFO - Data for epsilon 3.61 already exists. Skipping...
2025-05-11 18:13:09 - INFO - Data for epsilon 3.71 already exists. Skipping...
2025-05-11 18:13:09 - INFO - Data for epsilon 3.81 already exists. Skipping...
2025-05-11 18:13:09 - INFO - Data for epsilon 3.91 already exists. Skipping...
2025-05-11 18:13:09 - INFO - Data for epsilon 4.01 already exists. Skipping...
2025-05-11 18:13:09 - INFO - Data for epsilon 4.11 already exists. Skipping...
2025-05-11 18:13:09 - INFO - Data for epsilon 4.21 already exists. Skipping...
2025-05-11 18:13:09 - INFO - Data for epsilon 4.31 already exists. Skipping...
2025-05-11 18:13:09 - INFO - Data for epsilon 4.41 already exists. Skipping...
2025-05-11 18:13:09 - INFO - Data for epsilon 4.51 already exists. Skipping...
2025-05-11 18:13:09 - INFO - Data for epsilon 4.61 already exists. Skipping...
2025-05-11 18:13:09 - INFO - Data for epsilon 4.71 already exists. Skipping...
2025-05-11 18:13:09 - INFO - Data for epsilon 4.81 already exists. Skipping...
2025-05-11 18:13:09 - INFO - Data for epsilon 4.91 already exists. Skipping...
2025-05-11 18:13:09 - INFO - Data for epsilon 5.01 already exists. Skipping...
2025-05-11 18:13:09 - INFO - Data for epsilon 5.11 already exists. Skipping...
2025-05-11 18:13:09 - INFO - Data for epsilon 5.21 already exists. Skipping...
2025-05-11 18:13:09 - INFO - Data for epsilon 5.31 already exists. Skipping...
2025-05-11 18:13:09 - INFO - Data for epsilon 5.41 already exists. Skipping...
2025-05-11 18:13:09 - INFO - Data for epsilon 5.51 already exists. Skipping...
2025-05-11 18:13:09 - INFO - Data for epsilon 5.61 already exists. Skipping...
2025-05-11 18:13:09 - INFO - Data for epsilon 5.71 already exists. Skipping...
2025-05-11 18:13:09 - INFO - Data for epsilon 5.81 already exists. Skipping...
2025-05-11 18:13:09 - INFO - Data for epsilon 5.91 already exists. Skipping...
2025-05-11 18:13:09 - INFO - Data for epsilon 6.01 already exists. Skipping...
2025-05-11 18:13:09 - INFO - Data for epsilon 6.11 already exists. Skipping...
2025-05-11 18:13:09 - INFO - Data for epsilon 6.21 already exists. Skipping...
2025-05-11 18:13:09 - INFO - Data for epsilon 6.31 already exists. Skipping...
2025-05-11 18:13:09 - INFO - Data for epsilon 6.41 already exists. Skipping...
2025-05-11 18:13:09 - INFO - Data for epsilon 6.51 already exists. Skipping...
2025-05-11 18:13:09 - INFO - Data for epsilon 6.61 already exists. Skipping...
2025-05-11 18:13:09 - INFO - Data for epsilon 6.71 already exists. Skipping...
2025-05-11 18:13:09 - INFO - Data for epsilon 6.81 already exists. Skipping...
2025-05-11 18:13:09 - INFO - Data for epsilon 6.91 already exists. Skipping...
2025-05-11 18:13:09 - INFO - Data for epsilon 7.01 already exists. Skipping...
2025-05-11 18:13:09 - INFO - Data for epsilon 7.11 already exists. Skipping...
2025-05-11 18:13:09 - INFO - Data for epsilon 7.21 already exists. Skipping...
2025-05-11 18:13:09 - INFO - Data for epsilon 7.31 already exists. Skipping...
2025-05-11 18:13:09 - INFO - Data for epsilon 7.41 already exists. Skipping...
2025-05-11 18:13:09 - INFO - Data for epsilon 7.51 already exists. Skipping...
2025-05-11 18:13:09 - INFO - Data for epsilon 7.61 already exists. Skipping...
2025-05-11 18:13:09 - INFO - Data for epsilon 7.71 already exists. Skipping...
2025-05-11 18:13:09 - INFO - Data for epsilon 7.81 already exists. Skipping...
2025-05-11 18:13:09 - INFO - Data for epsilon 7.91 already exists. Skipping...
2025-05-11 18:13:09 - INFO - Data for epsilon 8.01 already exists. Skipping...
2025-05-11 18:13:09 - INFO - Data for epsilon 8.11 already exists. Skipping...
2025-05-11 18:13:09 - INFO - Data for epsilon 8.21 already exists. Skipping...
2025-05-11 18:13:09 - INFO - Data for epsilon 8.31 already exists. Skipping...
2025-05-11 18:13:09 - INFO - Data for epsilon 8.41 already exists. Skipping...
2025-05-11 18:13:09 - INFO - Data for epsilon 8.51 already exists. Skipping...
2025-05-11 18:13:09 - INFO - Data for epsilon 8.61 already exists. Skipping...
2025-05-11 18:13:09 - INFO - Data for epsilon 8.71 already exists. Skipping...
2025-05-11 18:13:09 - INFO - Data for epsilon 8.81 already exists. Skipping...
2025-05-11 18:13:09 - INFO - Data for epsilon 8.91 already exists. Skipping...
2025-05-11 18:13:09 - INFO - Data for epsilon 9.01 already exists. Skipping...
2025-05-11 18:13:09 - INFO - Data for epsilon 9.11 already exists. Skipping...
2025-05-11 18:13:09 - INFO - Data for epsilon 9.21 already exists. Skipping...
2025-05-11 18:13:09 - INFO - Data for epsilon 9.31 already exists. Skipping...
2025-05-11 18:13:09 - INFO - Data for epsilon 9.41 already exists. Skipping...
2025-05-11 18:13:09 - INFO - Data for epsilon 9.51 already exists. Skipping...
2025-05-11 18:13:09 - INFO - Data for epsilon 9.61 already exists. Skipping...
2025-05-11 18:13:09 - INFO - Data for epsilon 9.71 already exists. Skipping...
2025-05-11 18:13:09 - INFO - Data for epsilon 9.81 already exists. Skipping...
2025-05-11 18:13:09 - INFO - Data for epsilon 9.91 already exists. Skipping...
2025-05-11 18:13:09 - INFO - Data for epsilon 10 already exists. Skipping...
2025-05-11 18:13:09 - INFO - Loading the dataset for gaussian_a.
2025-05-11 18:14:14 - INFO - Starting with single beats dataset
2025-05-11 18:14:53 - INFO - Data for epsilon 0.01 already exists. Skipping...
2025-05-11 18:14:53 - INFO - Data for epsilon 0.021 already exists. Skipping...
2025-05-11 18:14:53 - INFO - Data for epsilon 0.031 already exists. Skipping...
2025-05-11 18:14:53 - INFO - Data for epsilon 0.041 already exists. Skipping...
2025-05-11 18:14:53 - INFO - Data for epsilon 0.051 already exists. Skipping...
2025-05-11 18:14:53 - INFO - Data for epsilon 0.061 already exists. Skipping...
2025-05-11 18:14:53 - INFO - Data for epsilon 0.071 already exists. Skipping...
2025-05-11 18:14:53 - INFO - Data for epsilon 0.081 already exists. Skipping...
2025-05-11 18:14:53 - INFO - Data for epsilon 0.091 already exists. Skipping...
2025-05-11 18:14:53 - INFO - Data for epsilon 0.11 already exists. Skipping...
2025-05-11 18:14:53 - INFO - Data for epsilon 0.21 already exists. Skipping...
2025-05-11 18:14:53 - INFO - Data for epsilon 0.31 already exists. Skipping...
2025-05-11 18:14:53 - INFO - Data for epsilon 0.41 already exists. Skipping...
2025-05-11 18:14:53 - INFO - Data for epsilon 0.51 already exists. Skipping...
2025-05-11 18:14:53 - INFO - Data for epsilon 0.61 already exists. Skipping...
2025-05-11 18:14:53 - INFO - Data for epsilon 0.71 already exists. Skipping...
2025-05-11 18:14:53 - INFO - Data for epsilon 0.81 already exists. Skipping...
2025-05-11 18:14:53 - INFO - Data for epsilon 0.91 already exists. Skipping...
2025-05-11 18:14:53 - INFO - Data for epsilon 1.01 already exists. Skipping...
2025-05-11 18:14:53 - INFO - Data for epsilon 1.11 already exists. Skipping...
2025-05-11 18:14:53 - INFO - Data for epsilon 1.21 already exists. Skipping...
2025-05-11 18:14:53 - INFO - Data for epsilon 1.31 already exists. Skipping...
2025-05-11 18:14:53 - INFO - Data for epsilon 1.41 already exists. Skipping...
2025-05-11 18:14:53 - INFO - Data for epsilon 1.51 already exists. Skipping...
2025-05-11 18:14:53 - INFO - Data for epsilon 1.61 already exists. Skipping...
2025-05-11 18:14:53 - INFO - Data for epsilon 1.71 already exists. Skipping...
2025-05-11 18:14:53 - INFO - Data for epsilon 1.81 already exists. Skipping...
2025-05-11 18:14:53 - INFO - Data for epsilon 1.91 already exists. Skipping...
2025-05-11 18:14:53 - INFO - Data for epsilon 2.01 already exists. Skipping...
2025-05-11 18:14:53 - INFO - Data for epsilon 2.11 already exists. Skipping...
2025-05-11 18:14:53 - INFO - Data for epsilon 2.21 already exists. Skipping...
2025-05-11 18:14:53 - INFO - Data for epsilon 2.31 already exists. Skipping...
2025-05-11 18:14:53 - INFO - Data for epsilon 2.41 already exists. Skipping...
2025-05-11 18:14:53 - INFO - Data for epsilon 2.51 already exists. Skipping...
2025-05-11 18:14:53 - INFO - Data for epsilon 2.61 already exists. Skipping...
2025-05-11 18:14:53 - INFO - Data for epsilon 2.71 already exists. Skipping...
2025-05-11 18:14:53 - INFO - Data for epsilon 2.81 already exists. Skipping...
2025-05-11 18:14:53 - INFO - Data for epsilon 2.91 already exists. Skipping...
2025-05-11 18:14:53 - INFO - Data for epsilon 3.01 already exists. Skipping...
2025-05-11 18:14:53 - INFO - Data for epsilon 3.11 already exists. Skipping...
2025-05-11 18:14:53 - INFO - Data for epsilon 3.21 already exists. Skipping...
2025-05-11 18:14:53 - INFO - Data for epsilon 3.31 already exists. Skipping...
2025-05-11 18:14:53 - INFO - Data for epsilon 3.41 already exists. Skipping...
2025-05-11 18:14:53 - INFO - Data for epsilon 3.51 already exists. Skipping...
2025-05-11 18:14:53 - INFO - Data for epsilon 3.61 already exists. Skipping...
2025-05-11 18:14:53 - INFO - Data for epsilon 3.71 already exists. Skipping...
2025-05-11 18:14:53 - INFO - Data for epsilon 3.81 already exists. Skipping...
2025-05-11 18:14:53 - INFO - Data for epsilon 3.91 already exists. Skipping...
2025-05-11 18:14:53 - INFO - Data for epsilon 4.01 already exists. Skipping...
2025-05-11 18:14:53 - INFO - Data for epsilon 4.11 already exists. Skipping...
2025-05-11 18:14:53 - INFO - Data for epsilon 4.21 already exists. Skipping...
2025-05-11 18:14:53 - INFO - Data for epsilon 4.31 already exists. Skipping...
2025-05-11 18:14:53 - INFO - Data for epsilon 4.41 already exists. Skipping...
2025-05-11 18:14:53 - INFO - Data for epsilon 4.51 already exists. Skipping...
2025-05-11 18:14:53 - INFO - Data for epsilon 4.61 already exists. Skipping...
2025-05-11 18:14:53 - INFO - Data for epsilon 4.71 already exists. Skipping...
2025-05-11 18:14:53 - INFO - Data for epsilon 4.81 already exists. Skipping...
2025-05-11 18:14:53 - INFO - Data for epsilon 4.91 already exists. Skipping...
2025-05-11 18:14:53 - INFO - Data for epsilon 5.01 already exists. Skipping...
2025-05-11 18:14:53 - INFO - Data for epsilon 5.11 already exists. Skipping...
2025-05-11 18:14:53 - INFO - Data for epsilon 5.21 already exists. Skipping...
2025-05-11 18:14:53 - INFO - Data for epsilon 5.31 already exists. Skipping...
2025-05-11 18:14:53 - INFO - Data for epsilon 5.41 already exists. Skipping...
2025-05-11 18:14:53 - INFO - Data for epsilon 5.51 already exists. Skipping...
2025-05-11 18:14:53 - INFO - Data for epsilon 5.61 already exists. Skipping...
2025-05-11 18:14:53 - INFO - Data for epsilon 5.71 already exists. Skipping...
2025-05-11 18:14:53 - INFO - Data for epsilon 5.81 already exists. Skipping...
2025-05-11 18:14:53 - INFO - Data for epsilon 5.91 already exists. Skipping...
2025-05-11 18:14:53 - INFO - Data for epsilon 6.01 already exists. Skipping...
2025-05-11 18:14:53 - INFO - Data for epsilon 6.11 already exists. Skipping...
2025-05-11 18:14:53 - INFO - Data for epsilon 6.21 already exists. Skipping...
2025-05-11 18:14:53 - INFO - Data for epsilon 6.31 already exists. Skipping...
2025-05-11 18:14:53 - INFO - Data for epsilon 6.41 already exists. Skipping...
2025-05-11 18:14:53 - INFO - Data for epsilon 6.51 already exists. Skipping...
2025-05-11 18:14:53 - INFO - Data for epsilon 6.61 already exists. Skipping...
2025-05-11 18:14:53 - INFO - Data for epsilon 6.71 already exists. Skipping...
2025-05-11 18:14:53 - INFO - Data for epsilon 6.81 already exists. Skipping...
2025-05-11 18:14:53 - INFO - Data for epsilon 6.91 already exists. Skipping...
2025-05-11 18:14:53 - INFO - Data for epsilon 7.01 already exists. Skipping...
2025-05-11 18:14:53 - INFO - Data for epsilon 7.11 already exists. Skipping...
2025-05-11 18:14:53 - INFO - Data for epsilon 7.21 already exists. Skipping...
2025-05-11 18:14:53 - INFO - Data for epsilon 7.31 already exists. Skipping...
2025-05-11 18:14:53 - INFO - Data for epsilon 7.41 already exists. Skipping...
2025-05-11 18:14:53 - INFO - Data for epsilon 7.51 already exists. Skipping...
2025-05-11 18:14:53 - INFO - Data for epsilon 7.61 already exists. Skipping...
2025-05-11 18:14:53 - INFO - Data for epsilon 7.71 already exists. Skipping...
2025-05-11 18:14:53 - INFO - Data for epsilon 7.81 already exists. Skipping...
2025-05-11 18:14:53 - INFO - Data for epsilon 7.91 already exists. Skipping...
2025-05-11 18:14:53 - INFO - Data for epsilon 8.01 already exists. Skipping...
2025-05-11 18:14:53 - INFO - Data for epsilon 8.11 already exists. Skipping...
2025-05-11 18:14:53 - INFO - Data for epsilon 8.21 already exists. Skipping...
2025-05-11 18:14:53 - INFO - Data for epsilon 8.31 already exists. Skipping...
2025-05-11 18:14:53 - INFO - Data for epsilon 8.41 already exists. Skipping...
2025-05-11 18:14:53 - INFO - Data for epsilon 8.51 already exists. Skipping...
2025-05-11 18:14:53 - INFO - Data for epsilon 8.61 already exists. Skipping...
2025-05-11 18:14:53 - INFO - Data for epsilon 8.71 already exists. Skipping...
2025-05-11 18:14:53 - INFO - Data for epsilon 8.81 already exists. Skipping...
2025-05-11 18:14:53 - INFO - Data for epsilon 8.91 already exists. Skipping...
2025-05-11 18:14:53 - INFO - Data for epsilon 9.01 already exists. Skipping...
2025-05-11 18:14:53 - INFO - Data for epsilon 9.11 already exists. Skipping...
2025-05-11 18:14:53 - INFO - Data for epsilon 9.21 already exists. Skipping...
2025-05-11 18:14:53 - INFO - Data for epsilon 9.31 already exists. Skipping...
2025-05-11 18:14:53 - INFO - Data for epsilon 9.41 already exists. Skipping...
2025-05-11 18:14:53 - INFO - Data for epsilon 9.51 already exists. Skipping...
2025-05-11 18:14:53 - INFO - Data for epsilon 9.61 already exists. Skipping...
2025-05-11 18:14:53 - INFO - Data for epsilon 9.71 already exists. Skipping...
2025-05-11 18:14:53 - INFO - Data for epsilon 9.81 already exists. Skipping...
2025-05-11 18:14:53 - INFO - Data for epsilon 9.91 already exists. Skipping...
2025-05-11 18:14:53 - INFO - Data for epsilon 10 already exists. Skipping...
2025-05-11 18:14:53 - INFO - Starting with trio beats dataset
2025-05-11 18:15:31 - INFO - Data for epsilon 0.01 already exists. Skipping...
2025-05-11 18:15:31 - INFO - Data for epsilon 0.021 already exists. Skipping...
2025-05-11 18:15:31 - INFO - Data for epsilon 0.031 already exists. Skipping...
2025-05-11 18:15:31 - INFO - Data for epsilon 0.041 already exists. Skipping...
2025-05-11 18:15:31 - INFO - Data for epsilon 0.051 already exists. Skipping...
2025-05-11 18:15:31 - INFO - Data for epsilon 0.061 already exists. Skipping...
2025-05-11 18:15:31 - INFO - Data for epsilon 0.071 already exists. Skipping...
2025-05-11 18:15:31 - INFO - Data for epsilon 0.081 already exists. Skipping...
2025-05-11 18:15:31 - INFO - Data for epsilon 0.091 already exists. Skipping...
2025-05-11 18:15:31 - INFO - Data for epsilon 0.11 already exists. Skipping...
2025-05-11 18:15:31 - INFO - Data for epsilon 0.21 already exists. Skipping...
2025-05-11 18:15:31 - INFO - Data for epsilon 0.31 already exists. Skipping...
2025-05-11 18:15:31 - INFO - Data for epsilon 0.41 already exists. Skipping...
2025-05-11 18:15:31 - INFO - Data for epsilon 0.51 already exists. Skipping...
2025-05-11 18:15:31 - INFO - Data for epsilon 0.61 already exists. Skipping...
2025-05-11 18:15:31 - INFO - Data for epsilon 0.71 already exists. Skipping...
2025-05-11 18:15:31 - INFO - Data for epsilon 0.81 already exists. Skipping...
2025-05-11 18:15:31 - INFO - Data for epsilon 0.91 already exists. Skipping...
2025-05-11 18:15:31 - INFO - Data for epsilon 1.01 already exists. Skipping...
2025-05-11 18:15:31 - INFO - Data for epsilon 1.11 already exists. Skipping...
2025-05-11 18:15:31 - INFO - Data for epsilon 1.21 already exists. Skipping...
2025-05-11 18:15:31 - INFO - Data for epsilon 1.31 already exists. Skipping...
2025-05-11 18:15:31 - INFO - Data for epsilon 1.41 already exists. Skipping...
2025-05-11 18:15:31 - INFO - Data for epsilon 1.51 already exists. Skipping...
2025-05-11 18:15:31 - INFO - Data for epsilon 1.61 already exists. Skipping...
2025-05-11 18:15:31 - INFO - Data for epsilon 1.71 already exists. Skipping...
2025-05-11 18:15:31 - INFO - Data for epsilon 1.81 already exists. Skipping...
2025-05-11 18:15:31 - INFO - Data for epsilon 1.91 already exists. Skipping...
2025-05-11 18:15:31 - INFO - Data for epsilon 2.01 already exists. Skipping...
2025-05-11 18:15:31 - INFO - Data for epsilon 2.11 already exists. Skipping...
2025-05-11 18:15:31 - INFO - Data for epsilon 2.21 already exists. Skipping...
2025-05-11 18:15:31 - INFO - Data for epsilon 2.31 already exists. Skipping...
2025-05-11 18:15:31 - INFO - Data for epsilon 2.41 already exists. Skipping...
2025-05-11 18:15:31 - INFO - Data for epsilon 2.51 already exists. Skipping...
2025-05-11 18:15:31 - INFO - Data for epsilon 2.61 already exists. Skipping...
2025-05-11 18:15:31 - INFO - Data for epsilon 2.71 already exists. Skipping...
2025-05-11 18:15:31 - INFO - Data for epsilon 2.81 already exists. Skipping...
2025-05-11 18:15:31 - INFO - Data for epsilon 2.91 already exists. Skipping...
2025-05-11 18:15:31 - INFO - Data for epsilon 3.01 already exists. Skipping...
2025-05-11 18:15:31 - INFO - Data for epsilon 3.11 already exists. Skipping...
2025-05-11 18:15:31 - INFO - Data for epsilon 3.21 already exists. Skipping...
2025-05-11 18:15:31 - INFO - Data for epsilon 3.31 already exists. Skipping...
2025-05-11 18:15:31 - INFO - Data for epsilon 3.41 already exists. Skipping...
2025-05-11 18:15:31 - INFO - Data for epsilon 3.51 already exists. Skipping...
2025-05-11 18:15:31 - INFO - Data for epsilon 3.61 already exists. Skipping...
2025-05-11 18:15:31 - INFO - Data for epsilon 3.71 already exists. Skipping...
2025-05-11 18:15:31 - INFO - Data for epsilon 3.81 already exists. Skipping...
2025-05-11 18:15:31 - INFO - Data for epsilon 3.91 already exists. Skipping...
2025-05-11 18:15:31 - INFO - Data for epsilon 4.01 already exists. Skipping...
2025-05-11 18:15:31 - INFO - Data for epsilon 4.11 already exists. Skipping...
2025-05-11 18:15:31 - INFO - Data for epsilon 4.21 already exists. Skipping...
2025-05-11 18:15:31 - INFO - Data for epsilon 4.31 already exists. Skipping...
2025-05-11 18:15:31 - INFO - Data for epsilon 4.41 already exists. Skipping...
2025-05-11 18:15:31 - INFO - Data for epsilon 4.51 already exists. Skipping...
2025-05-11 18:15:31 - INFO - Data for epsilon 4.61 already exists. Skipping...
2025-05-11 18:15:31 - INFO - Data for epsilon 4.71 already exists. Skipping...
2025-05-11 18:15:31 - INFO - Data for epsilon 4.81 already exists. Skipping...
2025-05-11 18:15:31 - INFO - Data for epsilon 4.91 already exists. Skipping...
2025-05-11 18:15:31 - INFO - Data for epsilon 5.01 already exists. Skipping...
2025-05-11 18:15:31 - INFO - Data for epsilon 5.11 already exists. Skipping...
2025-05-11 18:15:31 - INFO - Data for epsilon 5.21 already exists. Skipping...
2025-05-11 18:15:31 - INFO - Data for epsilon 5.31 already exists. Skipping...
2025-05-11 18:15:31 - INFO - Data for epsilon 5.41 already exists. Skipping...
2025-05-11 18:15:31 - INFO - Data for epsilon 5.51 already exists. Skipping...
2025-05-11 18:15:31 - INFO - Data for epsilon 5.61 already exists. Skipping...
2025-05-11 18:15:31 - INFO - Data for epsilon 5.71 already exists. Skipping...
2025-05-11 18:15:31 - INFO - Data for epsilon 5.81 already exists. Skipping...
2025-05-11 18:15:31 - INFO - Data for epsilon 5.91 already exists. Skipping...
2025-05-11 18:15:31 - INFO - Data for epsilon 6.01 already exists. Skipping...
2025-05-11 18:15:31 - INFO - Data for epsilon 6.11 already exists. Skipping...
2025-05-11 18:15:31 - INFO - Data for epsilon 6.21 already exists. Skipping...
2025-05-11 18:15:31 - INFO - Data for epsilon 6.31 already exists. Skipping...
2025-05-11 18:15:31 - INFO - Data for epsilon 6.41 already exists. Skipping...
2025-05-11 18:15:31 - INFO - Data for epsilon 6.51 already exists. Skipping...
2025-05-11 18:15:31 - INFO - Data for epsilon 6.61 already exists. Skipping...
2025-05-11 18:15:31 - INFO - Data for epsilon 6.71 already exists. Skipping...
2025-05-11 18:15:31 - INFO - Data for epsilon 6.81 already exists. Skipping...
2025-05-11 18:15:31 - INFO - Data for epsilon 6.91 already exists. Skipping...
2025-05-11 18:15:31 - INFO - Data for epsilon 7.01 already exists. Skipping...
2025-05-11 18:15:31 - INFO - Data for epsilon 7.11 already exists. Skipping...
2025-05-11 18:15:31 - INFO - Data for epsilon 7.21 already exists. Skipping...
2025-05-11 18:15:31 - INFO - Data for epsilon 7.31 already exists. Skipping...
2025-05-11 18:15:31 - INFO - Data for epsilon 7.41 already exists. Skipping...
2025-05-11 18:15:31 - INFO - Data for epsilon 7.51 already exists. Skipping...
2025-05-11 18:15:31 - INFO - Data for epsilon 7.61 already exists. Skipping...
2025-05-11 18:15:31 - INFO - Data for epsilon 7.71 already exists. Skipping...
2025-05-11 18:15:31 - INFO - Data for epsilon 7.81 already exists. Skipping...
2025-05-11 18:15:31 - INFO - Data for epsilon 7.91 already exists. Skipping...
2025-05-11 18:15:31 - INFO - Data for epsilon 8.01 already exists. Skipping...
2025-05-11 18:15:31 - INFO - Data for epsilon 8.11 already exists. Skipping...
2025-05-11 18:15:31 - INFO - Data for epsilon 8.21 already exists. Skipping...
2025-05-11 18:15:31 - INFO - Data for epsilon 8.31 already exists. Skipping...
2025-05-11 18:15:31 - INFO - Data for epsilon 8.41 already exists. Skipping...
2025-05-11 18:15:31 - INFO - Data for epsilon 8.51 already exists. Skipping...
2025-05-11 18:15:31 - INFO - Data for epsilon 8.61 already exists. Skipping...
2025-05-11 18:15:31 - INFO - Data for epsilon 8.71 already exists. Skipping...
2025-05-11 18:15:31 - INFO - Data for epsilon 8.81 already exists. Skipping...
2025-05-11 18:15:31 - INFO - Data for epsilon 8.91 already exists. Skipping...
2025-05-11 18:15:31 - INFO - Data for epsilon 9.01 already exists. Skipping...
2025-05-11 18:15:31 - INFO - Data for epsilon 9.11 already exists. Skipping...
2025-05-11 18:15:31 - INFO - Data for epsilon 9.21 already exists. Skipping...
2025-05-11 18:15:31 - INFO - Data for epsilon 9.31 already exists. Skipping...
2025-05-11 18:15:31 - INFO - Data for epsilon 9.41 already exists. Skipping...
2025-05-11 18:15:31 - INFO - Data for epsilon 9.51 already exists. Skipping...
2025-05-11 18:15:31 - INFO - Data for epsilon 9.61 already exists. Skipping...
2025-05-11 18:15:31 - INFO - Data for epsilon 9.71 already exists. Skipping...
2025-05-11 18:15:31 - INFO - Data for epsilon 9.81 already exists. Skipping...
2025-05-11 18:15:31 - INFO - Data for epsilon 9.91 already exists. Skipping...
2025-05-11 18:15:31 - INFO - Data for epsilon 10 already exists. Skipping...
2025-05-11 18:15:31 - INFO - Loading the dataset for laplace_truedp.
2025-05-11 18:15:48 - INFO - Starting with single beats dataset
2025-05-11 18:16:00 - INFO - Data for epsilon 1e-05 already exists. Skipping...
2025-05-11 18:16:00 - INFO - Data for epsilon 0.0001 already exists. Skipping...
2025-05-11 18:16:00 - INFO - Data for epsilon 0.001 already exists. Skipping...
2025-05-11 18:16:00 - INFO - Data for epsilon 0.011 already exists. Skipping...
2025-05-11 18:16:00 - INFO - Data for epsilon 0.021 already exists. Skipping...
2025-05-11 18:16:00 - INFO - Data for epsilon 0.031 already exists. Skipping...
2025-05-11 18:16:00 - INFO - Data for epsilon 0.041 already exists. Skipping...
2025-05-11 18:16:00 - INFO - Data for epsilon 0.051 already exists. Skipping...
2025-05-11 18:16:00 - INFO - Data for epsilon 0.061 already exists. Skipping...
2025-05-11 18:16:00 - INFO - Data for epsilon 0.071 already exists. Skipping...
2025-05-11 18:16:00 - INFO - Data for epsilon 0.081 already exists. Skipping...
2025-05-11 18:16:00 - INFO - Data for epsilon 0.091 already exists. Skipping...
2025-05-11 18:16:00 - INFO - Data for epsilon 0.01 already exists. Skipping...
2025-05-11 18:16:00 - INFO - Data for epsilon 0.11 already exists. Skipping...
2025-05-11 18:16:00 - INFO - Data for epsilon 0.21 already exists. Skipping...
2025-05-11 18:16:00 - INFO - Data for epsilon 0.31 already exists. Skipping...
2025-05-11 18:16:00 - INFO - Data for epsilon 0.41 already exists. Skipping...
2025-05-11 18:16:00 - INFO - Data for epsilon 0.51 already exists. Skipping...
2025-05-11 18:16:00 - INFO - Data for epsilon 0.61 already exists. Skipping...
2025-05-11 18:16:00 - INFO - Data for epsilon 0.71 already exists. Skipping...
2025-05-11 18:16:00 - INFO - Data for epsilon 0.81 already exists. Skipping...
2025-05-11 18:16:00 - INFO - Data for epsilon 0.91 already exists. Skipping...
2025-05-11 18:16:00 - INFO - Data for epsilon 1.01 already exists. Skipping...
2025-05-11 18:16:00 - INFO - Data for epsilon 1.11 already exists. Skipping...
2025-05-11 18:16:00 - INFO - Data for epsilon 1.21 already exists. Skipping...
2025-05-11 18:16:00 - INFO - Data for epsilon 1.31 already exists. Skipping...
2025-05-11 18:16:00 - INFO - Data for epsilon 1.41 already exists. Skipping...
2025-05-11 18:16:00 - INFO - Data for epsilon 1.51 already exists. Skipping...
2025-05-11 18:16:00 - INFO - Data for epsilon 1.61 already exists. Skipping...
2025-05-11 18:16:00 - INFO - Data for epsilon 1.71 already exists. Skipping...
2025-05-11 18:16:00 - INFO - Data for epsilon 1.81 already exists. Skipping...
2025-05-11 18:16:00 - INFO - Data for epsilon 1.91 already exists. Skipping...
2025-05-11 18:16:00 - INFO - Starting with trio beats dataset
2025-05-11 18:16:10 - INFO - Data for epsilon 1e-05 already exists. Skipping...
2025-05-11 18:16:10 - INFO - Data for epsilon 0.0001 already exists. Skipping...
2025-05-11 18:16:10 - INFO - Data for epsilon 0.001 already exists. Skipping...
2025-05-11 18:16:10 - INFO - Data for epsilon 0.011 already exists. Skipping...
2025-05-11 18:16:10 - INFO - Data for epsilon 0.021 already exists. Skipping...
2025-05-11 18:16:10 - INFO - Data for epsilon 0.031 already exists. Skipping...
2025-05-11 18:16:10 - INFO - Data for epsilon 0.041 already exists. Skipping...
2025-05-11 18:16:10 - INFO - Data for epsilon 0.051 already exists. Skipping...
2025-05-11 18:16:10 - INFO - Data for epsilon 0.061 already exists. Skipping...
2025-05-11 18:16:10 - INFO - Data for epsilon 0.071 already exists. Skipping...
2025-05-11 18:16:10 - INFO - Data for epsilon 0.081 already exists. Skipping...
2025-05-11 18:16:10 - INFO - Data for epsilon 0.091 already exists. Skipping...
2025-05-11 18:16:10 - INFO - Data for epsilon 0.01 already exists. Skipping...
2025-05-11 18:16:10 - INFO - Data for epsilon 0.11 already exists. Skipping...
2025-05-11 18:16:10 - INFO - Data for epsilon 0.21 already exists. Skipping...
2025-05-11 18:16:10 - INFO - Data for epsilon 0.31 already exists. Skipping...
2025-05-11 18:16:10 - INFO - Data for epsilon 0.41 already exists. Skipping...
2025-05-11 18:16:10 - INFO - Data for epsilon 0.51 already exists. Skipping...
2025-05-11 18:16:10 - INFO - Data for epsilon 0.61 already exists. Skipping...
2025-05-11 18:16:10 - INFO - Data for epsilon 0.71 already exists. Skipping...
2025-05-11 18:16:10 - INFO - Data for epsilon 0.81 already exists. Skipping...
2025-05-11 18:16:10 - INFO - Data for epsilon 0.91 already exists. Skipping...
2025-05-11 18:16:10 - INFO - Data for epsilon 1.01 already exists. Skipping...
2025-05-11 18:16:10 - INFO - Data for epsilon 1.11 already exists. Skipping...
2025-05-11 18:16:10 - INFO - Data for epsilon 1.21 already exists. Skipping...
2025-05-11 18:16:10 - INFO - Data for epsilon 1.31 already exists. Skipping...
2025-05-11 18:16:10 - INFO - Data for epsilon 1.41 already exists. Skipping...
2025-05-11 18:16:10 - INFO - Data for epsilon 1.51 already exists. Skipping...
2025-05-11 18:16:10 - INFO - Data for epsilon 1.61 already exists. Skipping...
2025-05-11 18:16:10 - INFO - Data for epsilon 1.71 already exists. Skipping...
2025-05-11 18:16:10 - INFO - Data for epsilon 1.81 already exists. Skipping...
2025-05-11 18:16:10 - INFO - Data for epsilon 1.91 already exists. Skipping...
