nohup: ignoring input
2025-03-12 12:38:23 - INFO -  Setup for laplace ...
2025-03-12 12:38:23 - INFO -  Loading data for single beats ...
2025-03-12 12:38:45 - INFO - Generate dictionaries for epsilon 1e-05 ...
2025-03-12 12:38:59 - INFO - Generate dictionaries for epsilon 0.0001 ...
2025-03-12 12:39:13 - INFO - Generate dictionaries for epsilon 0.001 ...
2025-03-12 12:39:27 - INFO - Generate dictionaries for epsilon 0.021 ...
2025-03-12 12:39:41 - INFO - Generate dictionaries for epsilon 0.031 ...
2025-03-12 12:39:54 - INFO - Generate dictionaries for epsilon 0.041 ...
2025-03-12 12:40:07 - INFO - Generate dictionaries for epsilon 0.051 ...
2025-03-12 12:40:21 - INFO - Generate dictionaries for epsilon 0.061 ...
2025-03-12 12:40:35 - INFO - Generate dictionaries for epsilon 0.071 ...
2025-03-12 12:40:48 - INFO - Generate dictionaries for epsilon 0.081 ...
2025-03-12 12:41:02 - INFO - Generate dictionaries for epsilon 0.091 ...
2025-03-12 12:41:15 - INFO - Generate dictionaries for epsilon 0.01 ...
2025-03-12 12:41:29 - INFO - Generate dictionaries for epsilon 0.11 ...
2025-03-12 12:41:43 - INFO - Generate dictionaries for epsilon 0.21 ...
2025-03-12 12:41:58 - INFO - Generate dictionaries for epsilon 0.31 ...
2025-03-12 12:42:12 - INFO - Generate dictionaries for epsilon 0.41 ...
2025-03-12 12:42:26 - INFO - Generate dictionaries for epsilon 0.51 ...
2025-03-12 12:42:39 - INFO - Generate dictionaries for epsilon 0.61 ...
2025-03-12 12:42:52 - INFO - Generate dictionaries for epsilon 0.71 ...
2025-03-12 12:43:06 - INFO - Generate dictionaries for epsilon 0.81 ...
2025-03-12 12:43:20 - INFO - Generate dictionaries for epsilon 0.91 ...
2025-03-12 12:43:33 - INFO - Generate dictionaries for epsilon 1.01 ...
2025-03-12 12:43:47 - INFO - Generate dictionaries for epsilon 1.11 ...
2025-03-12 12:44:00 - INFO - Generate dictionaries for epsilon 1.21 ...
2025-03-12 12:44:14 - INFO - Generate dictionaries for epsilon 1.31 ...
2025-03-12 12:44:28 - INFO - Generate dictionaries for epsilon 1.41 ...
2025-03-12 12:44:41 - INFO - Generate dictionaries for epsilon 1.51 ...
2025-03-12 12:44:55 - INFO - Generate dictionaries for epsilon 1.61 ...
2025-03-12 12:45:09 - INFO - Generate dictionaries for epsilon 1.71 ...
2025-03-12 12:45:22 - INFO - Generate dictionaries for epsilon 1.81 ...
2025-03-12 12:45:36 - INFO - Generate dictionaries for epsilon 1.91 ...
2025-03-12 12:45:50 - INFO - Generate dictionaries for epsilon 2.01 ...
2025-03-12 12:46:03 - INFO - Generate dictionaries for epsilon 2.11 ...
2025-03-12 12:46:16 - INFO - Generate dictionaries for epsilon 2.21 ...
2025-03-12 12:46:30 - INFO - Generate dictionaries for epsilon 2.31 ...
2025-03-12 12:46:43 - INFO - Generate dictionaries for epsilon 2.41 ...
2025-03-12 12:46:56 - INFO - Generate dictionaries for epsilon 2.51 ...
2025-03-12 12:47:10 - INFO - Generate dictionaries for epsilon 2.61 ...
2025-03-12 12:47:24 - INFO - Generate dictionaries for epsilon 2.71 ...
2025-03-12 12:47:38 - INFO - Generate dictionaries for epsilon 2.81 ...
2025-03-12 12:47:52 - INFO - Generate dictionaries for epsilon 2.91 ...
2025-03-12 12:48:06 - INFO - Generate dictionaries for epsilon 3.01 ...
2025-03-12 12:48:19 - INFO - Generate dictionaries for epsilon 3.11 ...
2025-03-12 12:48:32 - INFO - Generate dictionaries for epsilon 3.21 ...
2025-03-12 12:48:46 - INFO - Generate dictionaries for epsilon 3.31 ...
2025-03-12 12:49:00 - INFO - Generate dictionaries for epsilon 3.41 ...
2025-03-12 12:49:14 - INFO - Generate dictionaries for epsilon 3.51 ...
2025-03-12 12:49:28 - INFO - Generate dictionaries for epsilon 3.61 ...
2025-03-12 12:49:41 - INFO - Generate dictionaries for epsilon 3.71 ...
2025-03-12 12:49:54 - INFO - Generate dictionaries for epsilon 3.81 ...
2025-03-12 12:50:08 - INFO - Generate dictionaries for epsilon 3.91 ...
2025-03-12 12:50:22 - INFO - Generate dictionaries for epsilon 4.01 ...
2025-03-12 12:50:35 - INFO - Generate dictionaries for epsilon 4.11 ...
2025-03-12 12:50:49 - INFO - Generate dictionaries for epsilon 4.21 ...
2025-03-12 12:51:03 - INFO - Generate dictionaries for epsilon 4.31 ...
2025-03-12 12:51:16 - INFO - Generate dictionaries for epsilon 4.41 ...
2025-03-12 12:51:30 - INFO - Generate dictionaries for epsilon 4.51 ...
2025-03-12 12:51:44 - INFO - Generate dictionaries for epsilon 4.61 ...
2025-03-12 12:51:58 - INFO - Generate dictionaries for epsilon 4.71 ...
2025-03-12 12:52:11 - INFO - Generate dictionaries for epsilon 4.81 ...
2025-03-12 12:52:25 - INFO - Generate dictionaries for epsilon 4.91 ...
2025-03-12 12:52:39 - INFO - Generate dictionaries for epsilon 5.01 ...
2025-03-12 12:52:53 - INFO - Generate dictionaries for epsilon 5.11 ...
2025-03-12 12:53:07 - INFO - Generate dictionaries for epsilon 5.21 ...
2025-03-12 12:53:20 - INFO - Generate dictionaries for epsilon 5.31 ...
2025-03-12 12:53:34 - INFO - Generate dictionaries for epsilon 5.41 ...
2025-03-12 12:53:48 - INFO - Generate dictionaries for epsilon 5.51 ...
2025-03-12 12:54:01 - INFO - Generate dictionaries for epsilon 5.61 ...
2025-03-12 12:54:14 - INFO - Generate dictionaries for epsilon 5.71 ...
2025-03-12 12:54:28 - INFO - Generate dictionaries for epsilon 5.81 ...
2025-03-12 12:54:42 - INFO - Generate dictionaries for epsilon 5.91 ...
2025-03-12 12:54:56 - INFO - Generate dictionaries for epsilon 6.01 ...
2025-03-12 12:55:10 - INFO - Generate dictionaries for epsilon 6.11 ...
2025-03-12 12:55:24 - INFO - Generate dictionaries for epsilon 6.21 ...
2025-03-12 12:55:38 - INFO - Generate dictionaries for epsilon 6.31 ...
2025-03-12 12:55:51 - INFO - Generate dictionaries for epsilon 6.41 ...
2025-03-12 12:56:04 - INFO - Generate dictionaries for epsilon 6.51 ...
2025-03-12 12:56:18 - INFO - Generate dictionaries for epsilon 6.61 ...
2025-03-12 12:56:32 - INFO - Generate dictionaries for epsilon 6.71 ...
2025-03-12 12:56:46 - INFO - Generate dictionaries for epsilon 6.81 ...
2025-03-12 12:57:00 - INFO - Generate dictionaries for epsilon 6.91 ...
2025-03-12 12:57:14 - INFO - Generate dictionaries for epsilon 7.01 ...
2025-03-12 12:57:28 - INFO - Generate dictionaries for epsilon 7.11 ...
2025-03-12 12:57:42 - INFO - Generate dictionaries for epsilon 7.21 ...
2025-03-12 12:57:56 - INFO - Generate dictionaries for epsilon 7.31 ...
2025-03-12 12:58:09 - INFO - Generate dictionaries for epsilon 7.41 ...
2025-03-12 12:58:22 - INFO - Generate dictionaries for epsilon 7.51 ...
2025-03-12 12:58:36 - INFO - Generate dictionaries for epsilon 7.61 ...
2025-03-12 12:58:50 - INFO - Generate dictionaries for epsilon 7.71 ...
2025-03-12 12:59:04 - INFO - Generate dictionaries for epsilon 7.81 ...
2025-03-12 12:59:17 - INFO - Generate dictionaries for epsilon 7.91 ...
2025-03-12 12:59:31 - INFO - Generate dictionaries for epsilon 8.01 ...
2025-03-12 12:59:45 - INFO - Generate dictionaries for epsilon 8.11 ...
2025-03-12 12:59:59 - INFO - Generate dictionaries for epsilon 8.21 ...
2025-03-12 13:00:12 - INFO - Generate dictionaries for epsilon 8.31 ...
2025-03-12 13:00:26 - INFO - Generate dictionaries for epsilon 8.41 ...
2025-03-12 13:00:40 - INFO - Generate dictionaries for epsilon 8.51 ...
2025-03-12 13:00:54 - INFO - Generate dictionaries for epsilon 8.61 ...
2025-03-12 13:01:08 - INFO - Generate dictionaries for epsilon 8.71 ...
2025-03-12 13:01:21 - INFO - Generate dictionaries for epsilon 8.81 ...
2025-03-12 13:01:35 - INFO - Generate dictionaries for epsilon 8.91 ...
2025-03-12 13:01:48 - INFO - Generate dictionaries for epsilon 9.01 ...
2025-03-12 13:02:02 - INFO - Generate dictionaries for epsilon 9.11 ...
2025-03-12 13:02:17 - INFO - Generate dictionaries for epsilon 9.21 ...
2025-03-12 13:02:31 - INFO - Generate dictionaries for epsilon 9.31 ...
2025-03-12 13:02:45 - INFO - Generate dictionaries for epsilon 9.41 ...
2025-03-12 13:02:58 - INFO - Generate dictionaries for epsilon 9.51 ...
2025-03-12 13:03:12 - INFO - Generate dictionaries for epsilon 9.61 ...
2025-03-12 13:03:25 - INFO - Generate dictionaries for epsilon 9.71 ...
2025-03-12 13:03:39 - INFO - Generate dictionaries for epsilon 9.81 ...
2025-03-12 13:03:53 - INFO - Generate dictionaries for epsilon 9.91 ...
2025-03-12 13:04:07 - INFO - Generate dictionaries for epsilon 10 ...
2025-03-12 13:04:21 - INFO - Starting domain adaption for epsilon 1e-05 ...
2025-03-12 13:09:16 - INFO - Starting domain adaption for epsilon 0.0001 ...
2025-03-12 13:14:09 - INFO - Starting domain adaption for epsilon 0.001 ...
2025-03-12 13:19:02 - INFO - Starting domain adaption for epsilon 0.021 ...
2025-03-12 13:23:53 - INFO - Starting domain adaption for epsilon 0.031 ...
2025-03-12 13:28:46 - INFO - Starting domain adaption for epsilon 0.041 ...
2025-03-12 13:33:38 - INFO - Starting domain adaption for epsilon 0.051 ...
2025-03-12 13:38:31 - INFO - Starting domain adaption for epsilon 0.061 ...
2025-03-12 13:43:24 - INFO - Starting domain adaption for epsilon 0.071 ...
2025-03-12 13:48:17 - INFO - Starting domain adaption for epsilon 0.081 ...
2025-03-12 13:53:11 - INFO - Starting domain adaption for epsilon 0.091 ...
2025-03-12 13:58:04 - INFO - Starting domain adaption for epsilon 0.01 ...
2025-03-12 14:02:57 - INFO - Starting domain adaption for epsilon 0.11 ...
2025-03-12 14:07:50 - INFO - Starting domain adaption for epsilon 0.21 ...
2025-03-12 14:12:44 - INFO - Starting domain adaption for epsilon 0.31 ...
2025-03-12 14:17:36 - INFO - Starting domain adaption for epsilon 0.41 ...
2025-03-12 14:22:29 - INFO - Starting domain adaption for epsilon 0.51 ...
2025-03-12 14:27:21 - INFO - Starting domain adaption for epsilon 0.61 ...
2025-03-12 14:32:14 - INFO - Starting domain adaption for epsilon 0.71 ...
2025-03-12 14:37:08 - INFO - Starting domain adaption for epsilon 0.81 ...
2025-03-12 14:42:02 - INFO - Starting domain adaption for epsilon 0.91 ...
2025-03-12 14:46:57 - INFO - Starting domain adaption for epsilon 1.01 ...
2025-03-12 14:51:51 - INFO - Starting domain adaption for epsilon 1.11 ...
2025-03-12 14:56:45 - INFO - Starting domain adaption for epsilon 1.21 ...
2025-03-12 15:01:35 - INFO - Starting domain adaption for epsilon 1.31 ...
2025-03-12 15:06:26 - INFO - Starting domain adaption for epsilon 1.41 ...
2025-03-12 15:11:17 - INFO - Starting domain adaption for epsilon 1.51 ...
2025-03-12 15:16:11 - INFO - Starting domain adaption for epsilon 1.61 ...
2025-03-12 15:21:05 - INFO - Starting domain adaption for epsilon 1.71 ...
2025-03-12 15:25:59 - INFO - Starting domain adaption for epsilon 1.81 ...
2025-03-12 15:30:53 - INFO - Starting domain adaption for epsilon 1.91 ...
2025-03-12 15:35:45 - INFO - Starting domain adaption for epsilon 2.01 ...
2025-03-12 15:40:38 - INFO - Starting domain adaption for epsilon 2.11 ...
2025-03-12 15:45:30 - INFO - Starting domain adaption for epsilon 2.21 ...
2025-03-12 15:50:22 - INFO - Starting domain adaption for epsilon 2.31 ...
2025-03-12 15:55:16 - INFO - Starting domain adaption for epsilon 2.41 ...
2025-03-12 16:00:09 - INFO - Starting domain adaption for epsilon 2.51 ...
2025-03-12 16:05:01 - INFO - Starting domain adaption for epsilon 2.61 ...
2025-03-12 16:09:54 - INFO - Starting domain adaption for epsilon 2.71 ...
2025-03-12 16:14:49 - INFO - Starting domain adaption for epsilon 2.81 ...
2025-03-12 16:19:42 - INFO - Starting domain adaption for epsilon 2.91 ...
2025-03-12 16:24:36 - INFO - Starting domain adaption for epsilon 3.01 ...
2025-03-12 16:29:29 - INFO - Starting domain adaption for epsilon 3.11 ...
2025-03-12 16:34:22 - INFO - Starting domain adaption for epsilon 3.21 ...
2025-03-12 16:39:15 - INFO - Starting domain adaption for epsilon 3.31 ...
2025-03-12 16:44:09 - INFO - Starting domain adaption for epsilon 3.41 ...
2025-03-12 16:49:01 - INFO - Starting domain adaption for epsilon 3.51 ...
2025-03-12 16:53:55 - INFO - Starting domain adaption for epsilon 3.61 ...
2025-03-12 16:58:48 - INFO - Starting domain adaption for epsilon 3.71 ...
2025-03-12 17:03:41 - INFO - Starting domain adaption for epsilon 3.81 ...
2025-03-12 17:08:35 - INFO - Starting domain adaption for epsilon 3.91 ...
2025-03-12 17:13:27 - INFO - Starting domain adaption for epsilon 4.01 ...
2025-03-12 17:18:21 - INFO - Starting domain adaption for epsilon 4.11 ...
2025-03-12 17:23:15 - INFO - Starting domain adaption for epsilon 4.21 ...
2025-03-12 17:28:09 - INFO - Starting domain adaption for epsilon 4.31 ...
2025-03-12 17:33:03 - INFO - Starting domain adaption for epsilon 4.41 ...
2025-03-12 17:37:57 - INFO - Starting domain adaption for epsilon 4.51 ...
2025-03-12 17:42:51 - INFO - Starting domain adaption for epsilon 4.61 ...
2025-03-12 17:47:42 - INFO - Starting domain adaption for epsilon 4.71 ...
2025-03-12 17:52:34 - INFO - Starting domain adaption for epsilon 4.81 ...
2025-03-12 17:57:28 - INFO - Starting domain adaption for epsilon 4.91 ...
2025-03-12 18:02:22 - INFO - Starting domain adaption for epsilon 5.01 ...
2025-03-12 18:07:16 - INFO - Starting domain adaption for epsilon 5.11 ...
2025-03-12 18:12:09 - INFO - Starting domain adaption for epsilon 5.21 ...
2025-03-12 18:17:03 - INFO - Starting domain adaption for epsilon 5.31 ...
2025-03-12 18:22:00 - INFO - Starting domain adaption for epsilon 5.41 ...
2025-03-12 18:26:54 - INFO - Starting domain adaption for epsilon 5.51 ...
2025-03-12 18:31:47 - INFO - Starting domain adaption for epsilon 5.61 ...
2025-03-12 18:36:40 - INFO - Starting domain adaption for epsilon 5.71 ...
2025-03-12 18:41:32 - INFO - Starting domain adaption for epsilon 5.81 ...
2025-03-12 18:46:24 - INFO - Starting domain adaption for epsilon 5.91 ...
2025-03-12 18:51:17 - INFO - Starting domain adaption for epsilon 6.01 ...
2025-03-12 18:56:11 - INFO - Starting domain adaption for epsilon 6.11 ...
2025-03-12 19:01:06 - INFO - Starting domain adaption for epsilon 6.21 ...
2025-03-12 19:06:00 - INFO - Starting domain adaption for epsilon 6.31 ...
2025-03-12 19:10:55 - INFO - Starting domain adaption for epsilon 6.41 ...
2025-03-12 19:15:48 - INFO - Starting domain adaption for epsilon 6.51 ...
2025-03-12 19:20:41 - INFO - Starting domain adaption for epsilon 6.61 ...
2025-03-12 19:25:34 - INFO - Starting domain adaption for epsilon 6.71 ...
2025-03-12 19:30:28 - INFO - Starting domain adaption for epsilon 6.81 ...
2025-03-12 19:35:28 - INFO - Starting domain adaption for epsilon 6.91 ...
2025-03-12 19:40:22 - INFO - Starting domain adaption for epsilon 7.01 ...
2025-03-12 19:45:16 - INFO - Starting domain adaption for epsilon 7.11 ...
2025-03-12 19:50:09 - INFO - Starting domain adaption for epsilon 7.21 ...
2025-03-12 19:55:04 - INFO - Starting domain adaption for epsilon 7.31 ...
2025-03-12 20:00:01 - INFO - Starting domain adaption for epsilon 7.41 ...
2025-03-12 20:04:55 - INFO - Starting domain adaption for epsilon 7.51 ...
2025-03-12 20:09:50 - INFO - Starting domain adaption for epsilon 7.61 ...
2025-03-12 20:14:44 - INFO - Starting domain adaption for epsilon 7.71 ...
2025-03-12 20:19:39 - INFO - Starting domain adaption for epsilon 7.81 ...
2025-03-12 20:24:30 - INFO - Starting domain adaption for epsilon 7.91 ...
2025-03-12 20:29:27 - INFO - Starting domain adaption for epsilon 8.01 ...
2025-03-12 20:34:21 - INFO - Starting domain adaption for epsilon 8.11 ...
2025-03-12 20:39:15 - INFO - Starting domain adaption for epsilon 8.21 ...
2025-03-12 20:44:09 - INFO - Starting domain adaption for epsilon 8.31 ...
2025-03-12 20:49:02 - INFO - Starting domain adaption for epsilon 8.41 ...
2025-03-12 20:53:55 - INFO - Starting domain adaption for epsilon 8.51 ...
2025-03-12 20:58:50 - INFO - Starting domain adaption for epsilon 8.61 ...
2025-03-12 21:03:45 - INFO - Starting domain adaption for epsilon 8.71 ...
2025-03-12 21:08:42 - INFO - Starting domain adaption for epsilon 8.81 ...
2025-03-12 21:13:44 - INFO - Starting domain adaption for epsilon 8.91 ...
2025-03-12 21:18:55 - INFO - Starting domain adaption for epsilon 9.01 ...
2025-03-12 21:24:04 - INFO - Starting domain adaption for epsilon 9.11 ...
2025-03-12 21:29:23 - INFO - Starting domain adaption for epsilon 9.21 ...
2025-03-12 21:34:37 - INFO - Starting domain adaption for epsilon 9.31 ...
2025-03-12 21:39:34 - INFO - Starting domain adaption for epsilon 9.41 ...
2025-03-12 21:44:29 - INFO - Starting domain adaption for epsilon 9.51 ...
2025-03-12 21:49:23 - INFO - Starting domain adaption for epsilon 9.61 ...
2025-03-12 21:54:17 - INFO - Starting domain adaption for epsilon 9.71 ...
2025-03-12 21:59:11 - INFO - Starting domain adaption for epsilon 9.81 ...
2025-03-12 22:04:06 - INFO - Starting domain adaption for epsilon 9.91 ...
2025-03-12 22:08:57 - INFO - Starting domain adaption for epsilon 10 ...
2025-03-12 22:13:51 - INFO - Saving files for single beats ...
