nohup: ignoring input
2025-05-14 13:02:52 - INFO - Setup laplace for shadow ensemble model ...
2025-05-14 13:02:52 - INFO - Skipping existing 5.91 ...
2025-05-14 13:02:52 - INFO - Skipping existing 0.91 ...
2025-05-14 13:02:52 - INFO - Skipping existing 0.41 ...
2025-05-14 13:02:52 - INFO - Skipping existing 0.091 ...
2025-05-14 13:02:52 - INFO - Skipping existing 0.021 ...
2025-05-14 13:02:52 - INFO - Skipping existing 1e-05 ...
2025-05-14 13:02:52 - INFO - Setup bounded_n for shadow ensemble model ...
2025-05-14 13:02:52 - INFO - Skipping existing 1.21 ...
2025-05-14 13:02:52 - INFO - Skipping existing 8.51 ...
2025-05-14 13:02:52 - INFO - Skipping existing 0.91 ...
2025-05-14 13:02:52 - INFO - Skipping existing 1.11 ...
2025-05-14 13:02:52 - INFO - Skipping existing 0.81 ...
2025-05-14 13:02:52 - INFO - Skipping existing 0.11 ...
2025-05-14 13:02:52 - INFO - Setup gaussian_a for shadow ensemble model ...
2025-05-14 13:02:52 - INFO - Skipping existing 0.71 ...
2025-05-14 13:02:52 - INFO - Skipping existing 1e-05 ...
2025-05-14 13:02:52 - INFO - Skipping existing 9.01 ...
2025-05-14 13:02:52 - INFO - Skipping existing 9.51 ...
2025-05-14 13:02:52 - INFO - Skipping existing 1.01 ...
2025-05-14 13:02:52 - INFO - Skipping existing 0.051 ...
2025-05-14 13:02:52 - INFO - Setup laplace_truedp for shadow ensemble model ...
2025-05-14 13:02:52 - INFO - Skipping existing 0.01 ...
2025-05-14 13:02:52 - INFO - Skipping existing 1e-05 ...
2025-05-14 13:02:52 - INFO - Skipping existing 0.001 ...
2025-05-14 13:02:52 - INFO - Skipping existing 0.0001 ...
2025-05-14 13:02:52 - INFO - Skipping existing 0.021 ...
2025-05-14 13:02:52 - INFO - Skipping existing 0.61 ...
2025-05-14 13:02:52 - INFO - Skipping existing 1.41 ...
2025-05-14 13:02:52 - INFO - Skipping existing 0.71 ...
