nohup: ignoring input
2025-05-04 17:01:21 - INFO - Loading the dataset for bounded_n.
2025-05-04 17:01:42 - INFO - Starting with single beats dataset
2025-05-04 17:01:42 - INFO - Starting with epsilon: 0.01
2025-05-04 17:01:56 - INFO - Starting with epsilon: 0.021
2025-05-04 17:02:09 - INFO - Starting with epsilon: 0.031
2025-05-04 17:02:23 - INFO - Starting with epsilon: 0.041
2025-05-04 17:02:37 - INFO - Starting with epsilon: 0.051
2025-05-04 17:02:50 - INFO - Starting with epsilon: 0.061
2025-05-04 17:03:04 - INFO - Starting with epsilon: 0.071
2025-05-04 17:03:17 - INFO - Starting with epsilon: 0.081
2025-05-04 17:03:31 - INFO - Starting with epsilon: 0.091
2025-05-04 17:03:44 - INFO - Starting with epsilon: 0.11
2025-05-04 17:03:58 - INFO - Starting with epsilon: 0.21
2025-05-04 17:04:12 - INFO - Starting with epsilon: 0.31
2025-05-04 17:04:25 - INFO - Starting with epsilon: 0.41
2025-05-04 17:04:39 - INFO - Starting with epsilon: 0.51
2025-05-04 17:04:52 - INFO - Starting with epsilon: 0.61
2025-05-04 17:05:06 - INFO - Starting with epsilon: 0.71
2025-05-04 17:05:19 - INFO - Starting with epsilon: 0.81
2025-05-04 17:05:33 - INFO - Starting with epsilon: 0.91
2025-05-04 17:05:47 - INFO - Starting with epsilon: 1.01
2025-05-04 17:06:00 - INFO - Starting with epsilon: 1.11
2025-05-04 17:06:14 - INFO - Starting with epsilon: 1.21
2025-05-04 17:06:27 - INFO - Starting with epsilon: 1.31
2025-05-04 17:06:41 - INFO - Starting with epsilon: 1.41
2025-05-04 17:06:55 - INFO - Starting with epsilon: 1.51
2025-05-04 17:07:08 - INFO - Starting with epsilon: 1.61
2025-05-04 17:07:22 - INFO - Starting with epsilon: 1.71
2025-05-04 17:07:35 - INFO - Starting with epsilon: 1.81
2025-05-04 17:07:49 - INFO - Starting with epsilon: 1.91
2025-05-04 17:08:02 - INFO - Starting with epsilon: 2.01
2025-05-04 17:08:16 - INFO - Starting with epsilon: 2.11
2025-05-04 17:08:30 - INFO - Starting with epsilon: 2.21
2025-05-04 17:08:43 - INFO - Starting with epsilon: 2.31
2025-05-04 17:08:57 - INFO - Starting with epsilon: 2.41
2025-05-04 17:09:10 - INFO - Starting with epsilon: 2.51
2025-05-04 17:09:24 - INFO - Starting with epsilon: 2.61
2025-05-04 17:09:38 - INFO - Starting with epsilon: 2.71
2025-05-04 17:09:51 - INFO - Starting with epsilon: 2.81
2025-05-04 17:10:05 - INFO - Starting with epsilon: 2.91
2025-05-04 17:10:19 - INFO - Starting with epsilon: 3.01
2025-05-04 17:10:32 - INFO - Starting with epsilon: 3.11
2025-05-04 17:10:46 - INFO - Starting with epsilon: 3.21
2025-05-04 17:11:00 - INFO - Starting with epsilon: 3.31
2025-05-04 17:11:13 - INFO - Starting with epsilon: 3.41
2025-05-04 17:11:27 - INFO - Starting with epsilon: 3.51
2025-05-04 17:11:41 - INFO - Starting with epsilon: 3.61
2025-05-04 17:11:54 - INFO - Starting with epsilon: 3.71
2025-05-04 17:12:08 - INFO - Starting with epsilon: 3.81
2025-05-04 17:12:21 - INFO - Starting with epsilon: 3.91
2025-05-04 17:12:35 - INFO - Starting with epsilon: 4.01
2025-05-04 17:12:49 - INFO - Starting with epsilon: 4.11
2025-05-04 17:13:02 - INFO - Starting with epsilon: 4.21
2025-05-04 17:13:16 - INFO - Starting with epsilon: 4.31
2025-05-04 17:13:29 - INFO - Starting with epsilon: 4.41
2025-05-04 17:13:43 - INFO - Starting with epsilon: 4.51
2025-05-04 17:13:57 - INFO - Starting with epsilon: 4.61
2025-05-04 17:14:10 - INFO - Starting with epsilon: 4.71
2025-05-04 17:14:24 - INFO - Starting with epsilon: 4.81
2025-05-04 17:14:37 - INFO - Starting with epsilon: 4.91
2025-05-04 17:14:51 - INFO - Starting with epsilon: 5.01
2025-05-04 17:15:04 - INFO - Starting with epsilon: 5.11
2025-05-04 17:15:18 - INFO - Starting with epsilon: 5.21
2025-05-04 17:15:32 - INFO - Starting with epsilon: 5.31
2025-05-04 17:15:45 - INFO - Starting with epsilon: 5.41
2025-05-04 17:15:59 - INFO - Starting with epsilon: 5.51
2025-05-04 17:16:12 - INFO - Starting with epsilon: 5.61
2025-05-04 17:16:26 - INFO - Starting with epsilon: 5.71
2025-05-04 17:16:40 - INFO - Starting with epsilon: 5.81
2025-05-04 17:16:53 - INFO - Starting with epsilon: 5.91
2025-05-04 17:17:07 - INFO - Starting with epsilon: 6.01
2025-05-04 17:17:21 - INFO - Starting with epsilon: 6.11
2025-05-04 17:17:34 - INFO - Starting with epsilon: 6.21
2025-05-04 17:17:48 - INFO - Starting with epsilon: 6.31
2025-05-04 17:18:02 - INFO - Starting with epsilon: 6.41
2025-05-04 17:18:15 - INFO - Starting with epsilon: 6.51
2025-05-04 17:18:29 - INFO - Starting with epsilon: 6.61
2025-05-04 17:18:43 - INFO - Starting with epsilon: 6.71
2025-05-04 17:18:56 - INFO - Starting with epsilon: 6.81
2025-05-04 17:19:10 - INFO - Starting with epsilon: 6.91
2025-05-04 17:19:23 - INFO - Starting with epsilon: 7.01
2025-05-04 17:19:37 - INFO - Starting with epsilon: 7.11
2025-05-04 17:19:51 - INFO - Starting with epsilon: 7.21
2025-05-04 17:20:04 - INFO - Starting with epsilon: 7.31
2025-05-04 17:20:18 - INFO - Starting with epsilon: 7.41
2025-05-04 17:20:32 - INFO - Starting with epsilon: 7.51
2025-05-04 17:20:45 - INFO - Starting with epsilon: 7.61
2025-05-04 17:20:59 - INFO - Starting with epsilon: 7.71
2025-05-04 17:21:13 - INFO - Starting with epsilon: 7.81
2025-05-04 17:21:26 - INFO - Starting with epsilon: 7.91
2025-05-04 17:21:40 - INFO - Starting with epsilon: 8.01
2025-05-04 17:21:54 - INFO - Starting with epsilon: 8.11
2025-05-04 17:22:08 - INFO - Starting with epsilon: 8.21
2025-05-04 17:22:21 - INFO - Starting with epsilon: 8.31
2025-05-04 17:22:35 - INFO - Starting with epsilon: 8.41
2025-05-04 17:22:49 - INFO - Starting with epsilon: 8.51
2025-05-04 17:23:03 - INFO - Starting with epsilon: 8.61
2025-05-04 17:23:16 - INFO - Starting with epsilon: 8.71
2025-05-04 17:23:30 - INFO - Starting with epsilon: 8.81
2025-05-04 17:23:43 - INFO - Starting with epsilon: 8.91
2025-05-04 17:23:57 - INFO - Starting with epsilon: 9.01
2025-05-04 17:24:11 - INFO - Starting with epsilon: 9.11
2025-05-04 17:24:25 - INFO - Starting with epsilon: 9.21
2025-05-04 17:24:38 - INFO - Starting with epsilon: 9.31
2025-05-04 17:24:52 - INFO - Starting with epsilon: 9.41
2025-05-04 17:25:06 - INFO - Starting with epsilon: 9.51
2025-05-04 17:25:19 - INFO - Starting with epsilon: 9.61
2025-05-04 17:25:33 - INFO - Starting with epsilon: 9.71
2025-05-04 17:25:47 - INFO - Starting with epsilon: 9.81
2025-05-04 17:26:00 - INFO - Starting with epsilon: 9.91
2025-05-04 17:26:14 - INFO - Starting with epsilon: 10
2025-05-04 17:26:28 - INFO - Saving beats 5 min and 25 min for single beats with bounded_n
2025-05-04 17:26:28 - INFO - Saving beats 30 min for single beats with bounded_n
2025-05-04 17:26:38 - INFO - Starting with trio beats dataset
2025-05-04 17:26:39 - INFO - Starting with epsilon: 0.01
2025-05-04 17:26:53 - INFO - Starting with epsilon: 0.021
2025-05-04 17:27:07 - INFO - Starting with epsilon: 0.031
2025-05-04 17:27:21 - INFO - Starting with epsilon: 0.041
2025-05-04 17:27:35 - INFO - Starting with epsilon: 0.051
2025-05-04 17:27:49 - INFO - Starting with epsilon: 0.061
2025-05-04 17:28:03 - INFO - Starting with epsilon: 0.071
2025-05-04 17:28:17 - INFO - Starting with epsilon: 0.081
2025-05-04 17:28:31 - INFO - Starting with epsilon: 0.091
2025-05-04 17:28:45 - INFO - Starting with epsilon: 0.11
2025-05-04 17:28:59 - INFO - Starting with epsilon: 0.21
2025-05-04 17:29:13 - INFO - Starting with epsilon: 0.31
2025-05-04 17:29:27 - INFO - Starting with epsilon: 0.41
2025-05-04 17:29:41 - INFO - Starting with epsilon: 0.51
2025-05-04 17:29:55 - INFO - Starting with epsilon: 0.61
2025-05-04 17:30:08 - INFO - Starting with epsilon: 0.71
2025-05-04 17:30:22 - INFO - Starting with epsilon: 0.81
2025-05-04 17:30:36 - INFO - Starting with epsilon: 0.91
2025-05-04 17:30:50 - INFO - Starting with epsilon: 1.01
2025-05-04 17:31:04 - INFO - Starting with epsilon: 1.11
2025-05-04 17:31:18 - INFO - Starting with epsilon: 1.21
2025-05-04 17:31:32 - INFO - Starting with epsilon: 1.31
2025-05-04 17:31:46 - INFO - Starting with epsilon: 1.41
2025-05-04 17:32:00 - INFO - Starting with epsilon: 1.51
2025-05-04 17:32:14 - INFO - Starting with epsilon: 1.61
2025-05-04 17:32:28 - INFO - Starting with epsilon: 1.71
2025-05-04 17:32:42 - INFO - Starting with epsilon: 1.81
2025-05-04 17:32:56 - INFO - Starting with epsilon: 1.91
2025-05-04 17:33:10 - INFO - Starting with epsilon: 2.01
2025-05-04 17:33:24 - INFO - Starting with epsilon: 2.11
2025-05-04 17:33:38 - INFO - Starting with epsilon: 2.21
2025-05-04 17:33:52 - INFO - Starting with epsilon: 2.31
2025-05-04 17:34:06 - INFO - Starting with epsilon: 2.41
2025-05-04 17:34:20 - INFO - Starting with epsilon: 2.51
2025-05-04 17:34:34 - INFO - Starting with epsilon: 2.61
2025-05-04 17:34:48 - INFO - Starting with epsilon: 2.71
2025-05-04 17:35:02 - INFO - Starting with epsilon: 2.81
2025-05-04 17:35:16 - INFO - Starting with epsilon: 2.91
2025-05-04 17:35:29 - INFO - Starting with epsilon: 3.01
2025-05-04 17:35:43 - INFO - Starting with epsilon: 3.11
2025-05-04 17:35:57 - INFO - Starting with epsilon: 3.21
2025-05-04 17:36:11 - INFO - Starting with epsilon: 3.31
2025-05-04 17:36:25 - INFO - Starting with epsilon: 3.41
2025-05-04 17:36:39 - INFO - Starting with epsilon: 3.51
2025-05-04 17:36:53 - INFO - Starting with epsilon: 3.61
2025-05-04 17:37:07 - INFO - Starting with epsilon: 3.71
2025-05-04 17:37:20 - INFO - Starting with epsilon: 3.81
2025-05-04 17:37:34 - INFO - Starting with epsilon: 3.91
2025-05-04 17:37:48 - INFO - Starting with epsilon: 4.01
2025-05-04 17:38:02 - INFO - Starting with epsilon: 4.11
2025-05-04 17:38:16 - INFO - Starting with epsilon: 4.21
2025-05-04 17:38:30 - INFO - Starting with epsilon: 4.31
2025-05-04 17:38:44 - INFO - Starting with epsilon: 4.41
2025-05-04 17:38:58 - INFO - Starting with epsilon: 4.51
2025-05-04 17:39:12 - INFO - Starting with epsilon: 4.61
2025-05-04 17:39:26 - INFO - Starting with epsilon: 4.71
2025-05-04 17:39:39 - INFO - Starting with epsilon: 4.81
2025-05-04 17:39:53 - INFO - Starting with epsilon: 4.91
2025-05-04 17:40:07 - INFO - Starting with epsilon: 5.01
2025-05-04 17:40:21 - INFO - Starting with epsilon: 5.11
2025-05-04 17:40:35 - INFO - Starting with epsilon: 5.21
2025-05-04 17:40:49 - INFO - Starting with epsilon: 5.31
2025-05-04 17:41:03 - INFO - Starting with epsilon: 5.41
2025-05-04 17:41:17 - INFO - Starting with epsilon: 5.51
2025-05-04 17:41:31 - INFO - Starting with epsilon: 5.61
2025-05-04 17:41:45 - INFO - Starting with epsilon: 5.71
2025-05-04 17:41:59 - INFO - Starting with epsilon: 5.81
2025-05-04 17:42:13 - INFO - Starting with epsilon: 5.91
2025-05-04 17:42:27 - INFO - Starting with epsilon: 6.01
2025-05-04 17:42:40 - INFO - Starting with epsilon: 6.11
2025-05-04 17:42:54 - INFO - Starting with epsilon: 6.21
2025-05-04 17:43:08 - INFO - Starting with epsilon: 6.31
2025-05-04 17:43:22 - INFO - Starting with epsilon: 6.41
2025-05-04 17:43:36 - INFO - Starting with epsilon: 6.51
2025-05-04 17:43:50 - INFO - Starting with epsilon: 6.61
2025-05-04 17:44:04 - INFO - Starting with epsilon: 6.71
2025-05-04 17:44:18 - INFO - Starting with epsilon: 6.81
2025-05-04 17:44:32 - INFO - Starting with epsilon: 6.91
2025-05-04 17:44:45 - INFO - Starting with epsilon: 7.01
2025-05-04 17:44:59 - INFO - Starting with epsilon: 7.11
2025-05-04 17:45:13 - INFO - Starting with epsilon: 7.21
2025-05-04 17:45:27 - INFO - Starting with epsilon: 7.31
2025-05-04 17:45:41 - INFO - Starting with epsilon: 7.41
2025-05-04 17:45:55 - INFO - Starting with epsilon: 7.51
2025-05-04 17:46:09 - INFO - Starting with epsilon: 7.61
2025-05-04 17:46:23 - INFO - Starting with epsilon: 7.71
2025-05-04 17:46:37 - INFO - Starting with epsilon: 7.81
2025-05-04 17:46:50 - INFO - Starting with epsilon: 7.91
2025-05-04 17:47:04 - INFO - Starting with epsilon: 8.01
2025-05-04 17:47:18 - INFO - Starting with epsilon: 8.11
2025-05-04 17:47:32 - INFO - Starting with epsilon: 8.21
2025-05-04 17:47:46 - INFO - Starting with epsilon: 8.31
2025-05-04 17:48:00 - INFO - Starting with epsilon: 8.41
2025-05-04 17:48:14 - INFO - Starting with epsilon: 8.51
2025-05-04 17:48:28 - INFO - Starting with epsilon: 8.61
2025-05-04 17:48:41 - INFO - Starting with epsilon: 8.71
2025-05-04 17:48:55 - INFO - Starting with epsilon: 8.81
2025-05-04 17:49:09 - INFO - Starting with epsilon: 8.91
2025-05-04 17:49:23 - INFO - Starting with epsilon: 9.01
2025-05-04 17:49:38 - INFO - Starting with epsilon: 9.11
2025-05-04 17:49:52 - INFO - Starting with epsilon: 9.21
2025-05-04 17:50:06 - INFO - Starting with epsilon: 9.31
2025-05-04 17:50:20 - INFO - Starting with epsilon: 9.41
2025-05-04 17:50:34 - INFO - Starting with epsilon: 9.51
2025-05-04 17:50:48 - INFO - Starting with epsilon: 9.61
2025-05-04 17:51:02 - INFO - Starting with epsilon: 9.71
2025-05-04 17:51:16 - INFO - Starting with epsilon: 9.81
2025-05-04 17:51:30 - INFO - Starting with epsilon: 9.91
2025-05-04 17:51:44 - INFO - Starting with epsilon: 10
2025-05-04 17:51:58 - INFO - Saving beats 5 min and 25 min for trio beats with bounded_n
2025-05-04 17:51:58 - INFO - Saving beats 30 min for trio beats with bounded_n
2025-05-04 17:52:08 - INFO - Loading the dataset for gaussian_a.
2025-05-04 17:53:11 - INFO - Starting with single beats dataset
2025-05-04 17:53:12 - INFO - Starting with epsilon: 0.01
2025-05-04 17:53:27 - INFO - Starting with epsilon: 0.021
2025-05-04 17:53:40 - INFO - Starting with epsilon: 0.031
2025-05-04 17:53:54 - INFO - Starting with epsilon: 0.041
2025-05-04 17:54:08 - INFO - Starting with epsilon: 0.051
2025-05-04 17:54:21 - INFO - Starting with epsilon: 0.061
2025-05-04 17:54:35 - INFO - Starting with epsilon: 0.071
2025-05-04 17:54:49 - INFO - Starting with epsilon: 0.081
2025-05-04 17:55:02 - INFO - Starting with epsilon: 0.091
2025-05-04 17:55:16 - INFO - Starting with epsilon: 0.11
2025-05-04 17:55:29 - INFO - Starting with epsilon: 0.21
2025-05-04 17:55:43 - INFO - Starting with epsilon: 0.31
2025-05-04 17:55:57 - INFO - Starting with epsilon: 0.41
2025-05-04 17:56:10 - INFO - Starting with epsilon: 0.51
2025-05-04 17:56:24 - INFO - Starting with epsilon: 0.61
2025-05-04 17:56:38 - INFO - Starting with epsilon: 0.71
2025-05-04 17:56:51 - INFO - Starting with epsilon: 0.81
2025-05-04 17:57:05 - INFO - Starting with epsilon: 0.91
2025-05-04 17:57:18 - INFO - Starting with epsilon: 1.01
2025-05-04 17:57:32 - INFO - Starting with epsilon: 1.11
2025-05-04 17:57:46 - INFO - Starting with epsilon: 1.21
2025-05-04 17:57:59 - INFO - Starting with epsilon: 1.31
2025-05-04 17:58:13 - INFO - Starting with epsilon: 1.41
2025-05-04 17:58:26 - INFO - Starting with epsilon: 1.51
2025-05-04 17:58:40 - INFO - Starting with epsilon: 1.61
2025-05-04 17:58:54 - INFO - Starting with epsilon: 1.71
2025-05-04 17:59:07 - INFO - Starting with epsilon: 1.81
2025-05-04 17:59:21 - INFO - Starting with epsilon: 1.91
2025-05-04 17:59:35 - INFO - Starting with epsilon: 2.01
2025-05-04 17:59:48 - INFO - Starting with epsilon: 2.11
2025-05-04 18:00:02 - INFO - Starting with epsilon: 2.21
2025-05-04 18:00:16 - INFO - Starting with epsilon: 2.31
2025-05-04 18:00:30 - INFO - Starting with epsilon: 2.41
2025-05-04 18:00:44 - INFO - Starting with epsilon: 2.51
2025-05-04 18:00:57 - INFO - Starting with epsilon: 2.61
2025-05-04 18:01:11 - INFO - Starting with epsilon: 2.71
2025-05-04 18:01:25 - INFO - Starting with epsilon: 2.81
2025-05-04 18:01:38 - INFO - Starting with epsilon: 2.91
2025-05-04 18:01:52 - INFO - Starting with epsilon: 3.01
2025-05-04 18:02:06 - INFO - Starting with epsilon: 3.11
2025-05-04 18:02:19 - INFO - Starting with epsilon: 3.21
2025-05-04 18:02:33 - INFO - Starting with epsilon: 3.31
2025-05-04 18:02:47 - INFO - Starting with epsilon: 3.41
2025-05-04 18:03:00 - INFO - Starting with epsilon: 3.51
2025-05-04 18:03:14 - INFO - Starting with epsilon: 3.61
2025-05-04 18:03:28 - INFO - Starting with epsilon: 3.71
2025-05-04 18:03:42 - INFO - Starting with epsilon: 3.81
2025-05-04 18:03:55 - INFO - Starting with epsilon: 3.91
2025-05-04 18:04:08 - INFO - Starting with epsilon: 4.01
2025-05-04 18:04:22 - INFO - Starting with epsilon: 4.11
2025-05-04 18:04:35 - INFO - Starting with epsilon: 4.21
2025-05-04 18:04:48 - INFO - Starting with epsilon: 4.31
2025-05-04 18:05:02 - INFO - Starting with epsilon: 4.41
2025-05-04 18:05:15 - INFO - Starting with epsilon: 4.51
2025-05-04 18:05:29 - INFO - Starting with epsilon: 4.61
2025-05-04 18:05:42 - INFO - Starting with epsilon: 4.71
2025-05-04 18:05:56 - INFO - Starting with epsilon: 4.81
2025-05-04 18:06:09 - INFO - Starting with epsilon: 4.91
2025-05-04 18:06:22 - INFO - Starting with epsilon: 5.01
2025-05-04 18:06:36 - INFO - Starting with epsilon: 5.11
2025-05-04 18:06:49 - INFO - Starting with epsilon: 5.21
2025-05-04 18:07:02 - INFO - Starting with epsilon: 5.31
2025-05-04 18:07:16 - INFO - Starting with epsilon: 5.41
2025-05-04 18:07:30 - INFO - Starting with epsilon: 5.51
2025-05-04 18:07:43 - INFO - Starting with epsilon: 5.61
2025-05-04 18:07:57 - INFO - Starting with epsilon: 5.71
2025-05-04 18:08:11 - INFO - Starting with epsilon: 5.81
2025-05-04 18:08:25 - INFO - Starting with epsilon: 5.91
2025-05-04 18:08:38 - INFO - Starting with epsilon: 6.01
2025-05-04 18:08:53 - INFO - Starting with epsilon: 6.11
2025-05-04 18:09:06 - INFO - Starting with epsilon: 6.21
2025-05-04 18:09:20 - INFO - Starting with epsilon: 6.31
2025-05-04 18:09:34 - INFO - Starting with epsilon: 6.41
2025-05-04 18:09:47 - INFO - Starting with epsilon: 6.51
2025-05-04 18:10:01 - INFO - Starting with epsilon: 6.61
2025-05-04 18:10:14 - INFO - Starting with epsilon: 6.71
2025-05-04 18:10:28 - INFO - Starting with epsilon: 6.81
2025-05-04 18:10:41 - INFO - Starting with epsilon: 6.91
2025-05-04 18:10:55 - INFO - Starting with epsilon: 7.01
2025-05-04 18:11:09 - INFO - Starting with epsilon: 7.11
2025-05-04 18:11:23 - INFO - Starting with epsilon: 7.21
2025-05-04 18:11:36 - INFO - Starting with epsilon: 7.31
2025-05-04 18:11:50 - INFO - Starting with epsilon: 7.41
2025-05-04 18:12:04 - INFO - Starting with epsilon: 7.51
2025-05-04 18:12:17 - INFO - Starting with epsilon: 7.61
2025-05-04 18:12:31 - INFO - Starting with epsilon: 7.71
2025-05-04 18:12:44 - INFO - Starting with epsilon: 7.81
2025-05-04 18:12:58 - INFO - Starting with epsilon: 7.91
2025-05-04 18:13:12 - INFO - Starting with epsilon: 8.01
2025-05-04 18:13:25 - INFO - Starting with epsilon: 8.11
2025-05-04 18:13:39 - INFO - Starting with epsilon: 8.21
2025-05-04 18:13:53 - INFO - Starting with epsilon: 8.31
2025-05-04 18:14:06 - INFO - Starting with epsilon: 8.41
2025-05-04 18:14:20 - INFO - Starting with epsilon: 8.51
2025-05-04 18:14:34 - INFO - Starting with epsilon: 8.61
2025-05-04 18:14:47 - INFO - Starting with epsilon: 8.71
2025-05-04 18:15:01 - INFO - Starting with epsilon: 8.81
2025-05-04 18:15:15 - INFO - Starting with epsilon: 8.91
2025-05-04 18:15:28 - INFO - Starting with epsilon: 9.01
2025-05-04 18:15:42 - INFO - Starting with epsilon: 9.11
2025-05-04 18:15:56 - INFO - Starting with epsilon: 9.21
2025-05-04 18:16:10 - INFO - Starting with epsilon: 9.31
2025-05-04 18:16:23 - INFO - Starting with epsilon: 9.41
2025-05-04 18:16:37 - INFO - Starting with epsilon: 9.51
2025-05-04 18:16:51 - INFO - Starting with epsilon: 9.61
2025-05-04 18:17:04 - INFO - Starting with epsilon: 9.71
2025-05-04 18:17:18 - INFO - Starting with epsilon: 9.81
2025-05-04 18:17:32 - INFO - Starting with epsilon: 9.91
2025-05-04 18:17:46 - INFO - Starting with epsilon: 10
2025-05-04 18:17:59 - INFO - Saving beats 5 min and 25 min for single beats with gaussian_a
2025-05-04 18:17:59 - INFO - Saving beats 30 min for single beats with gaussian_a
2025-05-04 18:18:10 - INFO - Starting with trio beats dataset
2025-05-04 18:18:10 - INFO - Starting with epsilon: 0.01
2025-05-04 18:18:24 - INFO - Starting with epsilon: 0.021
2025-05-04 18:18:38 - INFO - Starting with epsilon: 0.031
2025-05-04 18:18:52 - INFO - Starting with epsilon: 0.041
2025-05-04 18:19:06 - INFO - Starting with epsilon: 0.051
2025-05-04 18:19:20 - INFO - Starting with epsilon: 0.061
2025-05-04 18:19:34 - INFO - Starting with epsilon: 0.071
2025-05-04 18:19:49 - INFO - Starting with epsilon: 0.081
2025-05-04 18:20:02 - INFO - Starting with epsilon: 0.091
2025-05-04 18:20:16 - INFO - Starting with epsilon: 0.11
2025-05-04 18:20:30 - INFO - Starting with epsilon: 0.21
2025-05-04 18:20:44 - INFO - Starting with epsilon: 0.31
2025-05-04 18:20:58 - INFO - Starting with epsilon: 0.41
2025-05-04 18:21:12 - INFO - Starting with epsilon: 0.51
2025-05-04 18:21:26 - INFO - Starting with epsilon: 0.61
2025-05-04 18:21:40 - INFO - Starting with epsilon: 0.71
2025-05-04 18:21:54 - INFO - Starting with epsilon: 0.81
2025-05-04 18:22:08 - INFO - Starting with epsilon: 0.91
2025-05-04 18:22:21 - INFO - Starting with epsilon: 1.01
2025-05-04 18:22:35 - INFO - Starting with epsilon: 1.11
2025-05-04 18:22:49 - INFO - Starting with epsilon: 1.21
2025-05-04 18:23:02 - INFO - Starting with epsilon: 1.31
2025-05-04 18:23:16 - INFO - Starting with epsilon: 1.41
2025-05-04 18:23:30 - INFO - Starting with epsilon: 1.51
2025-05-04 18:23:43 - INFO - Starting with epsilon: 1.61
2025-05-04 18:23:57 - INFO - Starting with epsilon: 1.71
2025-05-04 18:24:10 - INFO - Starting with epsilon: 1.81
2025-05-04 18:24:24 - INFO - Starting with epsilon: 1.91
2025-05-04 18:24:37 - INFO - Starting with epsilon: 2.01
2025-05-04 18:24:51 - INFO - Starting with epsilon: 2.11
2025-05-04 18:25:05 - INFO - Starting with epsilon: 2.21
2025-05-04 18:25:18 - INFO - Starting with epsilon: 2.31
2025-05-04 18:25:32 - INFO - Starting with epsilon: 2.41
2025-05-04 18:25:45 - INFO - Starting with epsilon: 2.51
2025-05-04 18:25:59 - INFO - Starting with epsilon: 2.61
2025-05-04 18:26:13 - INFO - Starting with epsilon: 2.71
2025-05-04 18:26:27 - INFO - Starting with epsilon: 2.81
2025-05-04 18:26:41 - INFO - Starting with epsilon: 2.91
2025-05-04 18:26:55 - INFO - Starting with epsilon: 3.01
2025-05-04 18:27:09 - INFO - Starting with epsilon: 3.11
2025-05-04 18:27:23 - INFO - Starting with epsilon: 3.21
2025-05-04 18:27:37 - INFO - Starting with epsilon: 3.31
2025-05-04 18:27:51 - INFO - Starting with epsilon: 3.41
2025-05-04 18:28:05 - INFO - Starting with epsilon: 3.51
2025-05-04 18:28:19 - INFO - Starting with epsilon: 3.61
2025-05-04 18:28:32 - INFO - Starting with epsilon: 3.71
2025-05-04 18:28:46 - INFO - Starting with epsilon: 3.81
2025-05-04 18:29:00 - INFO - Starting with epsilon: 3.91
2025-05-04 18:29:14 - INFO - Starting with epsilon: 4.01
2025-05-04 18:29:28 - INFO - Starting with epsilon: 4.11
2025-05-04 18:29:42 - INFO - Starting with epsilon: 4.21
2025-05-04 18:29:56 - INFO - Starting with epsilon: 4.31
2025-05-04 18:30:09 - INFO - Starting with epsilon: 4.41
2025-05-04 18:30:23 - INFO - Starting with epsilon: 4.51
2025-05-04 18:30:37 - INFO - Starting with epsilon: 4.61
2025-05-04 18:30:51 - INFO - Starting with epsilon: 4.71
2025-05-04 18:31:05 - INFO - Starting with epsilon: 4.81
2025-05-04 18:31:19 - INFO - Starting with epsilon: 4.91
2025-05-04 18:31:33 - INFO - Starting with epsilon: 5.01
2025-05-04 18:31:47 - INFO - Starting with epsilon: 5.11
2025-05-04 18:32:01 - INFO - Starting with epsilon: 5.21
2025-05-04 18:32:14 - INFO - Starting with epsilon: 5.31
2025-05-04 18:32:28 - INFO - Starting with epsilon: 5.41
2025-05-04 18:32:42 - INFO - Starting with epsilon: 5.51
2025-05-04 18:32:56 - INFO - Starting with epsilon: 5.61
2025-05-04 18:33:10 - INFO - Starting with epsilon: 5.71
2025-05-04 18:33:24 - INFO - Starting with epsilon: 5.81
2025-05-04 18:33:38 - INFO - Starting with epsilon: 5.91
2025-05-04 18:33:51 - INFO - Starting with epsilon: 6.01
2025-05-04 18:34:05 - INFO - Starting with epsilon: 6.11
2025-05-04 18:34:19 - INFO - Starting with epsilon: 6.21
2025-05-04 18:34:33 - INFO - Starting with epsilon: 6.31
2025-05-04 18:34:47 - INFO - Starting with epsilon: 6.41
2025-05-04 18:35:00 - INFO - Starting with epsilon: 6.51
2025-05-04 18:35:14 - INFO - Starting with epsilon: 6.61
2025-05-04 18:35:28 - INFO - Starting with epsilon: 6.71
2025-05-04 18:35:42 - INFO - Starting with epsilon: 6.81
2025-05-04 18:35:56 - INFO - Starting with epsilon: 6.91
2025-05-04 18:36:10 - INFO - Starting with epsilon: 7.01
2025-05-04 18:36:23 - INFO - Starting with epsilon: 7.11
2025-05-04 18:36:37 - INFO - Starting with epsilon: 7.21
2025-05-04 18:36:51 - INFO - Starting with epsilon: 7.31
2025-05-04 18:37:05 - INFO - Starting with epsilon: 7.41
2025-05-04 18:37:19 - INFO - Starting with epsilon: 7.51
2025-05-04 18:37:33 - INFO - Starting with epsilon: 7.61
2025-05-04 18:37:46 - INFO - Starting with epsilon: 7.71
2025-05-04 18:38:00 - INFO - Starting with epsilon: 7.81
2025-05-04 18:38:14 - INFO - Starting with epsilon: 7.91
2025-05-04 18:38:28 - INFO - Starting with epsilon: 8.01
2025-05-04 18:38:42 - INFO - Starting with epsilon: 8.11
2025-05-04 18:38:56 - INFO - Starting with epsilon: 8.21
2025-05-04 18:39:09 - INFO - Starting with epsilon: 8.31
2025-05-04 18:39:23 - INFO - Starting with epsilon: 8.41
2025-05-04 18:39:37 - INFO - Starting with epsilon: 8.51
2025-05-04 18:39:51 - INFO - Starting with epsilon: 8.61
2025-05-04 18:40:05 - INFO - Starting with epsilon: 8.71
2025-05-04 18:40:19 - INFO - Starting with epsilon: 8.81
2025-05-04 18:40:33 - INFO - Starting with epsilon: 8.91
2025-05-04 18:40:47 - INFO - Starting with epsilon: 9.01
2025-05-04 18:41:01 - INFO - Starting with epsilon: 9.11
2025-05-04 18:41:15 - INFO - Starting with epsilon: 9.21
2025-05-04 18:41:29 - INFO - Starting with epsilon: 9.31
2025-05-04 18:41:43 - INFO - Starting with epsilon: 9.41
2025-05-04 18:41:57 - INFO - Starting with epsilon: 9.51
2025-05-04 18:42:10 - INFO - Starting with epsilon: 9.61
2025-05-04 18:42:25 - INFO - Starting with epsilon: 9.71
2025-05-04 18:42:39 - INFO - Starting with epsilon: 9.81
2025-05-04 18:42:52 - INFO - Starting with epsilon: 9.91
2025-05-04 18:43:07 - INFO - Starting with epsilon: 10
2025-05-04 18:43:21 - INFO - Saving beats 5 min and 25 min for trio beats with gaussian_a
2025-05-04 18:43:21 - INFO - Saving beats 30 min for trio beats with gaussian_a
