nohup: ignoring input
2025-03-23 15:19:31 - INFO - Setup for gaussian_a ...
2025-03-23 15:19:31 - INFO - Pretrained net available for epsilon 0.91
2025-03-23 15:19:37 - INFO - Repeat 1/10 for epsilon 0.91
2025-03-23 15:19:38 - INFO - Repeat 2/10 for epsilon 0.91
2025-03-23 15:19:39 - INFO - Repeat 3/10 for epsilon 0.91
2025-03-23 15:19:39 - INFO - Repeat 4/10 for epsilon 0.91
2025-03-23 15:19:40 - INFO - Repeat 5/10 for epsilon 0.91
2025-03-23 15:19:41 - INFO - Repeat 6/10 for epsilon 0.91
2025-03-23 15:19:41 - INFO - Repeat 7/10 for epsilon 0.91
2025-03-23 15:19:42 - INFO - Repeat 8/10 for epsilon 0.91
2025-03-23 15:19:43 - INFO - Repeat 9/10 for epsilon 0.91
2025-03-23 15:19:43 - INFO - Repeat 10/10 for epsilon 0.91
2025-03-23 15:19:44 - INFO - All repeats for epsilon 0.91 done. Saving prob, performance, config.
2025-03-23 15:19:44 - INFO - Getting data for epsilon 1.21 ...
2025-03-23 15:19:44 - INFO - Repeat 1/10 for epsilon 1.21
2025-03-23 15:19:44 - INFO - Training for patient 100 ...
2025-03-23 15:19:47 - INFO - Training for patient 101 ...
2025-03-23 15:19:49 - INFO - Training for patient 103 ...
2025-03-23 15:19:52 - INFO - Training for patient 106 ...
2025-03-23 15:19:54 - INFO - Training for patient 108 ...
2025-03-23 15:19:56 - INFO - Training for patient 109 ...
2025-03-23 15:19:59 - INFO - Training for patient 111 ...
2025-03-23 15:20:01 - INFO - Training for patient 112 ...
2025-03-23 15:20:04 - INFO - Training for patient 113 ...
2025-03-23 15:20:06 - INFO - Training for patient 115 ...
2025-03-23 15:20:08 - INFO - Training for patient 116 ...
2025-03-23 15:20:11 - INFO - Training for patient 117 ...
2025-03-23 15:20:13 - INFO - Training for patient 118 ...
2025-03-23 15:20:16 - INFO - Training for patient 119 ...
2025-03-23 15:20:18 - INFO - Training for patient 121 ...
2025-03-23 15:20:20 - INFO - Training for patient 122 ...
2025-03-23 15:20:23 - INFO - Training for patient 123 ...
2025-03-23 15:20:25 - INFO - Training for patient 124 ...
2025-03-23 15:20:28 - INFO - Training for patient 200 ...
2025-03-23 15:20:30 - INFO - Training for patient 203 ...
2025-03-23 15:20:32 - INFO - Training for patient 205 ...
2025-03-23 15:20:35 - INFO - Training for patient 208 ...
2025-03-23 15:20:37 - INFO - Training for patient 210 ...
2025-03-23 15:20:40 - INFO - Training for patient 212 ...
2025-03-23 15:20:42 - INFO - Training for patient 214 ...
2025-03-23 15:20:44 - INFO - Training for patient 215 ...
2025-03-23 15:20:47 - INFO - Training for patient 219 ...
2025-03-23 15:20:49 - INFO - Training for patient 220 ...
2025-03-23 15:20:52 - INFO - Training for patient 221 ...
2025-03-23 15:20:54 - INFO - Training for patient 228 ...
2025-03-23 15:20:56 - INFO - Training for patient 230 ...
2025-03-23 15:20:59 - INFO - Training for patient 231 ...
2025-03-23 15:21:01 - INFO - Training for patient 232 ...
2025-03-23 15:21:03 - INFO - Training for patient 233 ...
2025-03-23 15:21:06 - INFO - Repeat 2/10 for epsilon 1.21
2025-03-23 15:21:06 - INFO - Training for patient 100 ...
2025-03-23 15:21:08 - INFO - Training for patient 101 ...
2025-03-23 15:21:11 - INFO - Training for patient 103 ...
2025-03-23 15:21:13 - INFO - Training for patient 106 ...
2025-03-23 15:21:15 - INFO - Training for patient 108 ...
2025-03-23 15:21:18 - INFO - Training for patient 109 ...
2025-03-23 15:21:20 - INFO - Training for patient 111 ...
2025-03-23 15:21:23 - INFO - Training for patient 112 ...
2025-03-23 15:21:25 - INFO - Training for patient 113 ...
2025-03-23 15:21:27 - INFO - Training for patient 115 ...
2025-03-23 15:21:30 - INFO - Training for patient 116 ...
2025-03-23 15:21:32 - INFO - Training for patient 117 ...
2025-03-23 15:21:35 - INFO - Training for patient 118 ...
2025-03-23 15:21:37 - INFO - Training for patient 119 ...
2025-03-23 15:21:40 - INFO - Training for patient 121 ...
2025-03-23 15:21:42 - INFO - Training for patient 122 ...
2025-03-23 15:21:44 - INFO - Training for patient 123 ...
2025-03-23 15:21:47 - INFO - Training for patient 124 ...
2025-03-23 15:21:49 - INFO - Training for patient 200 ...
2025-03-23 15:21:52 - INFO - Training for patient 203 ...
2025-03-23 15:21:54 - INFO - Training for patient 205 ...
2025-03-23 15:21:56 - INFO - Training for patient 208 ...
2025-03-23 15:21:59 - INFO - Training for patient 210 ...
2025-03-23 15:22:01 - INFO - Training for patient 212 ...
2025-03-23 15:22:03 - INFO - Training for patient 214 ...
2025-03-23 15:22:06 - INFO - Training for patient 215 ...
2025-03-23 15:22:08 - INFO - Training for patient 219 ...
2025-03-23 15:22:11 - INFO - Training for patient 220 ...
2025-03-23 15:22:13 - INFO - Training for patient 221 ...
2025-03-23 15:22:15 - INFO - Training for patient 228 ...
2025-03-23 15:22:18 - INFO - Training for patient 230 ...
2025-03-23 15:22:20 - INFO - Training for patient 231 ...
2025-03-23 15:22:22 - INFO - Training for patient 232 ...
2025-03-23 15:22:25 - INFO - Training for patient 233 ...
2025-03-23 15:22:27 - INFO - Repeat 3/10 for epsilon 1.21
2025-03-23 15:22:27 - INFO - Training for patient 100 ...
2025-03-23 15:22:29 - INFO - Training for patient 101 ...
2025-03-23 15:22:32 - INFO - Training for patient 103 ...
2025-03-23 15:22:34 - INFO - Training for patient 106 ...
2025-03-23 15:22:36 - INFO - Training for patient 108 ...
2025-03-23 15:22:39 - INFO - Training for patient 109 ...
2025-03-23 15:22:41 - INFO - Training for patient 111 ...
2025-03-23 15:22:43 - INFO - Training for patient 112 ...
2025-03-23 15:22:46 - INFO - Training for patient 113 ...
2025-03-23 15:22:48 - INFO - Training for patient 115 ...
2025-03-23 15:22:50 - INFO - Training for patient 116 ...
2025-03-23 15:22:53 - INFO - Training for patient 117 ...
2025-03-23 15:22:55 - INFO - Training for patient 118 ...
2025-03-23 15:22:58 - INFO - Training for patient 119 ...
2025-03-23 15:23:00 - INFO - Training for patient 121 ...
2025-03-23 15:23:02 - INFO - Training for patient 122 ...
2025-03-23 15:23:05 - INFO - Training for patient 123 ...
2025-03-23 15:23:07 - INFO - Training for patient 124 ...
2025-03-23 15:23:10 - INFO - Training for patient 200 ...
2025-03-23 15:23:12 - INFO - Training for patient 203 ...
2025-03-23 15:23:15 - INFO - Training for patient 205 ...
2025-03-23 15:23:17 - INFO - Training for patient 208 ...
2025-03-23 15:23:19 - INFO - Training for patient 210 ...
2025-03-23 15:23:22 - INFO - Training for patient 212 ...
2025-03-23 15:23:24 - INFO - Training for patient 214 ...
2025-03-23 15:23:27 - INFO - Training for patient 215 ...
2025-03-23 15:23:29 - INFO - Training for patient 219 ...
2025-03-23 15:23:32 - INFO - Training for patient 220 ...
2025-03-23 15:23:34 - INFO - Training for patient 221 ...
2025-03-23 15:23:36 - INFO - Training for patient 228 ...
2025-03-23 15:23:39 - INFO - Training for patient 230 ...
2025-03-23 15:23:41 - INFO - Training for patient 231 ...
2025-03-23 15:23:43 - INFO - Training for patient 232 ...
2025-03-23 15:23:46 - INFO - Training for patient 233 ...
2025-03-23 15:23:48 - INFO - Repeat 4/10 for epsilon 1.21
2025-03-23 15:23:48 - INFO - Training for patient 100 ...
2025-03-23 15:23:51 - INFO - Training for patient 101 ...
2025-03-23 15:23:53 - INFO - Training for patient 103 ...
2025-03-23 15:23:55 - INFO - Training for patient 106 ...
2025-03-23 15:23:58 - INFO - Training for patient 108 ...
2025-03-23 15:24:00 - INFO - Training for patient 109 ...
2025-03-23 15:24:02 - INFO - Training for patient 111 ...
2025-03-23 15:24:05 - INFO - Training for patient 112 ...
2025-03-23 15:24:07 - INFO - Training for patient 113 ...
2025-03-23 15:24:10 - INFO - Training for patient 115 ...
2025-03-23 15:24:12 - INFO - Training for patient 116 ...
2025-03-23 15:24:14 - INFO - Training for patient 117 ...
2025-03-23 15:24:17 - INFO - Training for patient 118 ...
2025-03-23 15:24:19 - INFO - Training for patient 119 ...
2025-03-23 15:24:21 - INFO - Training for patient 121 ...
2025-03-23 15:24:24 - INFO - Training for patient 122 ...
2025-03-23 15:24:26 - INFO - Training for patient 123 ...
2025-03-23 15:24:28 - INFO - Training for patient 124 ...
2025-03-23 15:24:31 - INFO - Training for patient 200 ...
2025-03-23 15:24:33 - INFO - Training for patient 203 ...
2025-03-23 15:24:35 - INFO - Training for patient 205 ...
2025-03-23 15:24:38 - INFO - Training for patient 208 ...
2025-03-23 15:24:40 - INFO - Training for patient 210 ...
2025-03-23 15:24:42 - INFO - Training for patient 212 ...
2025-03-23 15:24:45 - INFO - Training for patient 214 ...
2025-03-23 15:24:47 - INFO - Training for patient 215 ...
2025-03-23 15:24:49 - INFO - Training for patient 219 ...
2025-03-23 15:24:52 - INFO - Training for patient 220 ...
2025-03-23 15:24:54 - INFO - Training for patient 221 ...
2025-03-23 15:24:57 - INFO - Training for patient 228 ...
2025-03-23 15:24:59 - INFO - Training for patient 230 ...
2025-03-23 15:25:01 - INFO - Training for patient 231 ...
2025-03-23 15:25:03 - INFO - Training for patient 232 ...
2025-03-23 15:25:06 - INFO - Training for patient 233 ...
2025-03-23 15:25:08 - INFO - Repeat 5/10 for epsilon 1.21
2025-03-23 15:25:08 - INFO - Training for patient 100 ...
2025-03-23 15:25:11 - INFO - Training for patient 101 ...
2025-03-23 15:25:13 - INFO - Training for patient 103 ...
2025-03-23 15:25:15 - INFO - Training for patient 106 ...
2025-03-23 15:25:18 - INFO - Training for patient 108 ...
2025-03-23 15:25:20 - INFO - Training for patient 109 ...
2025-03-23 15:25:22 - INFO - Training for patient 111 ...
2025-03-23 15:25:25 - INFO - Training for patient 112 ...
2025-03-23 15:25:27 - INFO - Training for patient 113 ...
2025-03-23 15:25:29 - INFO - Training for patient 115 ...
2025-03-23 15:25:32 - INFO - Training for patient 116 ...
2025-03-23 15:25:34 - INFO - Training for patient 117 ...
2025-03-23 15:25:36 - INFO - Training for patient 118 ...
2025-03-23 15:25:39 - INFO - Training for patient 119 ...
2025-03-23 15:25:41 - INFO - Training for patient 121 ...
2025-03-23 15:25:43 - INFO - Training for patient 122 ...
2025-03-23 15:25:46 - INFO - Training for patient 123 ...
2025-03-23 15:25:48 - INFO - Training for patient 124 ...
2025-03-23 15:25:50 - INFO - Training for patient 200 ...
2025-03-23 15:25:53 - INFO - Training for patient 203 ...
2025-03-23 15:25:55 - INFO - Training for patient 205 ...
2025-03-23 15:25:57 - INFO - Training for patient 208 ...
2025-03-23 15:26:00 - INFO - Training for patient 210 ...
2025-03-23 15:26:02 - INFO - Training for patient 212 ...
2025-03-23 15:26:04 - INFO - Training for patient 214 ...
2025-03-23 15:26:06 - INFO - Training for patient 215 ...
2025-03-23 15:26:09 - INFO - Training for patient 219 ...
2025-03-23 15:26:11 - INFO - Training for patient 220 ...
2025-03-23 15:26:13 - INFO - Training for patient 221 ...
2025-03-23 15:26:16 - INFO - Training for patient 228 ...
2025-03-23 15:26:18 - INFO - Training for patient 230 ...
2025-03-23 15:26:20 - INFO - Training for patient 231 ...
2025-03-23 15:26:23 - INFO - Training for patient 232 ...
2025-03-23 15:26:25 - INFO - Training for patient 233 ...
2025-03-23 15:26:27 - INFO - Repeat 6/10 for epsilon 1.21
2025-03-23 15:26:27 - INFO - Training for patient 100 ...
2025-03-23 15:26:30 - INFO - Training for patient 101 ...
2025-03-23 15:26:32 - INFO - Training for patient 103 ...
2025-03-23 15:26:34 - INFO - Training for patient 106 ...
2025-03-23 15:26:37 - INFO - Training for patient 108 ...
2025-03-23 15:26:39 - INFO - Training for patient 109 ...
2025-03-23 15:26:42 - INFO - Training for patient 111 ...
2025-03-23 15:26:44 - INFO - Training for patient 112 ...
2025-03-23 15:26:46 - INFO - Training for patient 113 ...
2025-03-23 15:26:49 - INFO - Training for patient 115 ...
2025-03-23 15:26:51 - INFO - Training for patient 116 ...
2025-03-23 15:26:54 - INFO - Training for patient 117 ...
2025-03-23 15:26:56 - INFO - Training for patient 118 ...
2025-03-23 15:26:58 - INFO - Training for patient 119 ...
2025-03-23 15:27:01 - INFO - Training for patient 121 ...
2025-03-23 15:27:03 - INFO - Training for patient 122 ...
2025-03-23 15:27:05 - INFO - Training for patient 123 ...
2025-03-23 15:27:07 - INFO - Training for patient 124 ...
2025-03-23 15:27:10 - INFO - Training for patient 200 ...
2025-03-23 15:27:12 - INFO - Training for patient 203 ...
2025-03-23 15:27:15 - INFO - Training for patient 205 ...
2025-03-23 15:27:17 - INFO - Training for patient 208 ...
2025-03-23 15:27:19 - INFO - Training for patient 210 ...
2025-03-23 15:27:22 - INFO - Training for patient 212 ...
2025-03-23 15:27:24 - INFO - Training for patient 214 ...
2025-03-23 15:27:26 - INFO - Training for patient 215 ...
2025-03-23 15:27:29 - INFO - Training for patient 219 ...
2025-03-23 15:27:31 - INFO - Training for patient 220 ...
2025-03-23 15:27:34 - INFO - Training for patient 221 ...
2025-03-23 15:27:36 - INFO - Training for patient 228 ...
2025-03-23 15:27:38 - INFO - Training for patient 230 ...
2025-03-23 15:27:41 - INFO - Training for patient 231 ...
2025-03-23 15:27:43 - INFO - Training for patient 232 ...
2025-03-23 15:27:45 - INFO - Training for patient 233 ...
2025-03-23 15:27:48 - INFO - Repeat 7/10 for epsilon 1.21
2025-03-23 15:27:48 - INFO - Training for patient 100 ...
2025-03-23 15:27:50 - INFO - Training for patient 101 ...
2025-03-23 15:27:52 - INFO - Training for patient 103 ...
2025-03-23 15:27:55 - INFO - Training for patient 106 ...
2025-03-23 15:27:57 - INFO - Training for patient 108 ...
2025-03-23 15:27:59 - INFO - Training for patient 109 ...
2025-03-23 15:28:02 - INFO - Training for patient 111 ...
2025-03-23 15:28:04 - INFO - Training for patient 112 ...
2025-03-23 15:28:06 - INFO - Training for patient 113 ...
2025-03-23 15:28:09 - INFO - Training for patient 115 ...
2025-03-23 15:28:11 - INFO - Training for patient 116 ...
2025-03-23 15:28:14 - INFO - Training for patient 117 ...
2025-03-23 15:28:16 - INFO - Training for patient 118 ...
2025-03-23 15:28:19 - INFO - Training for patient 119 ...
2025-03-23 15:28:21 - INFO - Training for patient 121 ...
2025-03-23 15:28:23 - INFO - Training for patient 122 ...
2025-03-23 15:28:26 - INFO - Training for patient 123 ...
2025-03-23 15:28:28 - INFO - Training for patient 124 ...
2025-03-23 15:28:31 - INFO - Training for patient 200 ...
2025-03-23 15:28:33 - INFO - Training for patient 203 ...
2025-03-23 15:28:36 - INFO - Training for patient 205 ...
2025-03-23 15:28:38 - INFO - Training for patient 208 ...
2025-03-23 15:28:40 - INFO - Training for patient 210 ...
2025-03-23 15:28:43 - INFO - Training for patient 212 ...
2025-03-23 15:28:45 - INFO - Training for patient 214 ...
2025-03-23 15:28:47 - INFO - Training for patient 215 ...
2025-03-23 15:28:50 - INFO - Training for patient 219 ...
2025-03-23 15:28:52 - INFO - Training for patient 220 ...
2025-03-23 15:28:54 - INFO - Training for patient 221 ...
2025-03-23 15:28:57 - INFO - Training for patient 228 ...
2025-03-23 15:28:59 - INFO - Training for patient 230 ...
2025-03-23 15:29:02 - INFO - Training for patient 231 ...
2025-03-23 15:29:04 - INFO - Training for patient 232 ...
2025-03-23 15:29:06 - INFO - Training for patient 233 ...
2025-03-23 15:29:09 - INFO - Repeat 8/10 for epsilon 1.21
2025-03-23 15:29:09 - INFO - Training for patient 100 ...
2025-03-23 15:29:11 - INFO - Training for patient 101 ...
2025-03-23 15:29:13 - INFO - Training for patient 103 ...
2025-03-23 15:29:16 - INFO - Training for patient 106 ...
2025-03-23 15:29:18 - INFO - Training for patient 108 ...
2025-03-23 15:29:20 - INFO - Training for patient 109 ...
2025-03-23 15:29:23 - INFO - Training for patient 111 ...
2025-03-23 15:29:26 - INFO - Training for patient 112 ...
2025-03-23 15:29:28 - INFO - Training for patient 113 ...
2025-03-23 15:29:30 - INFO - Training for patient 115 ...
2025-03-23 15:29:33 - INFO - Training for patient 116 ...
2025-03-23 15:29:35 - INFO - Training for patient 117 ...
2025-03-23 15:29:38 - INFO - Training for patient 118 ...
2025-03-23 15:29:40 - INFO - Training for patient 119 ...
2025-03-23 15:29:43 - INFO - Training for patient 121 ...
2025-03-23 15:29:45 - INFO - Training for patient 122 ...
2025-03-23 15:29:47 - INFO - Training for patient 123 ...
2025-03-23 15:29:50 - INFO - Training for patient 124 ...
2025-03-23 15:29:52 - INFO - Training for patient 200 ...
2025-03-23 15:29:55 - INFO - Training for patient 203 ...
2025-03-23 15:29:57 - INFO - Training for patient 205 ...
2025-03-23 15:30:00 - INFO - Training for patient 208 ...
2025-03-23 15:30:02 - INFO - Training for patient 210 ...
2025-03-23 15:30:04 - INFO - Training for patient 212 ...
2025-03-23 15:30:07 - INFO - Training for patient 214 ...
2025-03-23 15:30:09 - INFO - Training for patient 215 ...
2025-03-23 15:30:12 - INFO - Training for patient 219 ...
2025-03-23 15:30:14 - INFO - Training for patient 220 ...
2025-03-23 15:30:16 - INFO - Training for patient 221 ...
2025-03-23 15:30:19 - INFO - Training for patient 228 ...
2025-03-23 15:30:21 - INFO - Training for patient 230 ...
2025-03-23 15:30:24 - INFO - Training for patient 231 ...
2025-03-23 15:30:26 - INFO - Training for patient 232 ...
2025-03-23 15:30:29 - INFO - Training for patient 233 ...
2025-03-23 15:30:31 - INFO - Repeat 9/10 for epsilon 1.21
2025-03-23 15:30:31 - INFO - Training for patient 100 ...
2025-03-23 15:30:33 - INFO - Training for patient 101 ...
2025-03-23 15:30:36 - INFO - Training for patient 103 ...
2025-03-23 15:30:38 - INFO - Training for patient 106 ...
2025-03-23 15:30:41 - INFO - Training for patient 108 ...
2025-03-23 15:30:43 - INFO - Training for patient 109 ...
2025-03-23 15:30:46 - INFO - Training for patient 111 ...
2025-03-23 15:30:48 - INFO - Training for patient 112 ...
2025-03-23 15:30:50 - INFO - Training for patient 113 ...
2025-03-23 15:30:53 - INFO - Training for patient 115 ...
2025-03-23 15:30:55 - INFO - Training for patient 116 ...
2025-03-23 15:30:58 - INFO - Training for patient 117 ...
2025-03-23 15:31:00 - INFO - Training for patient 118 ...
2025-03-23 15:31:03 - INFO - Training for patient 119 ...
2025-03-23 15:31:05 - INFO - Training for patient 121 ...
2025-03-23 15:31:07 - INFO - Training for patient 122 ...
2025-03-23 15:31:10 - INFO - Training for patient 123 ...
2025-03-23 15:31:12 - INFO - Training for patient 124 ...
2025-03-23 15:31:15 - INFO - Training for patient 200 ...
2025-03-23 15:31:17 - INFO - Training for patient 203 ...
2025-03-23 15:31:20 - INFO - Training for patient 205 ...
2025-03-23 15:31:22 - INFO - Training for patient 208 ...
2025-03-23 15:31:24 - INFO - Training for patient 210 ...
2025-03-23 15:31:27 - INFO - Training for patient 212 ...
2025-03-23 15:31:29 - INFO - Training for patient 214 ...
2025-03-23 15:31:32 - INFO - Training for patient 215 ...
2025-03-23 15:31:34 - INFO - Training for patient 219 ...
2025-03-23 15:31:37 - INFO - Training for patient 220 ...
2025-03-23 15:31:39 - INFO - Training for patient 221 ...
2025-03-23 15:31:41 - INFO - Training for patient 228 ...
2025-03-23 15:31:44 - INFO - Training for patient 230 ...
2025-03-23 15:31:46 - INFO - Training for patient 231 ...
2025-03-23 15:31:49 - INFO - Training for patient 232 ...
2025-03-23 15:31:51 - INFO - Training for patient 233 ...
2025-03-23 15:31:53 - INFO - Repeat 10/10 for epsilon 1.21
2025-03-23 15:31:53 - INFO - Training for patient 100 ...
2025-03-23 15:31:56 - INFO - Training for patient 101 ...
2025-03-23 15:31:58 - INFO - Training for patient 103 ...
2025-03-23 15:32:01 - INFO - Training for patient 106 ...
2025-03-23 15:32:03 - INFO - Training for patient 108 ...
2025-03-23 15:32:06 - INFO - Training for patient 109 ...
2025-03-23 15:32:08 - INFO - Training for patient 111 ...
2025-03-23 15:32:10 - INFO - Training for patient 112 ...
2025-03-23 15:32:13 - INFO - Training for patient 113 ...
2025-03-23 15:32:15 - INFO - Training for patient 115 ...
2025-03-23 15:32:18 - INFO - Training for patient 116 ...
2025-03-23 15:32:20 - INFO - Training for patient 117 ...
2025-03-23 15:32:22 - INFO - Training for patient 118 ...
2025-03-23 15:32:25 - INFO - Training for patient 119 ...
2025-03-23 15:32:27 - INFO - Training for patient 121 ...
2025-03-23 15:32:30 - INFO - Training for patient 122 ...
2025-03-23 15:32:32 - INFO - Training for patient 123 ...
2025-03-23 15:32:35 - INFO - Training for patient 124 ...
2025-03-23 15:32:37 - INFO - Training for patient 200 ...
2025-03-23 15:32:40 - INFO - Training for patient 203 ...
2025-03-23 15:32:42 - INFO - Training for patient 205 ...
2025-03-23 15:32:44 - INFO - Training for patient 208 ...
2025-03-23 15:32:47 - INFO - Training for patient 210 ...
2025-03-23 15:32:49 - INFO - Training for patient 212 ...
2025-03-23 15:32:51 - INFO - Training for patient 214 ...
2025-03-23 15:32:54 - INFO - Training for patient 215 ...
2025-03-23 15:32:56 - INFO - Training for patient 219 ...
2025-03-23 15:32:59 - INFO - Training for patient 220 ...
2025-03-23 15:33:01 - INFO - Training for patient 221 ...
2025-03-23 15:33:04 - INFO - Training for patient 228 ...
2025-03-23 15:33:06 - INFO - Training for patient 230 ...
2025-03-23 15:33:08 - INFO - Training for patient 231 ...
2025-03-23 15:33:11 - INFO - Training for patient 232 ...
2025-03-23 15:33:13 - INFO - Training for patient 233 ...
2025-03-23 15:33:16 - INFO - All repeats for epsilon 1.21 done. Saving prob, performance, config, net.
