nohup: ignoring input
2025-03-14 11:58:38 - INFO - Starting with single beats for laplace ...
2025-03-14 11:59:08 - INFO - Starting domain adaption for epsilon 1e-05 ...
2025-03-14 12:04:56 - INFO - Saved domain adaption for single beats until epsilon 1e-05.
2025-03-14 12:04:56 - INFO - Starting domain adaption for epsilon 0.0001 ...
2025-03-14 12:09:48 - INFO - Saved domain adaption for single beats until epsilon 0.0001.
2025-03-14 12:09:48 - INFO - Starting domain adaption for epsilon 0.001 ...
2025-03-14 12:14:41 - INFO - Saved domain adaption for single beats until epsilon 0.001.
2025-03-14 12:14:41 - INFO - Starting domain adaption for epsilon 0.021 ...
2025-03-14 12:19:36 - INFO - Saved domain adaption for single beats until epsilon 0.021.
2025-03-14 12:19:36 - INFO - Starting domain adaption for epsilon 0.031 ...
2025-03-14 12:24:42 - INFO - Saved domain adaption for single beats until epsilon 0.031.
2025-03-14 12:24:42 - INFO - Starting domain adaption for epsilon 0.041 ...
2025-03-14 12:29:52 - INFO - Saved domain adaption for single beats until epsilon 0.041.
2025-03-14 12:29:52 - INFO - Starting domain adaption for epsilon 0.051 ...
2025-03-14 12:34:51 - INFO - Saved domain adaption for single beats until epsilon 0.051.
2025-03-14 12:34:51 - INFO - Starting domain adaption for epsilon 0.061 ...
2025-03-14 12:40:07 - INFO - Saved domain adaption for single beats until epsilon 0.061.
2025-03-14 12:40:07 - INFO - Starting domain adaption for epsilon 0.071 ...
2025-03-14 12:45:35 - INFO - Saved domain adaption for single beats until epsilon 0.071.
2025-03-14 12:45:35 - INFO - Starting domain adaption for epsilon 0.081 ...
2025-03-14 12:51:34 - INFO - Saved domain adaption for single beats until epsilon 0.081.
2025-03-14 12:51:34 - INFO - Starting domain adaption for epsilon 0.091 ...
2025-03-14 12:57:13 - INFO - Saved domain adaption for single beats until epsilon 0.091.
2025-03-14 12:57:13 - INFO - Starting domain adaption for epsilon 0.01 ...
2025-03-14 13:02:52 - INFO - Saved domain adaption for single beats until epsilon 0.01.
2025-03-14 13:02:52 - INFO - Starting domain adaption for epsilon 0.51 ...
2025-03-14 13:09:24 - INFO - Saved domain adaption for single beats until epsilon 0.51.
2025-03-14 13:09:24 - INFO - Starting domain adaption for epsilon 0.91 ...
2025-03-14 13:16:42 - INFO - Saved domain adaption for single beats until epsilon 0.91.
2025-03-14 13:16:42 - INFO - Starting domain adaption for epsilon 1.01 ...
2025-03-14 13:23:42 - INFO - Saved domain adaption for single beats until epsilon 1.01.
2025-03-14 13:23:42 - INFO - Starting domain adaption for epsilon 1.51 ...
2025-03-14 13:30:58 - INFO - Saved domain adaption for single beats until epsilon 1.51.
2025-03-14 13:30:58 - INFO - Starting domain adaption for epsilon 1.91 ...
2025-03-14 13:37:14 - INFO - Saved domain adaption for single beats until epsilon 1.91.
2025-03-14 13:37:14 - INFO - Starting domain adaption for epsilon 2.01 ...
2025-03-14 13:43:26 - INFO - Saved domain adaption for single beats until epsilon 2.01.
2025-03-14 13:43:26 - INFO - Starting domain adaption for epsilon 2.51 ...
2025-03-14 13:49:26 - INFO - Saved domain adaption for single beats until epsilon 2.51.
2025-03-14 13:49:27 - INFO - Starting domain adaption for epsilon 2.91 ...
2025-03-14 13:55:17 - INFO - Saved domain adaption for single beats until epsilon 2.91.
2025-03-14 13:55:17 - INFO - Starting domain adaption for epsilon 3.01 ...
2025-03-14 14:01:11 - INFO - Saved domain adaption for single beats until epsilon 3.01.
2025-03-14 14:01:11 - INFO - Starting domain adaption for epsilon 3.51 ...
2025-03-14 14:07:25 - INFO - Saved domain adaption for single beats until epsilon 3.51.
2025-03-14 14:07:25 - INFO - Starting domain adaption for epsilon 3.91 ...
2025-03-14 14:13:16 - INFO - Saved domain adaption for single beats until epsilon 3.91.
2025-03-14 14:13:16 - INFO - Starting domain adaption for epsilon 4.01 ...
2025-03-14 14:18:58 - INFO - Saved domain adaption for single beats until epsilon 4.01.
2025-03-14 14:18:58 - INFO - Starting domain adaption for epsilon 4.51 ...
2025-03-14 14:25:08 - INFO - Saved domain adaption for single beats until epsilon 4.51.
2025-03-14 14:25:08 - INFO - Starting domain adaption for epsilon 4.91 ...
2025-03-14 14:31:12 - INFO - Saved domain adaption for single beats until epsilon 4.91.
2025-03-14 14:31:12 - INFO - Starting domain adaption for epsilon 5.01 ...
2025-03-14 14:38:26 - INFO - Saved domain adaption for single beats until epsilon 5.01.
2025-03-14 14:38:26 - INFO - Starting domain adaption for epsilon 5.51 ...
2025-03-14 14:44:52 - INFO - Saved domain adaption for single beats until epsilon 5.51.
2025-03-14 14:44:52 - INFO - Starting domain adaption for epsilon 5.91 ...
2025-03-14 14:50:44 - INFO - Saved domain adaption for single beats until epsilon 5.91.
2025-03-14 14:50:44 - INFO - Starting domain adaption for epsilon 6.01 ...
2025-03-14 14:56:56 - INFO - Saved domain adaption for single beats until epsilon 6.01.
2025-03-14 14:56:56 - INFO - Starting domain adaption for epsilon 6.51 ...
2025-03-14 15:04:18 - INFO - Saved domain adaption for single beats until epsilon 6.51.
2025-03-14 15:04:18 - INFO - Starting domain adaption for epsilon 6.91 ...
2025-03-14 15:10:47 - INFO - Saved domain adaption for single beats until epsilon 6.91.
2025-03-14 15:10:47 - INFO - Starting domain adaption for epsilon 7.01 ...
2025-03-14 15:17:08 - INFO - Saved domain adaption for single beats until epsilon 7.01.
2025-03-14 15:17:08 - INFO - Starting domain adaption for epsilon 7.51 ...
2025-03-14 15:24:41 - INFO - Saved domain adaption for single beats until epsilon 7.51.
2025-03-14 15:24:41 - INFO - Starting domain adaption for epsilon 7.91 ...
2025-03-14 15:32:33 - INFO - Saved domain adaption for single beats until epsilon 7.91.
2025-03-14 15:32:33 - INFO - Starting domain adaption for epsilon 8.01 ...
2025-03-14 15:39:24 - INFO - Saved domain adaption for single beats until epsilon 8.01.
2025-03-14 15:39:24 - INFO - Starting domain adaption for epsilon 8.51 ...
2025-03-14 15:46:37 - INFO - Saved domain adaption for single beats until epsilon 8.51.
2025-03-14 15:46:37 - INFO - Starting domain adaption for epsilon 8.91 ...
2025-03-14 15:53:23 - INFO - Saved domain adaption for single beats until epsilon 8.91.
2025-03-14 15:53:23 - INFO - Starting domain adaption for epsilon 9.01 ...
2025-03-14 16:00:14 - INFO - Saved domain adaption for single beats until epsilon 9.01.
2025-03-14 16:00:14 - INFO - Starting domain adaption for epsilon 9.51 ...
2025-03-14 16:08:16 - INFO - Saved domain adaption for single beats until epsilon 9.51.
2025-03-14 16:08:16 - INFO - Starting domain adaption for epsilon 9.91 ...
2025-03-14 16:17:36 - INFO - Saved domain adaption for single beats until epsilon 9.91.
2025-03-14 16:17:36 - INFO - Starting domain adaption for epsilon 10 ...
2025-03-14 16:25:46 - INFO - Saved domain adaption for single beats until epsilon 10.
2025-03-14 16:25:46 - INFO - Starting with trio beats for laplace ...
2025-03-14 16:26:07 - INFO - Starting domain adaption for epsilon 1e-05 ...
2025-03-14 16:31:21 - INFO - Saved domain adaption for trio beats until epsilon 1e-05.
2025-03-14 16:31:21 - INFO - Starting domain adaption for epsilon 0.0001 ...
2025-03-14 16:36:41 - INFO - Saved domain adaption for trio beats until epsilon 0.0001.
2025-03-14 16:36:41 - INFO - Starting domain adaption for epsilon 0.001 ...
2025-03-14 16:42:17 - INFO - Saved domain adaption for trio beats until epsilon 0.001.
2025-03-14 16:42:17 - INFO - Starting domain adaption for epsilon 0.021 ...
2025-03-14 16:47:51 - INFO - Saved domain adaption for trio beats until epsilon 0.021.
2025-03-14 16:47:51 - INFO - Starting domain adaption for epsilon 0.031 ...
2025-03-14 16:53:45 - INFO - Saved domain adaption for trio beats until epsilon 0.031.
2025-03-14 16:53:45 - INFO - Starting domain adaption for epsilon 0.041 ...
2025-03-14 16:59:22 - INFO - Saved domain adaption for trio beats until epsilon 0.041.
2025-03-14 16:59:22 - INFO - Starting domain adaption for epsilon 0.051 ...
2025-03-14 17:04:41 - INFO - Saved domain adaption for trio beats until epsilon 0.051.
2025-03-14 17:04:41 - INFO - Starting domain adaption for epsilon 0.061 ...
2025-03-14 17:10:07 - INFO - Saved domain adaption for trio beats until epsilon 0.061.
2025-03-14 17:10:07 - INFO - Starting domain adaption for epsilon 0.071 ...
2025-03-14 17:15:49 - INFO - Saved domain adaption for trio beats until epsilon 0.071.
2025-03-14 17:15:49 - INFO - Starting domain adaption for epsilon 0.081 ...
2025-03-14 17:21:25 - INFO - Saved domain adaption for trio beats until epsilon 0.081.
2025-03-14 17:21:25 - INFO - Starting domain adaption for epsilon 0.091 ...
2025-03-14 17:27:50 - INFO - Saved domain adaption for trio beats until epsilon 0.091.
2025-03-14 17:27:50 - INFO - Starting domain adaption for epsilon 0.01 ...
2025-03-14 17:33:18 - INFO - Saved domain adaption for trio beats until epsilon 0.01.
2025-03-14 17:33:18 - INFO - Starting domain adaption for epsilon 0.51 ...
2025-03-14 17:39:07 - INFO - Saved domain adaption for trio beats until epsilon 0.51.
2025-03-14 17:39:07 - INFO - Starting domain adaption for epsilon 0.91 ...
2025-03-14 17:44:38 - INFO - Saved domain adaption for trio beats until epsilon 0.91.
2025-03-14 17:44:38 - INFO - Starting domain adaption for epsilon 1.01 ...
2025-03-14 17:50:38 - INFO - Saved domain adaption for trio beats until epsilon 1.01.
2025-03-14 17:50:38 - INFO - Starting domain adaption for epsilon 1.51 ...
2025-03-14 17:56:41 - INFO - Saved domain adaption for trio beats until epsilon 1.51.
2025-03-14 17:56:41 - INFO - Starting domain adaption for epsilon 1.91 ...
2025-03-14 18:02:27 - INFO - Saved domain adaption for trio beats until epsilon 1.91.
2025-03-14 18:02:27 - INFO - Starting domain adaption for epsilon 2.01 ...
2025-03-14 18:08:52 - INFO - Saved domain adaption for trio beats until epsilon 2.01.
2025-03-14 18:08:52 - INFO - Starting domain adaption for epsilon 2.51 ...
2025-03-14 18:14:42 - INFO - Saved domain adaption for trio beats until epsilon 2.51.
2025-03-14 18:14:42 - INFO - Starting domain adaption for epsilon 2.91 ...
2025-03-14 18:20:49 - INFO - Saved domain adaption for trio beats until epsilon 2.91.
2025-03-14 18:20:49 - INFO - Starting domain adaption for epsilon 3.01 ...
2025-03-14 18:26:49 - INFO - Saved domain adaption for trio beats until epsilon 3.01.
2025-03-14 18:26:49 - INFO - Starting domain adaption for epsilon 3.51 ...
2025-03-14 18:33:50 - INFO - Saved domain adaption for trio beats until epsilon 3.51.
2025-03-14 18:33:50 - INFO - Starting domain adaption for epsilon 3.91 ...
2025-03-14 18:40:07 - INFO - Saved domain adaption for trio beats until epsilon 3.91.
2025-03-14 18:40:07 - INFO - Starting domain adaption for epsilon 4.01 ...
2025-03-14 18:46:07 - INFO - Saved domain adaption for trio beats until epsilon 4.01.
2025-03-14 18:46:07 - INFO - Starting domain adaption for epsilon 4.51 ...
2025-03-14 18:53:06 - INFO - Saved domain adaption for trio beats until epsilon 4.51.
2025-03-14 18:53:06 - INFO - Starting domain adaption for epsilon 4.91 ...
2025-03-14 18:58:50 - INFO - Saved domain adaption for trio beats until epsilon 4.91.
2025-03-14 18:58:50 - INFO - Starting domain adaption for epsilon 5.01 ...
2025-03-14 19:04:38 - INFO - Saved domain adaption for trio beats until epsilon 5.01.
2025-03-14 19:04:38 - INFO - Starting domain adaption for epsilon 5.51 ...
2025-03-14 19:11:22 - INFO - Saved domain adaption for trio beats until epsilon 5.51.
2025-03-14 19:11:22 - INFO - Starting domain adaption for epsilon 5.91 ...
2025-03-14 19:18:32 - INFO - Saved domain adaption for trio beats until epsilon 5.91.
2025-03-14 19:18:32 - INFO - Starting domain adaption for epsilon 6.01 ...
2025-03-14 19:26:04 - INFO - Saved domain adaption for trio beats until epsilon 6.01.
2025-03-14 19:26:04 - INFO - Starting domain adaption for epsilon 6.51 ...
2025-03-14 19:33:33 - INFO - Saved domain adaption for trio beats until epsilon 6.51.
2025-03-14 19:33:33 - INFO - Starting domain adaption for epsilon 6.91 ...
2025-03-14 19:41:29 - INFO - Saved domain adaption for trio beats until epsilon 6.91.
2025-03-14 19:41:29 - INFO - Starting domain adaption for epsilon 7.01 ...
2025-03-14 19:48:14 - INFO - Saved domain adaption for trio beats until epsilon 7.01.
2025-03-14 19:48:14 - INFO - Starting domain adaption for epsilon 7.51 ...
2025-03-14 19:54:57 - INFO - Saved domain adaption for trio beats until epsilon 7.51.
2025-03-14 19:54:57 - INFO - Starting domain adaption for epsilon 7.91 ...
2025-03-14 20:02:13 - INFO - Saved domain adaption for trio beats until epsilon 7.91.
2025-03-14 20:02:13 - INFO - Starting domain adaption for epsilon 8.01 ...
2025-03-14 20:08:53 - INFO - Saved domain adaption for trio beats until epsilon 8.01.
2025-03-14 20:08:53 - INFO - Starting domain adaption for epsilon 8.51 ...
2025-03-14 20:16:33 - INFO - Saved domain adaption for trio beats until epsilon 8.51.
2025-03-14 20:16:33 - INFO - Starting domain adaption for epsilon 8.91 ...
2025-03-14 20:23:04 - INFO - Saved domain adaption for trio beats until epsilon 8.91.
2025-03-14 20:23:04 - INFO - Starting domain adaption for epsilon 9.01 ...
2025-03-14 20:30:44 - INFO - Saved domain adaption for trio beats until epsilon 9.01.
2025-03-14 20:30:44 - INFO - Starting domain adaption for epsilon 9.51 ...
2025-03-14 20:37:35 - INFO - Saved domain adaption for trio beats until epsilon 9.51.
2025-03-14 20:37:35 - INFO - Starting domain adaption for epsilon 9.91 ...
2025-03-14 20:45:10 - INFO - Saved domain adaption for trio beats until epsilon 9.91.
2025-03-14 20:45:10 - INFO - Starting domain adaption for epsilon 10 ...
2025-03-14 20:52:30 - INFO - Saved domain adaption for trio beats until epsilon 10.
2025-03-14 20:52:30 - INFO - Starting with single beats for bounded_n ...
2025-03-14 20:53:06 - INFO - Starting domain adaption for epsilon 0.021 ...
2025-03-14 20:58:30 - INFO - Saved domain adaption for single beats until epsilon 0.021.
2025-03-14 20:58:30 - INFO - Starting domain adaption for epsilon 0.031 ...
2025-03-14 21:04:07 - INFO - Saved domain adaption for single beats until epsilon 0.031.
2025-03-14 21:04:07 - INFO - Starting domain adaption for epsilon 0.041 ...
2025-03-14 21:09:35 - INFO - Saved domain adaption for single beats until epsilon 0.041.
2025-03-14 21:09:35 - INFO - Starting domain adaption for epsilon 0.051 ...
2025-03-14 21:15:09 - INFO - Saved domain adaption for single beats until epsilon 0.051.
2025-03-14 21:15:09 - INFO - Starting domain adaption for epsilon 0.061 ...
2025-03-14 21:20:52 - INFO - Saved domain adaption for single beats until epsilon 0.061.
2025-03-14 21:20:52 - INFO - Starting domain adaption for epsilon 0.071 ...
2025-03-14 21:26:41 - INFO - Saved domain adaption for single beats until epsilon 0.071.
2025-03-14 21:26:41 - INFO - Starting domain adaption for epsilon 0.081 ...
2025-03-14 21:32:17 - INFO - Saved domain adaption for single beats until epsilon 0.081.
2025-03-14 21:32:17 - INFO - Starting domain adaption for epsilon 0.091 ...
2025-03-14 21:37:52 - INFO - Saved domain adaption for single beats until epsilon 0.091.
2025-03-14 21:37:52 - INFO - Starting domain adaption for epsilon 0.01 ...
2025-03-14 21:43:23 - INFO - Saved domain adaption for single beats until epsilon 0.01.
2025-03-14 21:43:23 - INFO - Starting domain adaption for epsilon 0.51 ...
2025-03-14 21:49:27 - INFO - Saved domain adaption for single beats until epsilon 0.51.
2025-03-14 21:49:27 - INFO - Starting domain adaption for epsilon 0.91 ...
2025-03-14 21:55:18 - INFO - Saved domain adaption for single beats until epsilon 0.91.
2025-03-14 21:55:18 - INFO - Starting domain adaption for epsilon 1.01 ...
2025-03-14 22:02:08 - INFO - Saved domain adaption for single beats until epsilon 1.01.
2025-03-14 22:02:08 - INFO - Starting domain adaption for epsilon 1.51 ...
2025-03-14 22:08:00 - INFO - Saved domain adaption for single beats until epsilon 1.51.
2025-03-14 22:08:00 - INFO - Starting domain adaption for epsilon 1.91 ...
2025-03-14 22:14:56 - INFO - Saved domain adaption for single beats until epsilon 1.91.
2025-03-14 22:14:56 - INFO - Starting domain adaption for epsilon 2.01 ...
2025-03-14 22:20:54 - INFO - Saved domain adaption for single beats until epsilon 2.01.
2025-03-14 22:20:54 - INFO - Starting domain adaption for epsilon 2.51 ...
2025-03-14 22:26:33 - INFO - Saved domain adaption for single beats until epsilon 2.51.
2025-03-14 22:26:33 - INFO - Starting domain adaption for epsilon 2.91 ...
2025-03-14 22:32:28 - INFO - Saved domain adaption for single beats until epsilon 2.91.
2025-03-14 22:32:28 - INFO - Starting domain adaption for epsilon 3.01 ...
2025-03-14 22:38:30 - INFO - Saved domain adaption for single beats until epsilon 3.01.
2025-03-14 22:38:30 - INFO - Starting domain adaption for epsilon 3.51 ...
2025-03-14 22:44:48 - INFO - Saved domain adaption for single beats until epsilon 3.51.
2025-03-14 22:44:48 - INFO - Starting domain adaption for epsilon 3.91 ...
2025-03-14 22:50:58 - INFO - Saved domain adaption for single beats until epsilon 3.91.
2025-03-14 22:50:58 - INFO - Starting domain adaption for epsilon 4.01 ...
2025-03-14 22:58:21 - INFO - Saved domain adaption for single beats until epsilon 4.01.
2025-03-14 22:58:21 - INFO - Starting domain adaption for epsilon 4.51 ...
2025-03-14 23:04:53 - INFO - Saved domain adaption for single beats until epsilon 4.51.
2025-03-14 23:04:53 - INFO - Starting domain adaption for epsilon 4.91 ...
2025-03-14 23:12:05 - INFO - Saved domain adaption for single beats until epsilon 4.91.
2025-03-14 23:12:05 - INFO - Starting domain adaption for epsilon 5.01 ...
2025-03-14 23:18:44 - INFO - Saved domain adaption for single beats until epsilon 5.01.
2025-03-14 23:18:44 - INFO - Starting domain adaption for epsilon 5.51 ...
2025-03-14 23:26:21 - INFO - Saved domain adaption for single beats until epsilon 5.51.
2025-03-14 23:26:21 - INFO - Starting domain adaption for epsilon 5.91 ...
2025-03-14 23:33:52 - INFO - Saved domain adaption for single beats until epsilon 5.91.
2025-03-14 23:33:52 - INFO - Starting domain adaption for epsilon 6.01 ...
2025-03-14 23:40:38 - INFO - Saved domain adaption for single beats until epsilon 6.01.
2025-03-14 23:40:38 - INFO - Starting domain adaption for epsilon 6.51 ...
2025-03-14 23:47:20 - INFO - Saved domain adaption for single beats until epsilon 6.51.
2025-03-14 23:47:20 - INFO - Starting domain adaption for epsilon 6.91 ...
2025-03-14 23:53:34 - INFO - Saved domain adaption for single beats until epsilon 6.91.
2025-03-14 23:53:34 - INFO - Starting domain adaption for epsilon 7.01 ...
2025-03-15 00:00:54 - INFO - Saved domain adaption for single beats until epsilon 7.01.
2025-03-15 00:00:54 - INFO - Starting domain adaption for epsilon 7.51 ...
2025-03-15 00:08:57 - INFO - Saved domain adaption for single beats until epsilon 7.51.
2025-03-15 00:08:57 - INFO - Starting domain adaption for epsilon 7.91 ...
2025-03-15 00:15:42 - INFO - Saved domain adaption for single beats until epsilon 7.91.
2025-03-15 00:15:42 - INFO - Starting domain adaption for epsilon 8.01 ...
2025-03-15 00:23:14 - INFO - Saved domain adaption for single beats until epsilon 8.01.
2025-03-15 00:23:14 - INFO - Starting domain adaption for epsilon 8.51 ...
2025-03-15 00:30:00 - INFO - Saved domain adaption for single beats until epsilon 8.51.
2025-03-15 00:30:00 - INFO - Starting domain adaption for epsilon 8.91 ...
2025-03-15 00:36:30 - INFO - Saved domain adaption for single beats until epsilon 8.91.
2025-03-15 00:36:30 - INFO - Starting domain adaption for epsilon 9.01 ...
2025-03-15 00:44:08 - INFO - Saved domain adaption for single beats until epsilon 9.01.
2025-03-15 00:44:08 - INFO - Starting domain adaption for epsilon 9.51 ...
2025-03-15 00:52:27 - INFO - Saved domain adaption for single beats until epsilon 9.51.
2025-03-15 00:52:27 - INFO - Starting domain adaption for epsilon 9.91 ...
2025-03-15 00:59:24 - INFO - Saved domain adaption for single beats until epsilon 9.91.
2025-03-15 00:59:24 - INFO - Starting domain adaption for epsilon 10 ...
2025-03-15 01:06:07 - INFO - Saved domain adaption for single beats until epsilon 10.
2025-03-15 01:06:07 - INFO - Starting with trio beats for bounded_n ...
2025-03-15 01:06:24 - INFO - Starting domain adaption for epsilon 0.021 ...
2025-03-15 01:11:52 - INFO - Saved domain adaption for trio beats until epsilon 0.021.
2025-03-15 01:11:52 - INFO - Starting domain adaption for epsilon 0.031 ...
2025-03-15 01:17:23 - INFO - Saved domain adaption for trio beats until epsilon 0.031.
2025-03-15 01:17:23 - INFO - Starting domain adaption for epsilon 0.041 ...
2025-03-15 01:22:53 - INFO - Saved domain adaption for trio beats until epsilon 0.041.
2025-03-15 01:22:53 - INFO - Starting domain adaption for epsilon 0.051 ...
2025-03-15 01:28:30 - INFO - Saved domain adaption for trio beats until epsilon 0.051.
2025-03-15 01:28:30 - INFO - Starting domain adaption for epsilon 0.061 ...
2025-03-15 01:34:13 - INFO - Saved domain adaption for trio beats until epsilon 0.061.
2025-03-15 01:34:13 - INFO - Starting domain adaption for epsilon 0.071 ...
2025-03-15 01:40:01 - INFO - Saved domain adaption for trio beats until epsilon 0.071.
2025-03-15 01:40:01 - INFO - Starting domain adaption for epsilon 0.081 ...
2025-03-15 01:46:00 - INFO - Saved domain adaption for trio beats until epsilon 0.081.
2025-03-15 01:46:00 - INFO - Starting domain adaption for epsilon 0.091 ...
2025-03-15 01:51:58 - INFO - Saved domain adaption for trio beats until epsilon 0.091.
2025-03-15 01:51:58 - INFO - Starting domain adaption for epsilon 0.01 ...
2025-03-15 01:57:53 - INFO - Saved domain adaption for trio beats until epsilon 0.01.
2025-03-15 01:57:54 - INFO - Starting domain adaption for epsilon 0.51 ...
2025-03-15 02:03:41 - INFO - Saved domain adaption for trio beats until epsilon 0.51.
2025-03-15 02:03:41 - INFO - Starting domain adaption for epsilon 0.91 ...
2025-03-15 02:10:26 - INFO - Saved domain adaption for trio beats until epsilon 0.91.
2025-03-15 02:10:26 - INFO - Starting domain adaption for epsilon 1.01 ...
2025-03-15 02:16:06 - INFO - Saved domain adaption for trio beats until epsilon 1.01.
2025-03-15 02:16:06 - INFO - Starting domain adaption for epsilon 1.51 ...
2025-03-15 02:22:10 - INFO - Saved domain adaption for trio beats until epsilon 1.51.
2025-03-15 02:22:10 - INFO - Starting domain adaption for epsilon 1.91 ...
2025-03-15 02:28:31 - INFO - Saved domain adaption for trio beats until epsilon 1.91.
2025-03-15 02:28:31 - INFO - Starting domain adaption for epsilon 2.01 ...
2025-03-15 02:34:34 - INFO - Saved domain adaption for trio beats until epsilon 2.01.
2025-03-15 02:34:34 - INFO - Starting domain adaption for epsilon 2.51 ...
2025-03-15 02:41:01 - INFO - Saved domain adaption for trio beats until epsilon 2.51.
2025-03-15 02:41:01 - INFO - Starting domain adaption for epsilon 2.91 ...
2025-03-15 02:47:06 - INFO - Saved domain adaption for trio beats until epsilon 2.91.
2025-03-15 02:47:06 - INFO - Starting domain adaption for epsilon 3.01 ...
2025-03-15 02:53:14 - INFO - Saved domain adaption for trio beats until epsilon 3.01.
2025-03-15 02:53:14 - INFO - Starting domain adaption for epsilon 3.51 ...
2025-03-15 02:59:29 - INFO - Saved domain adaption for trio beats until epsilon 3.51.
2025-03-15 02:59:29 - INFO - Starting domain adaption for epsilon 3.91 ...
2025-03-15 03:06:54 - INFO - Saved domain adaption for trio beats until epsilon 3.91.
2025-03-15 03:06:54 - INFO - Starting domain adaption for epsilon 4.01 ...
2025-03-15 03:13:07 - INFO - Saved domain adaption for trio beats until epsilon 4.01.
2025-03-15 03:13:07 - INFO - Starting domain adaption for epsilon 4.51 ...
2025-03-15 03:19:20 - INFO - Saved domain adaption for trio beats until epsilon 4.51.
2025-03-15 03:19:20 - INFO - Starting domain adaption for epsilon 4.91 ...
2025-03-15 03:25:38 - INFO - Saved domain adaption for trio beats until epsilon 4.91.
2025-03-15 03:25:38 - INFO - Starting domain adaption for epsilon 5.01 ...
2025-03-15 03:31:42 - INFO - Saved domain adaption for trio beats until epsilon 5.01.
2025-03-15 03:31:42 - INFO - Starting domain adaption for epsilon 5.51 ...
2025-03-15 03:38:00 - INFO - Saved domain adaption for trio beats until epsilon 5.51.
2025-03-15 03:38:00 - INFO - Starting domain adaption for epsilon 5.91 ...
2025-03-15 03:44:48 - INFO - Saved domain adaption for trio beats until epsilon 5.91.
2025-03-15 03:44:48 - INFO - Starting domain adaption for epsilon 6.01 ...
2025-03-15 03:52:38 - INFO - Saved domain adaption for trio beats until epsilon 6.01.
2025-03-15 03:52:38 - INFO - Starting domain adaption for epsilon 6.51 ...
2025-03-15 03:59:55 - INFO - Saved domain adaption for trio beats until epsilon 6.51.
2025-03-15 03:59:55 - INFO - Starting domain adaption for epsilon 6.91 ...
2025-03-15 04:07:05 - INFO - Saved domain adaption for trio beats until epsilon 6.91.
2025-03-15 04:07:05 - INFO - Starting domain adaption for epsilon 7.01 ...
2025-03-15 04:14:41 - INFO - Saved domain adaption for trio beats until epsilon 7.01.
2025-03-15 04:14:41 - INFO - Starting domain adaption for epsilon 7.51 ...
2025-03-15 04:22:28 - INFO - Saved domain adaption for trio beats until epsilon 7.51.
2025-03-15 04:22:28 - INFO - Starting domain adaption for epsilon 7.91 ...
2025-03-15 04:29:12 - INFO - Saved domain adaption for trio beats until epsilon 7.91.
2025-03-15 04:29:12 - INFO - Starting domain adaption for epsilon 8.01 ...
2025-03-15 04:36:57 - INFO - Saved domain adaption for trio beats until epsilon 8.01.
2025-03-15 04:36:57 - INFO - Starting domain adaption for epsilon 8.51 ...
2025-03-15 04:43:58 - INFO - Saved domain adaption for trio beats until epsilon 8.51.
2025-03-15 04:43:58 - INFO - Starting domain adaption for epsilon 8.91 ...
2025-03-15 04:50:31 - INFO - Saved domain adaption for trio beats until epsilon 8.91.
2025-03-15 04:50:31 - INFO - Starting domain adaption for epsilon 9.01 ...
2025-03-15 04:58:43 - INFO - Saved domain adaption for trio beats until epsilon 9.01.
2025-03-15 04:58:43 - INFO - Starting domain adaption for epsilon 9.51 ...
2025-03-15 05:07:59 - INFO - Saved domain adaption for trio beats until epsilon 9.51.
2025-03-15 05:07:59 - INFO - Starting domain adaption for epsilon 9.91 ...
2025-03-15 05:15:01 - INFO - Saved domain adaption for trio beats until epsilon 9.91.
2025-03-15 05:15:01 - INFO - Starting domain adaption for epsilon 10 ...
2025-03-15 05:22:08 - INFO - Saved domain adaption for trio beats until epsilon 10.
2025-03-15 05:22:08 - INFO - Starting with single beats for gaussian_a ...
2025-03-15 05:22:27 - INFO - Starting domain adaption for epsilon 1e-05 ...
2025-03-15 05:28:06 - INFO - Saved domain adaption for single beats until epsilon 1e-05.
2025-03-15 05:28:06 - INFO - Starting domain adaption for epsilon 0.0001 ...
2025-03-15 05:33:38 - INFO - Saved domain adaption for single beats until epsilon 0.0001.
2025-03-15 05:33:38 - INFO - Starting domain adaption for epsilon 0.001 ...
2025-03-15 05:39:12 - INFO - Saved domain adaption for single beats until epsilon 0.001.
2025-03-15 05:39:12 - INFO - Starting domain adaption for epsilon 0.021 ...
2025-03-15 05:44:49 - INFO - Saved domain adaption for single beats until epsilon 0.021.
2025-03-15 05:44:49 - INFO - Starting domain adaption for epsilon 0.031 ...
2025-03-15 05:50:29 - INFO - Saved domain adaption for single beats until epsilon 0.031.
2025-03-15 05:50:29 - INFO - Starting domain adaption for epsilon 0.041 ...
2025-03-15 05:56:17 - INFO - Saved domain adaption for single beats until epsilon 0.041.
2025-03-15 05:56:17 - INFO - Starting domain adaption for epsilon 0.051 ...
2025-03-15 06:02:12 - INFO - Saved domain adaption for single beats until epsilon 0.051.
2025-03-15 06:02:12 - INFO - Starting domain adaption for epsilon 0.061 ...
2025-03-15 06:08:10 - INFO - Saved domain adaption for single beats until epsilon 0.061.
2025-03-15 06:08:10 - INFO - Starting domain adaption for epsilon 0.071 ...
2025-03-15 06:14:11 - INFO - Saved domain adaption for single beats until epsilon 0.071.
2025-03-15 06:14:11 - INFO - Starting domain adaption for epsilon 0.081 ...
2025-03-15 06:20:34 - INFO - Saved domain adaption for single beats until epsilon 0.081.
2025-03-15 06:20:34 - INFO - Starting domain adaption for epsilon 0.091 ...
2025-03-15 06:26:48 - INFO - Saved domain adaption for single beats until epsilon 0.091.
2025-03-15 06:26:48 - INFO - Starting domain adaption for epsilon 0.01 ...
2025-03-15 06:32:44 - INFO - Saved domain adaption for single beats until epsilon 0.01.
2025-03-15 06:32:44 - INFO - Starting domain adaption for epsilon 0.51 ...
2025-03-15 06:38:37 - INFO - Saved domain adaption for single beats until epsilon 0.51.
2025-03-15 06:38:37 - INFO - Starting domain adaption for epsilon 0.91 ...
2025-03-15 06:44:46 - INFO - Saved domain adaption for single beats until epsilon 0.91.
2025-03-15 06:44:46 - INFO - Starting domain adaption for epsilon 1.01 ...
2025-03-15 06:50:38 - INFO - Saved domain adaption for single beats until epsilon 1.01.
2025-03-15 06:50:38 - INFO - Starting domain adaption for epsilon 1.51 ...
2025-03-15 06:58:13 - INFO - Saved domain adaption for single beats until epsilon 1.51.
2025-03-15 06:58:13 - INFO - Starting domain adaption for epsilon 1.91 ...
2025-03-15 07:05:05 - INFO - Saved domain adaption for single beats until epsilon 1.91.
2025-03-15 07:05:05 - INFO - Starting domain adaption for epsilon 2.01 ...
2025-03-15 07:11:32 - INFO - Saved domain adaption for single beats until epsilon 2.01.
2025-03-15 07:11:32 - INFO - Starting domain adaption for epsilon 2.51 ...
2025-03-15 07:19:04 - INFO - Saved domain adaption for single beats until epsilon 2.51.
2025-03-15 07:19:04 - INFO - Starting domain adaption for epsilon 2.91 ...
2025-03-15 07:26:31 - INFO - Saved domain adaption for single beats until epsilon 2.91.
2025-03-15 07:26:31 - INFO - Starting domain adaption for epsilon 3.01 ...
2025-03-15 07:34:02 - INFO - Saved domain adaption for single beats until epsilon 3.01.
2025-03-15 07:34:02 - INFO - Starting domain adaption for epsilon 3.51 ...
2025-03-15 07:40:23 - INFO - Saved domain adaption for single beats until epsilon 3.51.
2025-03-15 07:40:23 - INFO - Starting domain adaption for epsilon 3.91 ...
2025-03-15 07:48:00 - INFO - Saved domain adaption for single beats until epsilon 3.91.
2025-03-15 07:48:00 - INFO - Starting domain adaption for epsilon 4.01 ...
2025-03-15 07:55:23 - INFO - Saved domain adaption for single beats until epsilon 4.01.
2025-03-15 07:55:23 - INFO - Starting domain adaption for epsilon 4.51 ...
2025-03-15 08:02:23 - INFO - Saved domain adaption for single beats until epsilon 4.51.
2025-03-15 08:02:23 - INFO - Starting domain adaption for epsilon 4.91 ...
2025-03-15 08:09:28 - INFO - Saved domain adaption for single beats until epsilon 4.91.
2025-03-15 08:09:28 - INFO - Starting domain adaption for epsilon 5.01 ...
2025-03-15 08:16:13 - INFO - Saved domain adaption for single beats until epsilon 5.01.
2025-03-15 08:16:13 - INFO - Starting domain adaption for epsilon 5.51 ...
2025-03-15 08:23:36 - INFO - Saved domain adaption for single beats until epsilon 5.51.
2025-03-15 08:23:37 - INFO - Starting domain adaption for epsilon 5.91 ...
2025-03-15 08:30:48 - INFO - Saved domain adaption for single beats until epsilon 5.91.
2025-03-15 08:30:48 - INFO - Starting domain adaption for epsilon 6.01 ...
2025-03-15 08:39:13 - INFO - Saved domain adaption for single beats until epsilon 6.01.
2025-03-15 08:39:13 - INFO - Starting domain adaption for epsilon 6.51 ...
2025-03-15 08:47:58 - INFO - Saved domain adaption for single beats until epsilon 6.51.
2025-03-15 08:47:58 - INFO - Starting domain adaption for epsilon 6.91 ...
2025-03-15 08:55:06 - INFO - Saved domain adaption for single beats until epsilon 6.91.
2025-03-15 08:55:06 - INFO - Starting domain adaption for epsilon 7.01 ...
2025-03-15 09:02:09 - INFO - Saved domain adaption for single beats until epsilon 7.01.
2025-03-15 09:02:09 - INFO - Starting domain adaption for epsilon 7.51 ...
2025-03-15 09:09:34 - INFO - Saved domain adaption for single beats until epsilon 7.51.
2025-03-15 09:09:34 - INFO - Starting domain adaption for epsilon 7.91 ...
2025-03-15 09:17:27 - INFO - Saved domain adaption for single beats until epsilon 7.91.
2025-03-15 09:17:27 - INFO - Starting domain adaption for epsilon 8.01 ...
2025-03-15 09:25:10 - INFO - Saved domain adaption for single beats until epsilon 8.01.
2025-03-15 09:25:10 - INFO - Starting domain adaption for epsilon 8.51 ...
2025-03-15 09:31:53 - INFO - Saved domain adaption for single beats until epsilon 8.51.
2025-03-15 09:31:53 - INFO - Starting domain adaption for epsilon 8.91 ...
2025-03-15 09:39:39 - INFO - Saved domain adaption for single beats until epsilon 8.91.
2025-03-15 09:39:39 - INFO - Starting domain adaption for epsilon 9.01 ...
2025-03-15 09:48:12 - INFO - Saved domain adaption for single beats until epsilon 9.01.
2025-03-15 09:48:12 - INFO - Starting domain adaption for epsilon 9.51 ...
2025-03-15 09:56:13 - INFO - Saved domain adaption for single beats until epsilon 9.51.
2025-03-15 09:56:13 - INFO - Starting domain adaption for epsilon 9.91 ...
2025-03-15 10:16:41 - INFO - Saved domain adaption for single beats until epsilon 9.91.
2025-03-15 10:16:41 - INFO - Starting domain adaption for epsilon 10 ...
2025-03-15 10:27:00 - INFO - Saved domain adaption for single beats until epsilon 10.
2025-03-15 10:27:00 - INFO - Starting with trio beats for gaussian_a ...
2025-03-15 10:27:17 - INFO - Starting domain adaption for epsilon 1e-05 ...
2025-03-15 10:33:36 - INFO - Saved domain adaption for trio beats until epsilon 1e-05.
2025-03-15 10:33:36 - INFO - Starting domain adaption for epsilon 0.0001 ...
2025-03-15 10:39:53 - INFO - Saved domain adaption for trio beats until epsilon 0.0001.
2025-03-15 10:39:53 - INFO - Starting domain adaption for epsilon 0.001 ...
2025-03-15 10:45:41 - INFO - Saved domain adaption for trio beats until epsilon 0.001.
2025-03-15 10:45:41 - INFO - Starting domain adaption for epsilon 0.021 ...
2025-03-15 10:51:32 - INFO - Saved domain adaption for trio beats until epsilon 0.021.
2025-03-15 10:51:32 - INFO - Starting domain adaption for epsilon 0.031 ...
2025-03-15 10:57:31 - INFO - Saved domain adaption for trio beats until epsilon 0.031.
2025-03-15 10:57:31 - INFO - Starting domain adaption for epsilon 0.041 ...
2025-03-15 11:03:44 - INFO - Saved domain adaption for trio beats until epsilon 0.041.
2025-03-15 11:03:44 - INFO - Starting domain adaption for epsilon 0.051 ...
2025-03-15 11:10:28 - INFO - Saved domain adaption for trio beats until epsilon 0.051.
2025-03-15 11:10:28 - INFO - Starting domain adaption for epsilon 0.061 ...
2025-03-15 11:17:45 - INFO - Saved domain adaption for trio beats until epsilon 0.061.
2025-03-15 11:17:45 - INFO - Starting domain adaption for epsilon 0.071 ...
2025-03-15 11:24:08 - INFO - Saved domain adaption for trio beats until epsilon 0.071.
2025-03-15 11:24:08 - INFO - Starting domain adaption for epsilon 0.081 ...
2025-03-15 11:31:31 - INFO - Saved domain adaption for trio beats until epsilon 0.081.
2025-03-15 11:31:31 - INFO - Starting domain adaption for epsilon 0.091 ...
2025-03-15 11:44:48 - INFO - Saved domain adaption for trio beats until epsilon 0.091.
2025-03-15 11:44:48 - INFO - Starting domain adaption for epsilon 0.01 ...
2025-03-15 12:23:41 - INFO - Saved domain adaption for trio beats until epsilon 0.01.
2025-03-15 12:23:41 - INFO - Starting domain adaption for epsilon 0.51 ...
2025-03-15 12:30:25 - INFO - Saved domain adaption for trio beats until epsilon 0.51.
2025-03-15 12:30:25 - INFO - Starting domain adaption for epsilon 0.91 ...
2025-03-15 12:38:40 - INFO - Saved domain adaption for trio beats until epsilon 0.91.
2025-03-15 12:38:40 - INFO - Starting domain adaption for epsilon 1.01 ...
2025-03-15 12:46:10 - INFO - Saved domain adaption for trio beats until epsilon 1.01.
2025-03-15 12:46:10 - INFO - Starting domain adaption for epsilon 1.51 ...
2025-03-15 12:53:33 - INFO - Saved domain adaption for trio beats until epsilon 1.51.
2025-03-15 12:53:33 - INFO - Starting domain adaption for epsilon 1.91 ...
2025-03-15 13:01:48 - INFO - Saved domain adaption for trio beats until epsilon 1.91.
2025-03-15 13:01:48 - INFO - Starting domain adaption for epsilon 2.01 ...
2025-03-15 13:09:33 - INFO - Saved domain adaption for trio beats until epsilon 2.01.
2025-03-15 13:09:33 - INFO - Starting domain adaption for epsilon 2.51 ...
2025-03-15 13:16:46 - INFO - Saved domain adaption for trio beats until epsilon 2.51.
2025-03-15 13:16:46 - INFO - Starting domain adaption for epsilon 2.91 ...
2025-03-15 13:24:09 - INFO - Saved domain adaption for trio beats until epsilon 2.91.
2025-03-15 13:24:09 - INFO - Starting domain adaption for epsilon 3.01 ...
2025-03-15 13:31:06 - INFO - Saved domain adaption for trio beats until epsilon 3.01.
2025-03-15 13:31:06 - INFO - Starting domain adaption for epsilon 3.51 ...
2025-03-15 13:38:34 - INFO - Saved domain adaption for trio beats until epsilon 3.51.
2025-03-15 13:38:34 - INFO - Starting domain adaption for epsilon 3.91 ...
2025-03-15 13:46:11 - INFO - Saved domain adaption for trio beats until epsilon 3.91.
2025-03-15 13:46:11 - INFO - Starting domain adaption for epsilon 4.01 ...
2025-03-15 13:54:01 - INFO - Saved domain adaption for trio beats until epsilon 4.01.
2025-03-15 13:54:01 - INFO - Starting domain adaption for epsilon 4.51 ...
2025-03-15 14:01:40 - INFO - Saved domain adaption for trio beats until epsilon 4.51.
2025-03-15 14:01:40 - INFO - Starting domain adaption for epsilon 4.91 ...
2025-03-15 14:08:51 - INFO - Saved domain adaption for trio beats until epsilon 4.91.
2025-03-15 14:08:51 - INFO - Starting domain adaption for epsilon 5.01 ...
2025-03-15 14:16:01 - INFO - Saved domain adaption for trio beats until epsilon 5.01.
2025-03-15 14:16:01 - INFO - Starting domain adaption for epsilon 5.51 ...
2025-03-15 14:23:40 - INFO - Saved domain adaption for trio beats until epsilon 5.51.
2025-03-15 14:23:40 - INFO - Starting domain adaption for epsilon 5.91 ...
2025-03-15 14:31:03 - INFO - Saved domain adaption for trio beats until epsilon 5.91.
2025-03-15 14:31:03 - INFO - Starting domain adaption for epsilon 6.01 ...
2025-03-15 14:38:35 - INFO - Saved domain adaption for trio beats until epsilon 6.01.
2025-03-15 14:38:35 - INFO - Starting domain adaption for epsilon 6.51 ...
2025-03-15 14:45:39 - INFO - Saved domain adaption for trio beats until epsilon 6.51.
2025-03-15 14:45:39 - INFO - Starting domain adaption for epsilon 6.91 ...
2025-03-15 14:54:04 - INFO - Saved domain adaption for trio beats until epsilon 6.91.
2025-03-15 14:54:04 - INFO - Starting domain adaption for epsilon 7.01 ...
2025-03-15 15:01:24 - INFO - Saved domain adaption for trio beats until epsilon 7.01.
2025-03-15 15:01:24 - INFO - Starting domain adaption for epsilon 7.51 ...
2025-03-15 15:08:52 - INFO - Saved domain adaption for trio beats until epsilon 7.51.
2025-03-15 15:08:52 - INFO - Starting domain adaption for epsilon 7.91 ...
2025-03-15 15:15:46 - INFO - Saved domain adaption for trio beats until epsilon 7.91.
2025-03-15 15:15:46 - INFO - Starting domain adaption for epsilon 8.01 ...
2025-03-15 15:23:31 - INFO - Saved domain adaption for trio beats until epsilon 8.01.
2025-03-15 15:23:31 - INFO - Starting domain adaption for epsilon 8.51 ...
2025-03-15 15:30:29 - INFO - Saved domain adaption for trio beats until epsilon 8.51.
2025-03-15 15:30:29 - INFO - Starting domain adaption for epsilon 8.91 ...
2025-03-15 15:38:43 - INFO - Saved domain adaption for trio beats until epsilon 8.91.
2025-03-15 15:38:43 - INFO - Starting domain adaption for epsilon 9.01 ...
2025-03-15 15:46:41 - INFO - Saved domain adaption for trio beats until epsilon 9.01.
2025-03-15 15:46:41 - INFO - Starting domain adaption for epsilon 9.51 ...
2025-03-15 15:54:03 - INFO - Saved domain adaption for trio beats until epsilon 9.51.
2025-03-15 15:54:03 - INFO - Starting domain adaption for epsilon 9.91 ...
2025-03-15 16:00:41 - INFO - Saved domain adaption for trio beats until epsilon 9.91.
2025-03-15 16:00:41 - INFO - Starting domain adaption for epsilon 10 ...
2025-03-15 16:09:13 - INFO - Saved domain adaption for trio beats until epsilon 10.
