nohup: ignoring input
2025-05-14 13:09:44 - INFO - Retrieving train-test data for shadow model training
2025-05-14 13:09:44 - INFO - Skipping existing epsilon 0.091 for laplace ...
2025-05-14 13:09:44 - INFO - Skipping existing epsilon 0.11 for laplace ...
2025-05-14 13:09:44 - INFO - Skipping existing epsilon 2.01 for laplace ...
2025-05-14 13:09:44 - INFO - Skipping existing epsilon 3.01 for laplace ...
2025-05-14 13:09:44 - INFO - Skipping existing epsilon 0.91 for laplace ...
2025-05-14 13:09:44 - INFO - Skipping existing epsilon 5.91 for laplace ...
2025-05-14 13:09:44 - INFO - Skipping existing epsilon 0.41 for laplace ...
2025-05-14 13:09:44 - INFO - Skipping existing epsilon 1e-05 for laplace ...
2025-05-14 13:09:44 - INFO - Skipping existing epsilon 0.021 for laplace ...
2025-05-14 13:09:44 - INFO - Skipping existing epsilon 0.71 for bounded_n ...
2025-05-14 13:09:44 - INFO - Skipping existing epsilon 1.21 for bounded_n ...
2025-05-14 13:09:44 - INFO - Skipping existing epsilon 0.81 for bounded_n ...
2025-05-14 13:09:44 - INFO - Skipping existing epsilon 1.91 for bounded_n ...
2025-05-14 13:09:44 - INFO - Skipping existing epsilon 0.91 for bounded_n ...
2025-05-14 13:09:44 - INFO - Skipping existing epsilon 5.01 for bounded_n ...
2025-05-14 13:09:44 - INFO - Skipping existing epsilon 1.11 for bounded_n ...
2025-05-14 13:09:44 - INFO - Skipping existing epsilon 0.11 for bounded_n ...
2025-05-14 13:09:44 - INFO - Skipping existing epsilon 8.51 for bounded_n ...
2025-05-14 13:09:44 - INFO - Skipping existing epsilon 9.91 for bounded_n ...
2025-05-14 13:09:44 - INFO - Skipping existing epsilon 0.71 for gaussian_a ...
2025-05-14 13:09:44 - INFO - Skipping existing epsilon 0.91 for gaussian_a ...
2025-05-14 13:09:44 - INFO - Skipping existing epsilon 1.41 for gaussian_a ...
2025-05-14 13:09:44 - INFO - Skipping existing epsilon 1.01 for gaussian_a ...
2025-05-14 13:09:44 - INFO - Skipping existing epsilon 4.51 for gaussian_a ...
2025-05-14 13:09:44 - INFO - Skipping existing epsilon 1e-05 for gaussian_a ...
2025-05-14 13:09:44 - INFO - Skipping existing epsilon 9.01 for gaussian_a ...
2025-05-14 13:09:44 - INFO - Skipping existing epsilon 9.51 for gaussian_a ...
2025-05-14 13:09:44 - INFO - Skipping existing epsilon 0.051 for gaussian_a ...
2025-05-14 13:09:44 - INFO - Skipping existing epsilon 0.81 for laplace_truedp ...
2025-05-14 13:09:44 - INFO - Skipping existing epsilon 1.51 for laplace_truedp ...
2025-05-14 13:09:44 - INFO - Skipping existing epsilon 0.71 for laplace_truedp ...
2025-05-14 13:09:44 - INFO - Skipping existing epsilon 0.61 for laplace_truedp ...
2025-05-14 13:09:44 - INFO - Skipping existing epsilon 1.41 for laplace_truedp ...
2025-05-14 13:09:44 - INFO - Skipping existing epsilon 1e-05 for laplace_truedp ...
2025-05-14 13:09:44 - INFO - Skipping existing epsilon 0.01 for laplace_truedp ...
2025-05-14 13:09:44 - INFO - Skipping existing epsilon 0.021 for laplace_truedp ...
2025-05-14 13:09:44 - INFO - Skipping existing epsilon 0.0001 for laplace_truedp ...
2025-05-14 13:09:44 - INFO - Skipping existing epsilon 0.001 for laplace_truedp ...
