nohup: ignoring input
2025-05-11 18:31:17 - INFO - Skipping epsilon 1e-05 -- 
2025-05-11 18:31:17 - INFO - Skipping epsilon 0.0001 -- 
2025-05-11 18:31:17 - INFO - Skipping epsilon 0.001 -- 
2025-05-11 18:31:17 - INFO - Skipping epsilon 0.011 -- 
2025-05-11 18:31:17 - INFO - Skipping epsilon 0.021 -- 
2025-05-11 18:31:17 - INFO - Skipping epsilon 0.031 -- 
2025-05-11 18:31:17 - INFO - Skipping epsilon 0.041 -- 
2025-05-11 18:31:17 - INFO - Skipping epsilon 0.051 -- 
2025-05-11 18:31:17 - INFO - Skipping epsilon 0.061 -- 
2025-05-11 18:31:17 - INFO - Skipping epsilon 0.071 -- 
2025-05-11 18:31:17 - INFO - Skipping epsilon 0.081 -- 
2025-05-11 18:31:17 - INFO - Skipping epsilon 0.091 -- 
2025-05-11 18:31:17 - INFO - Creating dictionary for epsilon 0.01 ...
2025-05-11 18:31:30 - INFO - Creating dictionary for epsilon 0.11 ...
2025-05-11 18:31:43 - INFO - Creating dictionary for epsilon 0.21 ...
2025-05-11 18:31:56 - INFO - Creating dictionary for epsilon 0.31 ...
2025-05-11 18:32:10 - INFO - Creating dictionary for epsilon 0.41 ...
2025-05-11 18:32:24 - INFO - Creating dictionary for epsilon 0.51 ...
2025-05-11 18:32:38 - INFO - Creating dictionary for epsilon 0.61 ...
2025-05-11 18:32:52 - INFO - Creating dictionary for epsilon 0.71 ...
2025-05-11 18:33:05 - INFO - Creating dictionary for epsilon 0.81 ...
2025-05-11 18:33:19 - INFO - Creating dictionary for epsilon 0.91 ...
2025-05-11 18:33:33 - INFO - Creating dictionary for epsilon 1.01 ...
2025-05-11 18:33:48 - INFO - Creating dictionary for epsilon 1.11 ...
2025-05-11 18:34:02 - INFO - Creating dictionary for epsilon 1.21 ...
2025-05-11 18:34:17 - INFO - Creating dictionary for epsilon 1.31 ...
2025-05-11 18:34:30 - INFO - Creating dictionary for epsilon 1.41 ...
2025-05-11 18:34:44 - INFO - Creating dictionary for epsilon 1.51 ...
2025-05-11 18:34:58 - INFO - Creating dictionary for epsilon 1.61 ...
2025-05-11 18:35:12 - INFO - Creating dictionary for epsilon 1.71 ...
2025-05-11 18:35:26 - INFO - Creating dictionary for epsilon 1.81 ...
2025-05-11 18:35:40 - INFO - Creating dictionary for epsilon 1.91 ...
2025-05-11 18:35:53 - INFO - Savind dictionary for mechanism laplace_truedp ...
2025-05-11 18:35:53 - INFO - Starting with single beats for laplace_truedp ...
2025-05-11 18:36:10 - INFO - Skipping epsilon 1e-05 -- 
2025-05-11 18:36:10 - INFO - Skipping epsilon 0.0001 -- 
2025-05-11 18:36:10 - INFO - Skipping epsilon 0.001 -- 
2025-05-11 18:36:10 - INFO - Skipping epsilon 0.011 -- 
2025-05-11 18:36:10 - INFO - Skipping epsilon 0.021 -- 
2025-05-11 18:36:10 - INFO - Skipping epsilon 0.031 -- 
2025-05-11 18:36:10 - INFO - Skipping epsilon 0.041 -- 
2025-05-11 18:36:10 - INFO - Skipping epsilon 0.051 -- 
2025-05-11 18:36:10 - INFO - Skipping epsilon 0.061 -- 
2025-05-11 18:36:10 - INFO - Skipping epsilon 0.071 -- 
2025-05-11 18:36:10 - INFO - Skipping epsilon 0.081 -- 
2025-05-11 18:36:10 - INFO - Skipping epsilon 0.091 -- 
2025-05-11 18:36:10 - INFO - Starting domain adaption for epsilon 0.01 ...
2025-05-11 18:41:22 - INFO - Saved domain adaption for single beats until epsilon 0.01.
2025-05-11 18:41:22 - INFO - Starting domain adaption for epsilon 0.11 ...
2025-05-11 18:46:31 - INFO - Saved domain adaption for single beats until epsilon 0.11.
2025-05-11 18:46:31 - INFO - Starting domain adaption for epsilon 0.21 ...
2025-05-11 18:51:40 - INFO - Saved domain adaption for single beats until epsilon 0.21.
2025-05-11 18:51:40 - INFO - Starting domain adaption for epsilon 0.31 ...
2025-05-11 18:56:47 - INFO - Saved domain adaption for single beats until epsilon 0.31.
2025-05-11 18:56:47 - INFO - Starting domain adaption for epsilon 0.41 ...
2025-05-11 19:01:58 - INFO - Saved domain adaption for single beats until epsilon 0.41.
2025-05-11 19:01:58 - INFO - Starting domain adaption for epsilon 0.51 ...
2025-05-11 19:07:25 - INFO - Saved domain adaption for single beats until epsilon 0.51.
2025-05-11 19:07:25 - INFO - Starting domain adaption for epsilon 0.61 ...
2025-05-11 19:12:45 - INFO - Saved domain adaption for single beats until epsilon 0.61.
2025-05-11 19:12:45 - INFO - Starting domain adaption for epsilon 0.71 ...
2025-05-11 19:18:10 - INFO - Saved domain adaption for single beats until epsilon 0.71.
2025-05-11 19:18:10 - INFO - Starting domain adaption for epsilon 0.81 ...
2025-05-11 19:23:29 - INFO - Saved domain adaption for single beats until epsilon 0.81.
2025-05-11 19:23:29 - INFO - Starting domain adaption for epsilon 0.91 ...
2025-05-11 19:29:00 - INFO - Saved domain adaption for single beats until epsilon 0.91.
2025-05-11 19:29:00 - INFO - Starting domain adaption for epsilon 1.01 ...
2025-05-11 19:34:26 - INFO - Saved domain adaption for single beats until epsilon 1.01.
2025-05-11 19:34:26 - INFO - Starting domain adaption for epsilon 1.11 ...
2025-05-11 19:39:46 - INFO - Saved domain adaption for single beats until epsilon 1.11.
2025-05-11 19:39:46 - INFO - Starting domain adaption for epsilon 1.21 ...
2025-05-11 19:45:22 - INFO - Saved domain adaption for single beats until epsilon 1.21.
2025-05-11 19:45:22 - INFO - Starting domain adaption for epsilon 1.31 ...
2025-05-11 19:50:57 - INFO - Saved domain adaption for single beats until epsilon 1.31.
2025-05-11 19:50:57 - INFO - Starting domain adaption for epsilon 1.41 ...
2025-05-11 19:56:20 - INFO - Saved domain adaption for single beats until epsilon 1.41.
2025-05-11 19:56:20 - INFO - Starting domain adaption for epsilon 1.51 ...
2025-05-11 20:01:42 - INFO - Saved domain adaption for single beats until epsilon 1.51.
2025-05-11 20:01:42 - INFO - Starting domain adaption for epsilon 1.61 ...
2025-05-11 20:07:12 - INFO - Saved domain adaption for single beats until epsilon 1.61.
2025-05-11 20:07:12 - INFO - Starting domain adaption for epsilon 1.71 ...
2025-05-11 20:12:36 - INFO - Saved domain adaption for single beats until epsilon 1.71.
2025-05-11 20:12:36 - INFO - Starting domain adaption for epsilon 1.81 ...
2025-05-11 20:18:00 - INFO - Saved domain adaption for single beats until epsilon 1.81.
2025-05-11 20:18:00 - INFO - Starting domain adaption for epsilon 1.91 ...
2025-05-11 20:23:26 - INFO - Saved domain adaption for single beats until epsilon 1.91.
2025-05-11 20:23:26 - INFO - Starting with trio beats for laplace_truedp ...
2025-05-11 20:23:42 - INFO - Skipping epsilon 1e-05 -- 
2025-05-11 20:23:42 - INFO - Skipping epsilon 0.0001 -- 
2025-05-11 20:23:42 - INFO - Skipping epsilon 0.001 -- 
2025-05-11 20:23:42 - INFO - Skipping epsilon 0.011 -- 
2025-05-11 20:23:42 - INFO - Skipping epsilon 0.021 -- 
2025-05-11 20:23:42 - INFO - Skipping epsilon 0.031 -- 
2025-05-11 20:23:42 - INFO - Skipping epsilon 0.041 -- 
2025-05-11 20:23:42 - INFO - Skipping epsilon 0.051 -- 
2025-05-11 20:23:42 - INFO - Skipping epsilon 0.061 -- 
2025-05-11 20:23:42 - INFO - Skipping epsilon 0.071 -- 
2025-05-11 20:23:42 - INFO - Skipping epsilon 0.081 -- 
2025-05-11 20:23:42 - INFO - Skipping epsilon 0.091 -- 
2025-05-11 20:23:42 - INFO - Starting domain adaption for epsilon 0.01 ...
2025-05-11 20:28:48 - INFO - Saved domain adaption for trio beats until epsilon 0.01.
2025-05-11 20:28:48 - INFO - Starting domain adaption for epsilon 0.11 ...
2025-05-11 20:33:56 - INFO - Saved domain adaption for trio beats until epsilon 0.11.
2025-05-11 20:33:56 - INFO - Starting domain adaption for epsilon 0.21 ...
2025-05-11 20:39:03 - INFO - Saved domain adaption for trio beats until epsilon 0.21.
2025-05-11 20:39:03 - INFO - Starting domain adaption for epsilon 0.31 ...
2025-05-11 20:44:11 - INFO - Saved domain adaption for trio beats until epsilon 0.31.
2025-05-11 20:44:11 - INFO - Starting domain adaption for epsilon 0.41 ...
2025-05-11 20:49:18 - INFO - Saved domain adaption for trio beats until epsilon 0.41.
2025-05-11 20:49:18 - INFO - Starting domain adaption for epsilon 0.51 ...
2025-05-11 20:54:38 - INFO - Saved domain adaption for trio beats until epsilon 0.51.
2025-05-11 20:54:38 - INFO - Starting domain adaption for epsilon 0.61 ...
2025-05-11 20:59:53 - INFO - Saved domain adaption for trio beats until epsilon 0.61.
2025-05-11 20:59:53 - INFO - Starting domain adaption for epsilon 0.71 ...
2025-05-11 21:05:09 - INFO - Saved domain adaption for trio beats until epsilon 0.71.
2025-05-11 21:05:09 - INFO - Starting domain adaption for epsilon 0.81 ...
2025-05-11 21:10:22 - INFO - Saved domain adaption for trio beats until epsilon 0.81.
2025-05-11 21:10:22 - INFO - Starting domain adaption for epsilon 0.91 ...
2025-05-11 21:15:42 - INFO - Saved domain adaption for trio beats until epsilon 0.91.
2025-05-11 21:15:42 - INFO - Starting domain adaption for epsilon 1.01 ...
2025-05-11 21:21:00 - INFO - Saved domain adaption for trio beats until epsilon 1.01.
2025-05-11 21:21:00 - INFO - Starting domain adaption for epsilon 1.11 ...
2025-05-11 21:26:15 - INFO - Saved domain adaption for trio beats until epsilon 1.11.
2025-05-11 21:26:15 - INFO - Starting domain adaption for epsilon 1.21 ...
2025-05-11 21:31:40 - INFO - Saved domain adaption for trio beats until epsilon 1.21.
2025-05-11 21:31:40 - INFO - Starting domain adaption for epsilon 1.31 ...
2025-05-11 21:37:17 - INFO - Saved domain adaption for trio beats until epsilon 1.31.
2025-05-11 21:37:17 - INFO - Starting domain adaption for epsilon 1.41 ...
2025-05-11 21:42:38 - INFO - Saved domain adaption for trio beats until epsilon 1.41.
2025-05-11 21:42:38 - INFO - Starting domain adaption for epsilon 1.51 ...
2025-05-11 21:48:40 - INFO - Saved domain adaption for trio beats until epsilon 1.51.
2025-05-11 21:48:40 - INFO - Starting domain adaption for epsilon 1.61 ...
2025-05-11 21:54:08 - INFO - Saved domain adaption for trio beats until epsilon 1.61.
2025-05-11 21:54:08 - INFO - Starting domain adaption for epsilon 1.71 ...
2025-05-11 22:00:08 - INFO - Saved domain adaption for trio beats until epsilon 1.71.
2025-05-11 22:00:08 - INFO - Starting domain adaption for epsilon 1.81 ...
2025-05-11 22:05:47 - INFO - Saved domain adaption for trio beats until epsilon 1.81.
2025-05-11 22:05:47 - INFO - Starting domain adaption for epsilon 1.91 ...
2025-05-11 22:13:42 - INFO - Saved domain adaption for trio beats until epsilon 1.91.
