nohup: ignoring input
2025-03-21 15:47:22 - INFO - Setup laplace for ensemble model ...
2025-03-21 15:47:22 - INFO - Skipping existing 1e-05 ...
2025-03-21 15:47:22 - INFO - Skipping existing 0.0001 ...
2025-03-21 15:47:22 - INFO - Skipping existing 0.001 ...
2025-03-21 15:47:22 - INFO - Skipping existing 0.021 ...
2025-03-21 15:47:22 - INFO - Skipping existing 0.031 ...
2025-03-21 15:47:22 - INFO - Skipping existing 0.041 ...
2025-03-21 15:47:22 - INFO - Skipping existing 0.051 ...
2025-03-21 15:47:22 - INFO - Skipping existing 0.061 ...
2025-03-21 15:47:22 - INFO - Skipping existing 0.071 ...
2025-03-21 15:47:22 - INFO - Skipping existing 0.081 ...
2025-03-21 15:47:22 - INFO - Skipping existing 0.091 ...
2025-03-21 15:47:22 - INFO - Skipping existing 0.01 ...
2025-03-21 15:49:48 - INFO - Starting with epsilon 0.11 ...
2025-03-21 15:49:52 - INFO - Repeat 1/10 for epsilon 0.11
2025-03-21 15:49:57 - INFO - Repeat 2/10 for epsilon 0.11
2025-03-21 15:50:01 - INFO - Repeat 3/10 for epsilon 0.11
2025-03-21 15:50:05 - INFO - Repeat 4/10 for epsilon 0.11
2025-03-21 15:50:10 - INFO - Repeat 5/10 for epsilon 0.11
2025-03-21 15:50:14 - INFO - Repeat 6/10 for epsilon 0.11
2025-03-21 15:50:19 - INFO - Repeat 7/10 for epsilon 0.11
2025-03-21 15:50:23 - INFO - Repeat 8/10 for epsilon 0.11
2025-03-21 15:50:28 - INFO - Repeat 9/10 for epsilon 0.11
2025-03-21 15:50:32 - INFO - Repeat 10/10 for epsilon 0.11
2025-03-21 15:50:37 - INFO - All repeats for epsilon 0.11 done. Saving now ...
2025-03-21 15:53:22 - INFO - Starting with epsilon 0.21 ...
2025-03-21 15:53:23 - INFO - Repeat 1/10 for epsilon 0.21
2025-03-21 15:53:28 - INFO - Repeat 2/10 for epsilon 0.21
2025-03-21 15:53:32 - INFO - Repeat 3/10 for epsilon 0.21
2025-03-21 15:53:37 - INFO - Repeat 4/10 for epsilon 0.21
2025-03-21 15:53:41 - INFO - Repeat 5/10 for epsilon 0.21
2025-03-21 15:53:46 - INFO - Repeat 6/10 for epsilon 0.21
2025-03-21 15:53:50 - INFO - Repeat 7/10 for epsilon 0.21
2025-03-21 15:53:55 - INFO - Repeat 8/10 for epsilon 0.21
2025-03-21 15:53:58 - INFO - Repeat 9/10 for epsilon 0.21
2025-03-21 15:54:02 - INFO - Repeat 10/10 for epsilon 0.21
2025-03-21 15:54:07 - INFO - All repeats for epsilon 0.21 done. Saving now ...
2025-03-21 15:54:30 - INFO - Starting with epsilon 0.31 ...
2025-03-21 15:54:32 - INFO - Repeat 1/10 for epsilon 0.31
2025-03-21 15:54:36 - INFO - Repeat 2/10 for epsilon 0.31
2025-03-21 15:54:40 - INFO - Repeat 3/10 for epsilon 0.31
2025-03-21 15:54:45 - INFO - Repeat 4/10 for epsilon 0.31
2025-03-21 15:54:49 - INFO - Repeat 5/10 for epsilon 0.31
2025-03-21 15:54:54 - INFO - Repeat 6/10 for epsilon 0.31
2025-03-21 15:54:58 - INFO - Repeat 7/10 for epsilon 0.31
2025-03-21 15:55:03 - INFO - Repeat 8/10 for epsilon 0.31
2025-03-21 15:55:07 - INFO - Repeat 9/10 for epsilon 0.31
2025-03-21 15:55:12 - INFO - Repeat 10/10 for epsilon 0.31
2025-03-21 15:55:16 - INFO - All repeats for epsilon 0.31 done. Saving now ...
2025-03-21 15:55:28 - INFO - Starting with epsilon 0.41 ...
2025-03-21 15:55:30 - INFO - Repeat 1/10 for epsilon 0.41
2025-03-21 15:55:34 - INFO - Repeat 2/10 for epsilon 0.41
2025-03-21 15:55:39 - INFO - Repeat 3/10 for epsilon 0.41
2025-03-21 15:55:43 - INFO - Repeat 4/10 for epsilon 0.41
2025-03-21 15:55:48 - INFO - Repeat 5/10 for epsilon 0.41
2025-03-21 15:55:52 - INFO - Repeat 6/10 for epsilon 0.41
2025-03-21 15:55:57 - INFO - Repeat 7/10 for epsilon 0.41
2025-03-21 15:56:01 - INFO - Repeat 8/10 for epsilon 0.41
2025-03-21 15:56:06 - INFO - Repeat 9/10 for epsilon 0.41
2025-03-21 15:56:10 - INFO - Repeat 10/10 for epsilon 0.41
2025-03-21 15:56:14 - INFO - All repeats for epsilon 0.41 done. Saving now ...
2025-03-21 15:56:14 - INFO - Skipping existing 0.51 ...
2025-03-21 15:56:25 - INFO - Starting with epsilon 0.61 ...
2025-03-21 15:56:27 - INFO - Repeat 1/10 for epsilon 0.61
2025-03-21 15:56:31 - INFO - Repeat 2/10 for epsilon 0.61
2025-03-21 15:56:35 - INFO - Repeat 3/10 for epsilon 0.61
2025-03-21 15:56:40 - INFO - Repeat 4/10 for epsilon 0.61
2025-03-21 15:56:44 - INFO - Repeat 5/10 for epsilon 0.61
2025-03-21 15:56:49 - INFO - Repeat 6/10 for epsilon 0.61
2025-03-21 15:56:53 - INFO - Repeat 7/10 for epsilon 0.61
2025-03-21 15:56:58 - INFO - Repeat 8/10 for epsilon 0.61
2025-03-21 15:57:02 - INFO - Repeat 9/10 for epsilon 0.61
2025-03-21 15:57:06 - INFO - Repeat 10/10 for epsilon 0.61
2025-03-21 15:57:11 - INFO - All repeats for epsilon 0.61 done. Saving now ...
2025-03-21 15:57:21 - INFO - Starting with epsilon 0.71 ...
2025-03-21 15:57:23 - INFO - Repeat 1/10 for epsilon 0.71
2025-03-21 15:57:27 - INFO - Repeat 2/10 for epsilon 0.71
2025-03-21 15:57:32 - INFO - Repeat 3/10 for epsilon 0.71
2025-03-21 15:57:36 - INFO - Repeat 4/10 for epsilon 0.71
2025-03-21 15:57:40 - INFO - Repeat 5/10 for epsilon 0.71
2025-03-21 15:57:45 - INFO - Repeat 6/10 for epsilon 0.71
2025-03-21 15:57:49 - INFO - Repeat 7/10 for epsilon 0.71
2025-03-21 15:57:54 - INFO - Repeat 8/10 for epsilon 0.71
2025-03-21 15:57:58 - INFO - Repeat 9/10 for epsilon 0.71
2025-03-21 15:58:03 - INFO - Repeat 10/10 for epsilon 0.71
2025-03-21 15:58:07 - INFO - All repeats for epsilon 0.71 done. Saving now ...
2025-03-21 15:58:17 - INFO - Starting with epsilon 0.81 ...
2025-03-21 15:58:18 - INFO - Repeat 1/10 for epsilon 0.81
2025-03-21 15:58:23 - INFO - Repeat 2/10 for epsilon 0.81
2025-03-21 15:58:27 - INFO - Repeat 3/10 for epsilon 0.81
2025-03-21 15:58:32 - INFO - Repeat 4/10 for epsilon 0.81
2025-03-21 15:58:36 - INFO - Repeat 5/10 for epsilon 0.81
2025-03-21 15:58:41 - INFO - Repeat 6/10 for epsilon 0.81
2025-03-21 15:58:45 - INFO - Repeat 7/10 for epsilon 0.81
2025-03-21 15:58:50 - INFO - Repeat 8/10 for epsilon 0.81
2025-03-21 15:58:54 - INFO - Repeat 9/10 for epsilon 0.81
2025-03-21 15:58:59 - INFO - Repeat 10/10 for epsilon 0.81
2025-03-21 15:59:03 - INFO - All repeats for epsilon 0.81 done. Saving now ...
2025-03-21 15:59:03 - INFO - Skipping existing 0.91 ...
2025-03-21 15:59:03 - INFO - Skipping existing 1.01 ...
2025-03-21 15:59:13 - INFO - Starting with epsilon 1.11 ...
2025-03-21 15:59:14 - INFO - Repeat 1/10 for epsilon 1.11
2025-03-21 15:59:18 - INFO - Repeat 2/10 for epsilon 1.11
2025-03-21 15:59:23 - INFO - Repeat 3/10 for epsilon 1.11
2025-03-21 15:59:27 - INFO - Repeat 4/10 for epsilon 1.11
2025-03-21 15:59:32 - INFO - Repeat 5/10 for epsilon 1.11
2025-03-21 15:59:36 - INFO - Repeat 6/10 for epsilon 1.11
2025-03-21 15:59:41 - INFO - Repeat 7/10 for epsilon 1.11
2025-03-21 15:59:45 - INFO - Repeat 8/10 for epsilon 1.11
2025-03-21 15:59:50 - INFO - Repeat 9/10 for epsilon 1.11
2025-03-21 15:59:54 - INFO - Repeat 10/10 for epsilon 1.11
2025-03-21 15:59:58 - INFO - All repeats for epsilon 1.11 done. Saving now ...
2025-03-21 16:00:07 - INFO - Starting with epsilon 1.21 ...
2025-03-21 16:00:09 - INFO - Repeat 1/10 for epsilon 1.21
2025-03-21 16:00:13 - INFO - Repeat 2/10 for epsilon 1.21
2025-03-21 16:00:18 - INFO - Repeat 3/10 for epsilon 1.21
2025-03-21 16:00:22 - INFO - Repeat 4/10 for epsilon 1.21
2025-03-21 16:00:27 - INFO - Repeat 5/10 for epsilon 1.21
2025-03-21 16:00:31 - INFO - Repeat 6/10 for epsilon 1.21
2025-03-21 16:00:35 - INFO - Repeat 7/10 for epsilon 1.21
2025-03-21 16:00:40 - INFO - Repeat 8/10 for epsilon 1.21
2025-03-21 16:00:44 - INFO - Repeat 9/10 for epsilon 1.21
2025-03-21 16:00:49 - INFO - Repeat 10/10 for epsilon 1.21
2025-03-21 16:00:54 - INFO - All repeats for epsilon 1.21 done. Saving now ...
2025-03-21 16:01:02 - INFO - Starting with epsilon 1.31 ...
2025-03-21 16:01:03 - INFO - Repeat 1/10 for epsilon 1.31
2025-03-21 16:01:08 - INFO - Repeat 2/10 for epsilon 1.31
2025-03-21 16:01:12 - INFO - Repeat 3/10 for epsilon 1.31
2025-03-21 16:01:17 - INFO - Repeat 4/10 for epsilon 1.31
2025-03-21 16:01:21 - INFO - Repeat 5/10 for epsilon 1.31
2025-03-21 16:01:26 - INFO - Repeat 6/10 for epsilon 1.31
2025-03-21 16:01:30 - INFO - Repeat 7/10 for epsilon 1.31
2025-03-21 16:01:35 - INFO - Repeat 8/10 for epsilon 1.31
2025-03-21 16:01:39 - INFO - Repeat 9/10 for epsilon 1.31
2025-03-21 16:01:44 - INFO - Repeat 10/10 for epsilon 1.31
2025-03-21 16:01:48 - INFO - All repeats for epsilon 1.31 done. Saving now ...
2025-03-21 16:01:56 - INFO - Starting with epsilon 1.41 ...
2025-03-21 16:01:58 - INFO - Repeat 1/10 for epsilon 1.41
2025-03-21 16:02:02 - INFO - Repeat 2/10 for epsilon 1.41
2025-03-21 16:02:07 - INFO - Repeat 3/10 for epsilon 1.41
2025-03-21 16:02:11 - INFO - Repeat 4/10 for epsilon 1.41
2025-03-21 16:02:16 - INFO - Repeat 5/10 for epsilon 1.41
2025-03-21 16:02:20 - INFO - Repeat 6/10 for epsilon 1.41
2025-03-21 16:02:25 - INFO - Repeat 7/10 for epsilon 1.41
2025-03-21 16:02:29 - INFO - Repeat 8/10 for epsilon 1.41
2025-03-21 16:02:34 - INFO - Repeat 9/10 for epsilon 1.41
2025-03-21 16:02:38 - INFO - Repeat 10/10 for epsilon 1.41
2025-03-21 16:02:43 - INFO - All repeats for epsilon 1.41 done. Saving now ...
2025-03-21 16:02:43 - INFO - Skipping existing 1.51 ...
2025-03-21 16:02:43 - INFO - Skipping existing 1.91 ...
2025-03-21 16:02:43 - INFO - Skipping existing 2.01 ...
2025-03-21 16:02:43 - INFO - Skipping existing 2.51 ...
2025-03-21 16:02:43 - INFO - Skipping existing 2.91 ...
2025-03-21 16:02:43 - INFO - Skipping existing 3.01 ...
2025-03-21 16:02:43 - INFO - Skipping existing 3.51 ...
2025-03-21 16:02:43 - INFO - Skipping existing 3.91 ...
2025-03-21 16:02:43 - INFO - Skipping existing 4.01 ...
2025-03-21 16:02:43 - INFO - Skipping existing 4.51 ...
2025-03-21 16:02:43 - INFO - Skipping existing 4.91 ...
2025-03-21 16:02:43 - INFO - Skipping existing 5.01 ...
2025-03-21 16:02:43 - INFO - Skipping existing 5.51 ...
2025-03-21 16:02:43 - INFO - Skipping existing 5.91 ...
2025-03-21 16:02:43 - INFO - Skipping existing 6.01 ...
2025-03-21 16:02:43 - INFO - Skipping existing 6.51 ...
2025-03-21 16:02:43 - INFO - Skipping existing 6.91 ...
2025-03-21 16:02:43 - INFO - Skipping existing 7.01 ...
2025-03-21 16:02:43 - INFO - Skipping existing 7.51 ...
2025-03-21 16:02:43 - INFO - Skipping existing 7.91 ...
2025-03-21 16:02:43 - INFO - Skipping existing 8.01 ...
2025-03-21 16:02:43 - INFO - Skipping existing 8.51 ...
2025-03-21 16:02:43 - INFO - Skipping existing 8.91 ...
2025-03-21 16:02:43 - INFO - Skipping existing 9.01 ...
2025-03-21 16:02:43 - INFO - Skipping existing 9.51 ...
2025-03-21 16:02:43 - INFO - Skipping existing 9.91 ...
2025-03-21 16:02:43 - INFO - Skipping existing 10 ...
2025-03-21 16:02:43 - INFO - Setup bounded_n for ensemble model ...
2025-03-21 16:02:43 - INFO - Skipping existing 0.021 ...
2025-03-21 16:02:43 - INFO - Skipping existing 0.031 ...
2025-03-21 16:02:43 - INFO - Skipping existing 0.041 ...
2025-03-21 16:02:43 - INFO - Skipping existing 0.051 ...
2025-03-21 16:02:43 - INFO - Skipping existing 0.061 ...
2025-03-21 16:02:43 - INFO - Skipping existing 0.071 ...
2025-03-21 16:02:43 - INFO - Skipping existing 0.081 ...
2025-03-21 16:02:43 - INFO - Skipping existing 0.091 ...
2025-03-21 16:02:43 - INFO - Skipping existing 0.01 ...
2025-03-21 16:04:32 - INFO - Starting with epsilon 0.11 ...
2025-03-21 16:04:34 - INFO - Repeat 1/10 for epsilon 0.11
2025-03-21 16:04:38 - INFO - Repeat 2/10 for epsilon 0.11
2025-03-21 16:04:43 - INFO - Repeat 3/10 for epsilon 0.11
2025-03-21 16:04:47 - INFO - Repeat 4/10 for epsilon 0.11
2025-03-21 16:04:52 - INFO - Repeat 5/10 for epsilon 0.11
2025-03-21 16:04:56 - INFO - Repeat 6/10 for epsilon 0.11
2025-03-21 16:05:01 - INFO - Repeat 7/10 for epsilon 0.11
2025-03-21 16:05:05 - INFO - Repeat 8/10 for epsilon 0.11
2025-03-21 16:05:08 - INFO - Repeat 9/10 for epsilon 0.11
2025-03-21 16:05:12 - INFO - Repeat 10/10 for epsilon 0.11
2025-03-21 16:05:17 - INFO - All repeats for epsilon 0.11 done. Saving now ...
2025-03-21 16:06:20 - INFO - Starting with epsilon 0.21 ...
2025-03-21 16:06:21 - INFO - Repeat 1/10 for epsilon 0.21
2025-03-21 16:06:25 - INFO - Repeat 2/10 for epsilon 0.21
2025-03-21 16:06:30 - INFO - Repeat 3/10 for epsilon 0.21
2025-03-21 16:06:34 - INFO - Repeat 4/10 for epsilon 0.21
2025-03-21 16:06:39 - INFO - Repeat 5/10 for epsilon 0.21
2025-03-21 16:06:43 - INFO - Repeat 6/10 for epsilon 0.21
2025-03-21 16:06:48 - INFO - Repeat 7/10 for epsilon 0.21
2025-03-21 16:06:52 - INFO - Repeat 8/10 for epsilon 0.21
2025-03-21 16:06:57 - INFO - Repeat 9/10 for epsilon 0.21
2025-03-21 16:07:02 - INFO - Repeat 10/10 for epsilon 0.21
2025-03-21 16:07:06 - INFO - All repeats for epsilon 0.21 done. Saving now ...
2025-03-21 16:07:20 - INFO - Starting with epsilon 0.31 ...
2025-03-21 16:07:22 - INFO - Repeat 1/10 for epsilon 0.31
2025-03-21 16:07:27 - INFO - Repeat 2/10 for epsilon 0.31
2025-03-21 16:07:31 - INFO - Repeat 3/10 for epsilon 0.31
2025-03-21 16:07:36 - INFO - Repeat 4/10 for epsilon 0.31
2025-03-21 16:07:40 - INFO - Repeat 5/10 for epsilon 0.31
2025-03-21 16:07:45 - INFO - Repeat 6/10 for epsilon 0.31
2025-03-21 16:07:49 - INFO - Repeat 7/10 for epsilon 0.31
2025-03-21 16:07:54 - INFO - Repeat 8/10 for epsilon 0.31
2025-03-21 16:07:58 - INFO - Repeat 9/10 for epsilon 0.31
2025-03-21 16:08:03 - INFO - Repeat 10/10 for epsilon 0.31
2025-03-21 16:08:07 - INFO - All repeats for epsilon 0.31 done. Saving now ...
2025-03-21 16:08:15 - INFO - Starting with epsilon 0.41 ...
2025-03-21 16:08:17 - INFO - Repeat 1/10 for epsilon 0.41
2025-03-21 16:08:21 - INFO - Repeat 2/10 for epsilon 0.41
2025-03-21 16:08:25 - INFO - Repeat 3/10 for epsilon 0.41
2025-03-21 16:08:30 - INFO - Repeat 4/10 for epsilon 0.41
2025-03-21 16:08:35 - INFO - Repeat 5/10 for epsilon 0.41
2025-03-21 16:08:39 - INFO - Repeat 6/10 for epsilon 0.41
2025-03-21 16:08:43 - INFO - Repeat 7/10 for epsilon 0.41
2025-03-21 16:08:48 - INFO - Repeat 8/10 for epsilon 0.41
2025-03-21 16:08:52 - INFO - Repeat 9/10 for epsilon 0.41
2025-03-21 16:08:57 - INFO - Repeat 10/10 for epsilon 0.41
2025-03-21 16:09:02 - INFO - All repeats for epsilon 0.41 done. Saving now ...
2025-03-21 16:09:02 - INFO - Skipping existing 0.51 ...
2025-03-21 16:09:09 - INFO - Starting with epsilon 0.61 ...
2025-03-21 16:09:11 - INFO - Repeat 1/10 for epsilon 0.61
2025-03-21 16:09:15 - INFO - Repeat 2/10 for epsilon 0.61
2025-03-21 16:09:20 - INFO - Repeat 3/10 for epsilon 0.61
2025-03-21 16:09:24 - INFO - Repeat 4/10 for epsilon 0.61
2025-03-21 16:09:29 - INFO - Repeat 5/10 for epsilon 0.61
2025-03-21 16:09:33 - INFO - Repeat 6/10 for epsilon 0.61
2025-03-21 16:09:37 - INFO - Repeat 7/10 for epsilon 0.61
2025-03-21 16:09:42 - INFO - Repeat 8/10 for epsilon 0.61
2025-03-21 16:09:47 - INFO - Repeat 9/10 for epsilon 0.61
2025-03-21 16:09:51 - INFO - Repeat 10/10 for epsilon 0.61
2025-03-21 16:09:56 - INFO - All repeats for epsilon 0.61 done. Saving now ...
2025-03-21 16:10:04 - INFO - Starting with epsilon 0.71 ...
2025-03-21 16:10:05 - INFO - Repeat 1/10 for epsilon 0.71
2025-03-21 16:10:10 - INFO - Repeat 2/10 for epsilon 0.71
2025-03-21 16:10:14 - INFO - Repeat 3/10 for epsilon 0.71
2025-03-21 16:10:19 - INFO - Repeat 4/10 for epsilon 0.71
2025-03-21 16:10:23 - INFO - Repeat 5/10 for epsilon 0.71
2025-03-21 16:10:27 - INFO - Repeat 6/10 for epsilon 0.71
2025-03-21 16:10:30 - INFO - Repeat 7/10 for epsilon 0.71
2025-03-21 16:10:33 - INFO - Repeat 8/10 for epsilon 0.71
2025-03-21 16:10:37 - INFO - Repeat 9/10 for epsilon 0.71
2025-03-21 16:10:42 - INFO - Repeat 10/10 for epsilon 0.71
2025-03-21 16:10:46 - INFO - All repeats for epsilon 0.71 done. Saving now ...
2025-03-21 16:10:55 - INFO - Starting with epsilon 0.81 ...
2025-03-21 16:10:56 - INFO - Repeat 1/10 for epsilon 0.81
2025-03-21 16:11:00 - INFO - Repeat 2/10 for epsilon 0.81
2025-03-21 16:11:05 - INFO - Repeat 3/10 for epsilon 0.81
2025-03-21 16:11:09 - INFO - Repeat 4/10 for epsilon 0.81
2025-03-21 16:11:14 - INFO - Repeat 5/10 for epsilon 0.81
2025-03-21 16:11:19 - INFO - Repeat 6/10 for epsilon 0.81
2025-03-21 16:11:23 - INFO - Repeat 7/10 for epsilon 0.81
2025-03-21 16:11:28 - INFO - Repeat 8/10 for epsilon 0.81
2025-03-21 16:11:32 - INFO - Repeat 9/10 for epsilon 0.81
2025-03-21 16:11:37 - INFO - Repeat 10/10 for epsilon 0.81
2025-03-21 16:11:41 - INFO - All repeats for epsilon 0.81 done. Saving now ...
2025-03-21 16:11:41 - INFO - Skipping existing 0.91 ...
2025-03-21 16:11:41 - INFO - Skipping existing 1.01 ...
2025-03-21 16:11:50 - INFO - Starting with epsilon 1.11 ...
2025-03-21 16:11:51 - INFO - Repeat 1/10 for epsilon 1.11
2025-03-21 16:11:56 - INFO - Repeat 2/10 for epsilon 1.11
2025-03-21 16:12:01 - INFO - Repeat 3/10 for epsilon 1.11
2025-03-21 16:12:05 - INFO - Repeat 4/10 for epsilon 1.11
2025-03-21 16:12:10 - INFO - Repeat 5/10 for epsilon 1.11
2025-03-21 16:12:14 - INFO - Repeat 6/10 for epsilon 1.11
2025-03-21 16:12:19 - INFO - Repeat 7/10 for epsilon 1.11
2025-03-21 16:12:23 - INFO - Repeat 8/10 for epsilon 1.11
2025-03-21 16:12:28 - INFO - Repeat 9/10 for epsilon 1.11
2025-03-21 16:12:32 - INFO - Repeat 10/10 for epsilon 1.11
2025-03-21 16:12:37 - INFO - All repeats for epsilon 1.11 done. Saving now ...
2025-03-21 16:12:46 - INFO - Starting with epsilon 1.21 ...
2025-03-21 16:12:47 - INFO - Repeat 1/10 for epsilon 1.21
2025-03-21 16:12:51 - INFO - Repeat 2/10 for epsilon 1.21
2025-03-21 16:12:55 - INFO - Repeat 3/10 for epsilon 1.21
2025-03-21 16:13:00 - INFO - Repeat 4/10 for epsilon 1.21
2025-03-21 16:13:04 - INFO - Repeat 5/10 for epsilon 1.21
2025-03-21 16:13:09 - INFO - Repeat 6/10 for epsilon 1.21
2025-03-21 16:13:13 - INFO - Repeat 7/10 for epsilon 1.21
2025-03-21 16:13:18 - INFO - Repeat 8/10 for epsilon 1.21
2025-03-21 16:13:22 - INFO - Repeat 9/10 for epsilon 1.21
2025-03-21 16:13:27 - INFO - Repeat 10/10 for epsilon 1.21
2025-03-21 16:13:31 - INFO - All repeats for epsilon 1.21 done. Saving now ...
2025-03-21 16:13:40 - INFO - Starting with epsilon 1.31 ...
2025-03-21 16:13:41 - INFO - Repeat 1/10 for epsilon 1.31
2025-03-21 16:13:46 - INFO - Repeat 2/10 for epsilon 1.31
2025-03-21 16:13:50 - INFO - Repeat 3/10 for epsilon 1.31
2025-03-21 16:13:55 - INFO - Repeat 4/10 for epsilon 1.31
2025-03-21 16:13:59 - INFO - Repeat 5/10 for epsilon 1.31
2025-03-21 16:14:04 - INFO - Repeat 6/10 for epsilon 1.31
2025-03-21 16:14:09 - INFO - Repeat 7/10 for epsilon 1.31
2025-03-21 16:14:13 - INFO - Repeat 8/10 for epsilon 1.31
2025-03-21 16:14:18 - INFO - Repeat 9/10 for epsilon 1.31
2025-03-21 16:14:22 - INFO - Repeat 10/10 for epsilon 1.31
2025-03-21 16:14:27 - INFO - All repeats for epsilon 1.31 done. Saving now ...
2025-03-21 16:14:35 - INFO - Starting with epsilon 1.41 ...
2025-03-21 16:14:36 - INFO - Repeat 1/10 for epsilon 1.41
2025-03-21 16:14:40 - INFO - Repeat 2/10 for epsilon 1.41
2025-03-21 16:14:45 - INFO - Repeat 3/10 for epsilon 1.41
2025-03-21 16:14:50 - INFO - Repeat 4/10 for epsilon 1.41
2025-03-21 16:14:54 - INFO - Repeat 5/10 for epsilon 1.41
2025-03-21 16:14:59 - INFO - Repeat 6/10 for epsilon 1.41
2025-03-21 16:15:03 - INFO - Repeat 7/10 for epsilon 1.41
2025-03-21 16:15:08 - INFO - Repeat 8/10 for epsilon 1.41
2025-03-21 16:15:12 - INFO - Repeat 9/10 for epsilon 1.41
2025-03-21 16:15:17 - INFO - Repeat 10/10 for epsilon 1.41
2025-03-21 16:15:21 - INFO - All repeats for epsilon 1.41 done. Saving now ...
2025-03-21 16:15:21 - INFO - Skipping existing 1.51 ...
2025-03-21 16:15:21 - INFO - Skipping existing 1.91 ...
2025-03-21 16:15:21 - INFO - Skipping existing 2.01 ...
2025-03-21 16:15:21 - INFO - Skipping existing 2.51 ...
2025-03-21 16:15:21 - INFO - Skipping existing 2.91 ...
2025-03-21 16:15:21 - INFO - Skipping existing 3.01 ...
2025-03-21 16:15:21 - INFO - Skipping existing 3.51 ...
2025-03-21 16:15:21 - INFO - Skipping existing 3.91 ...
2025-03-21 16:15:21 - INFO - Skipping existing 4.01 ...
2025-03-21 16:15:21 - INFO - Skipping existing 4.51 ...
2025-03-21 16:15:21 - INFO - Skipping existing 4.91 ...
2025-03-21 16:15:21 - INFO - Skipping existing 5.01 ...
2025-03-21 16:15:21 - INFO - Skipping existing 5.51 ...
2025-03-21 16:15:21 - INFO - Skipping existing 5.91 ...
2025-03-21 16:15:21 - INFO - Skipping existing 6.01 ...
2025-03-21 16:15:21 - INFO - Skipping existing 6.51 ...
2025-03-21 16:15:21 - INFO - Skipping existing 6.91 ...
2025-03-21 16:15:21 - INFO - Skipping existing 7.01 ...
2025-03-21 16:15:21 - INFO - Skipping existing 7.51 ...
2025-03-21 16:15:21 - INFO - Skipping existing 7.91 ...
2025-03-21 16:15:21 - INFO - Skipping existing 8.01 ...
2025-03-21 16:15:21 - INFO - Skipping existing 8.51 ...
2025-03-21 16:15:21 - INFO - Skipping existing 8.91 ...
2025-03-21 16:15:21 - INFO - Skipping existing 9.01 ...
2025-03-21 16:15:21 - INFO - Skipping existing 9.51 ...
2025-03-21 16:15:21 - INFO - Skipping existing 9.91 ...
2025-03-21 16:15:21 - INFO - Skipping existing 10 ...
2025-03-21 16:15:21 - INFO - Setup gaussian_a for ensemble model ...
2025-03-21 16:15:21 - INFO - Skipping existing 1e-05 ...
2025-03-21 16:15:21 - INFO - Skipping existing 0.0001 ...
2025-03-21 16:15:21 - INFO - Skipping existing 0.001 ...
2025-03-21 16:15:21 - INFO - Skipping existing 0.021 ...
2025-03-21 16:15:21 - INFO - Skipping existing 0.031 ...
2025-03-21 16:15:21 - INFO - Skipping existing 0.041 ...
2025-03-21 16:15:21 - INFO - Skipping existing 0.051 ...
2025-03-21 16:15:21 - INFO - Skipping existing 0.061 ...
2025-03-21 16:15:21 - INFO - Skipping existing 0.071 ...
2025-03-21 16:15:21 - INFO - Skipping existing 0.081 ...
2025-03-21 16:15:21 - INFO - Skipping existing 0.091 ...
2025-03-21 16:15:21 - INFO - Skipping existing 0.01 ...
2025-03-21 16:16:11 - INFO - Starting with epsilon 0.11 ...
2025-03-21 16:16:13 - INFO - Repeat 1/10 for epsilon 0.11
2025-03-21 16:16:18 - INFO - Repeat 2/10 for epsilon 0.11
2025-03-21 16:16:22 - INFO - Repeat 3/10 for epsilon 0.11
2025-03-21 16:16:27 - INFO - Repeat 4/10 for epsilon 0.11
2025-03-21 16:16:31 - INFO - Repeat 5/10 for epsilon 0.11
2025-03-21 16:16:36 - INFO - Repeat 6/10 for epsilon 0.11
2025-03-21 16:16:40 - INFO - Repeat 7/10 for epsilon 0.11
2025-03-21 16:16:45 - INFO - Repeat 8/10 for epsilon 0.11
2025-03-21 16:16:49 - INFO - Repeat 9/10 for epsilon 0.11
2025-03-21 16:16:54 - INFO - Repeat 10/10 for epsilon 0.11
2025-03-21 16:16:59 - INFO - All repeats for epsilon 0.11 done. Saving now ...
2025-03-21 16:17:53 - INFO - Starting with epsilon 0.21 ...
2025-03-21 16:17:55 - INFO - Repeat 1/10 for epsilon 0.21
2025-03-21 16:18:00 - INFO - Repeat 2/10 for epsilon 0.21
2025-03-21 16:18:04 - INFO - Repeat 3/10 for epsilon 0.21
2025-03-21 16:18:09 - INFO - Repeat 4/10 for epsilon 0.21
2025-03-21 16:18:13 - INFO - Repeat 5/10 for epsilon 0.21
2025-03-21 16:18:18 - INFO - Repeat 6/10 for epsilon 0.21
2025-03-21 16:18:22 - INFO - Repeat 7/10 for epsilon 0.21
2025-03-21 16:18:27 - INFO - Repeat 8/10 for epsilon 0.21
2025-03-21 16:18:31 - INFO - Repeat 9/10 for epsilon 0.21
2025-03-21 16:18:36 - INFO - Repeat 10/10 for epsilon 0.21
2025-03-21 16:18:41 - INFO - All repeats for epsilon 0.21 done. Saving now ...
2025-03-21 16:18:50 - INFO - Starting with epsilon 0.31 ...
2025-03-21 16:18:51 - INFO - Repeat 1/10 for epsilon 0.31
2025-03-21 16:18:56 - INFO - Repeat 2/10 for epsilon 0.31
2025-03-21 16:19:00 - INFO - Repeat 3/10 for epsilon 0.31
2025-03-21 16:19:05 - INFO - Repeat 4/10 for epsilon 0.31
2025-03-21 16:19:10 - INFO - Repeat 5/10 for epsilon 0.31
2025-03-21 16:19:14 - INFO - Repeat 6/10 for epsilon 0.31
2025-03-21 16:19:19 - INFO - Repeat 7/10 for epsilon 0.31
2025-03-21 16:19:23 - INFO - Repeat 8/10 for epsilon 0.31
2025-03-21 16:19:28 - INFO - Repeat 9/10 for epsilon 0.31
2025-03-21 16:19:32 - INFO - Repeat 10/10 for epsilon 0.31
2025-03-21 16:19:37 - INFO - All repeats for epsilon 0.31 done. Saving now ...
2025-03-21 16:19:46 - INFO - Starting with epsilon 0.41 ...
2025-03-21 16:19:48 - INFO - Repeat 1/10 for epsilon 0.41
2025-03-21 16:19:52 - INFO - Repeat 2/10 for epsilon 0.41
2025-03-21 16:19:57 - INFO - Repeat 3/10 for epsilon 0.41
2025-03-21 16:20:01 - INFO - Repeat 4/10 for epsilon 0.41
2025-03-21 16:20:06 - INFO - Repeat 5/10 for epsilon 0.41
2025-03-21 16:20:10 - INFO - Repeat 6/10 for epsilon 0.41
2025-03-21 16:20:15 - INFO - Repeat 7/10 for epsilon 0.41
2025-03-21 16:20:19 - INFO - Repeat 8/10 for epsilon 0.41
2025-03-21 16:20:24 - INFO - Repeat 9/10 for epsilon 0.41
2025-03-21 16:20:28 - INFO - Repeat 10/10 for epsilon 0.41
2025-03-21 16:20:33 - INFO - All repeats for epsilon 0.41 done. Saving now ...
2025-03-21 16:20:33 - INFO - Skipping existing 0.51 ...
2025-03-21 16:20:43 - INFO - Starting with epsilon 0.61 ...
2025-03-21 16:20:45 - INFO - Repeat 1/10 for epsilon 0.61
2025-03-21 16:20:49 - INFO - Repeat 2/10 for epsilon 0.61
2025-03-21 16:20:54 - INFO - Repeat 3/10 for epsilon 0.61
2025-03-21 16:20:58 - INFO - Repeat 4/10 for epsilon 0.61
2025-03-21 16:21:03 - INFO - Repeat 5/10 for epsilon 0.61
2025-03-21 16:21:07 - INFO - Repeat 6/10 for epsilon 0.61
2025-03-21 16:21:12 - INFO - Repeat 7/10 for epsilon 0.61
2025-03-21 16:21:16 - INFO - Repeat 8/10 for epsilon 0.61
2025-03-21 16:21:21 - INFO - Repeat 9/10 for epsilon 0.61
2025-03-21 16:21:25 - INFO - Repeat 10/10 for epsilon 0.61
2025-03-21 16:21:28 - INFO - All repeats for epsilon 0.61 done. Saving now ...
2025-03-21 16:21:38 - INFO - Starting with epsilon 0.71 ...
2025-03-21 16:21:40 - INFO - Repeat 1/10 for epsilon 0.71
2025-03-21 16:21:44 - INFO - Repeat 2/10 for epsilon 0.71
2025-03-21 16:21:49 - INFO - Repeat 3/10 for epsilon 0.71
2025-03-21 16:21:53 - INFO - Repeat 4/10 for epsilon 0.71
2025-03-21 16:21:58 - INFO - Repeat 5/10 for epsilon 0.71
2025-03-21 16:22:02 - INFO - Repeat 6/10 for epsilon 0.71
2025-03-21 16:22:07 - INFO - Repeat 7/10 for epsilon 0.71
2025-03-21 16:22:10 - INFO - Repeat 8/10 for epsilon 0.71
2025-03-21 16:22:14 - INFO - Repeat 9/10 for epsilon 0.71
2025-03-21 16:22:19 - INFO - Repeat 10/10 for epsilon 0.71
2025-03-21 16:22:23 - INFO - All repeats for epsilon 0.71 done. Saving now ...
2025-03-21 16:22:34 - INFO - Starting with epsilon 0.81 ...
2025-03-21 16:22:35 - INFO - Repeat 1/10 for epsilon 0.81
2025-03-21 16:22:39 - INFO - Repeat 2/10 for epsilon 0.81
2025-03-21 16:22:44 - INFO - Repeat 3/10 for epsilon 0.81
2025-03-21 16:22:48 - INFO - Repeat 4/10 for epsilon 0.81
2025-03-21 16:22:53 - INFO - Repeat 5/10 for epsilon 0.81
2025-03-21 16:22:57 - INFO - Repeat 6/10 for epsilon 0.81
2025-03-21 16:23:00 - INFO - Repeat 7/10 for epsilon 0.81
2025-03-21 16:23:03 - INFO - Repeat 8/10 for epsilon 0.81
2025-03-21 16:23:07 - INFO - Repeat 9/10 for epsilon 0.81
2025-03-21 16:23:12 - INFO - Repeat 10/10 for epsilon 0.81
2025-03-21 16:23:16 - INFO - All repeats for epsilon 0.81 done. Saving now ...
2025-03-21 16:23:16 - INFO - Skipping existing 0.91 ...
2025-03-21 16:23:16 - INFO - Skipping existing 1.01 ...
2025-03-21 16:23:26 - INFO - Starting with epsilon 1.11 ...
2025-03-21 16:23:28 - INFO - Repeat 1/10 for epsilon 1.11
2025-03-21 16:23:32 - INFO - Repeat 2/10 for epsilon 1.11
2025-03-21 16:23:36 - INFO - Repeat 3/10 for epsilon 1.11
2025-03-21 16:23:41 - INFO - Repeat 4/10 for epsilon 1.11
2025-03-21 16:23:46 - INFO - Repeat 5/10 for epsilon 1.11
2025-03-21 16:23:50 - INFO - Repeat 6/10 for epsilon 1.11
2025-03-21 16:23:55 - INFO - Repeat 7/10 for epsilon 1.11
2025-03-21 16:23:59 - INFO - Repeat 8/10 for epsilon 1.11
2025-03-21 16:24:04 - INFO - Repeat 9/10 for epsilon 1.11
2025-03-21 16:24:08 - INFO - Repeat 10/10 for epsilon 1.11
2025-03-21 16:24:13 - INFO - All repeats for epsilon 1.11 done. Saving now ...
2025-03-21 16:24:22 - INFO - Starting with epsilon 1.21 ...
2025-03-21 16:24:24 - INFO - Repeat 1/10 for epsilon 1.21
2025-03-21 16:24:28 - INFO - Repeat 2/10 for epsilon 1.21
2025-03-21 16:24:32 - INFO - Repeat 3/10 for epsilon 1.21
2025-03-21 16:24:35 - INFO - Repeat 4/10 for epsilon 1.21
2025-03-21 16:24:40 - INFO - Repeat 5/10 for epsilon 1.21
2025-03-21 16:24:44 - INFO - Repeat 6/10 for epsilon 1.21
2025-03-21 16:24:49 - INFO - Repeat 7/10 for epsilon 1.21
2025-03-21 16:24:53 - INFO - Repeat 8/10 for epsilon 1.21
2025-03-21 16:24:58 - INFO - Repeat 9/10 for epsilon 1.21
2025-03-21 16:25:02 - INFO - Repeat 10/10 for epsilon 1.21
2025-03-21 16:25:07 - INFO - All repeats for epsilon 1.21 done. Saving now ...
2025-03-21 16:25:16 - INFO - Starting with epsilon 1.31 ...
2025-03-21 16:25:17 - INFO - Repeat 1/10 for epsilon 1.31
2025-03-21 16:25:21 - INFO - Repeat 2/10 for epsilon 1.31
2025-03-21 16:25:26 - INFO - Repeat 3/10 for epsilon 1.31
2025-03-21 16:25:31 - INFO - Repeat 4/10 for epsilon 1.31
2025-03-21 16:25:35 - INFO - Repeat 5/10 for epsilon 1.31
2025-03-21 16:25:40 - INFO - Repeat 6/10 for epsilon 1.31
2025-03-21 16:25:44 - INFO - Repeat 7/10 for epsilon 1.31
2025-03-21 16:25:49 - INFO - Repeat 8/10 for epsilon 1.31
2025-03-21 16:25:53 - INFO - Repeat 9/10 for epsilon 1.31
2025-03-21 16:25:58 - INFO - Repeat 10/10 for epsilon 1.31
2025-03-21 16:26:02 - INFO - All repeats for epsilon 1.31 done. Saving now ...
2025-03-21 16:26:11 - INFO - Starting with epsilon 1.41 ...
2025-03-21 16:26:12 - INFO - Repeat 1/10 for epsilon 1.41
2025-03-21 16:26:17 - INFO - Repeat 2/10 for epsilon 1.41
2025-03-21 16:26:21 - INFO - Repeat 3/10 for epsilon 1.41
2025-03-21 16:26:26 - INFO - Repeat 4/10 for epsilon 1.41
2025-03-21 16:26:30 - INFO - Repeat 5/10 for epsilon 1.41
2025-03-21 16:26:35 - INFO - Repeat 6/10 for epsilon 1.41
2025-03-21 16:26:39 - INFO - Repeat 7/10 for epsilon 1.41
2025-03-21 16:26:44 - INFO - Repeat 8/10 for epsilon 1.41
2025-03-21 16:26:48 - INFO - Repeat 9/10 for epsilon 1.41
2025-03-21 16:26:53 - INFO - Repeat 10/10 for epsilon 1.41
2025-03-21 16:26:57 - INFO - All repeats for epsilon 1.41 done. Saving now ...
2025-03-21 16:26:57 - INFO - Skipping existing 1.51 ...
2025-03-21 16:26:57 - INFO - Skipping existing 1.91 ...
2025-03-21 16:26:57 - INFO - Skipping existing 2.01 ...
2025-03-21 16:26:57 - INFO - Skipping existing 2.51 ...
2025-03-21 16:26:57 - INFO - Skipping existing 2.91 ...
2025-03-21 16:26:57 - INFO - Skipping existing 3.01 ...
2025-03-21 16:26:57 - INFO - Skipping existing 3.51 ...
2025-03-21 16:26:57 - INFO - Skipping existing 3.91 ...
2025-03-21 16:26:57 - INFO - Skipping existing 4.01 ...
2025-03-21 16:26:57 - INFO - Skipping existing 4.51 ...
2025-03-21 16:26:57 - INFO - Skipping existing 4.91 ...
2025-03-21 16:26:57 - INFO - Skipping existing 5.01 ...
2025-03-21 16:26:57 - INFO - Skipping existing 5.51 ...
2025-03-21 16:26:57 - INFO - Skipping existing 5.91 ...
2025-03-21 16:26:57 - INFO - Skipping existing 6.01 ...
2025-03-21 16:26:57 - INFO - Skipping existing 6.51 ...
2025-03-21 16:26:57 - INFO - Skipping existing 6.91 ...
2025-03-21 16:26:57 - INFO - Skipping existing 7.01 ...
2025-03-21 16:26:57 - INFO - Skipping existing 7.51 ...
2025-03-21 16:26:57 - INFO - Skipping existing 7.91 ...
2025-03-21 16:26:57 - INFO - Skipping existing 8.01 ...
2025-03-21 16:26:57 - INFO - Skipping existing 8.51 ...
2025-03-21 16:26:57 - INFO - Skipping existing 8.91 ...
2025-03-21 16:26:57 - INFO - Skipping existing 9.01 ...
2025-03-21 16:26:57 - INFO - Skipping existing 9.51 ...
2025-03-21 16:26:57 - INFO - Skipping existing 9.91 ...
2025-03-21 16:26:57 - INFO - Skipping existing 10 ...
2025-03-21 16:26:57 - INFO - Setup laplace for ensemble validation ...
2025-03-21 16:26:57 - INFO - Skipping existing 1e-05 ...
2025-03-21 16:26:57 - INFO - Skipping existing 0.0001 ...
2025-03-21 16:26:57 - INFO - Skipping existing 0.001 ...
2025-03-21 16:26:57 - INFO - Skipping existing 0.021 ...
2025-03-21 16:26:57 - INFO - Skipping existing 0.031 ...
2025-03-21 16:26:57 - INFO - Skipping existing 0.041 ...
2025-03-21 16:26:57 - INFO - Skipping existing 0.051 ...
2025-03-21 16:26:57 - INFO - Skipping existing 0.061 ...
2025-03-21 16:26:57 - INFO - Skipping existing 0.071 ...
2025-03-21 16:26:57 - INFO - Skipping existing 0.081 ...
2025-03-21 16:26:57 - INFO - Skipping existing 0.091 ...
2025-03-21 16:26:57 - INFO - Skipping existing 0.01 ...
2025-03-21 16:28:56 - INFO - Starting with epsilon 0.11 ...
2025-03-21 16:28:57 - INFO - Repeat 1/10 for epsilon 0.11
2025-03-21 16:29:02 - INFO - Repeat 2/10 for epsilon 0.11
2025-03-21 16:29:07 - INFO - Repeat 3/10 for epsilon 0.11
2025-03-21 16:29:12 - INFO - Repeat 4/10 for epsilon 0.11
2025-03-21 16:29:17 - INFO - Repeat 5/10 for epsilon 0.11
2025-03-21 16:29:22 - INFO - Repeat 6/10 for epsilon 0.11
2025-03-21 16:29:28 - INFO - Repeat 7/10 for epsilon 0.11
2025-03-21 16:29:33 - INFO - Repeat 8/10 for epsilon 0.11
2025-03-21 16:29:38 - INFO - Repeat 9/10 for epsilon 0.11
2025-03-21 16:29:43 - INFO - Repeat 10/10 for epsilon 0.11
2025-03-21 16:29:48 - INFO - All repeats for epsilon 0.11 done. Saving now ...
2025-03-21 16:30:31 - INFO - Starting with epsilon 0.21 ...
2025-03-21 16:30:33 - INFO - Repeat 1/10 for epsilon 0.21
2025-03-21 16:30:38 - INFO - Repeat 2/10 for epsilon 0.21
2025-03-21 16:30:43 - INFO - Repeat 3/10 for epsilon 0.21
2025-03-21 16:30:48 - INFO - Repeat 4/10 for epsilon 0.21
2025-03-21 16:30:54 - INFO - Repeat 5/10 for epsilon 0.21
2025-03-21 16:30:59 - INFO - Repeat 6/10 for epsilon 0.21
2025-03-21 16:31:04 - INFO - Repeat 7/10 for epsilon 0.21
2025-03-21 16:31:09 - INFO - Repeat 8/10 for epsilon 0.21
2025-03-21 16:31:14 - INFO - Repeat 9/10 for epsilon 0.21
2025-03-21 16:31:20 - INFO - Repeat 10/10 for epsilon 0.21
2025-03-21 16:31:25 - INFO - All repeats for epsilon 0.21 done. Saving now ...
2025-03-21 16:31:43 - INFO - Starting with epsilon 0.31 ...
2025-03-21 16:31:44 - INFO - Repeat 1/10 for epsilon 0.31
2025-03-21 16:31:50 - INFO - Repeat 2/10 for epsilon 0.31
2025-03-21 16:31:55 - INFO - Repeat 3/10 for epsilon 0.31
2025-03-21 16:32:00 - INFO - Repeat 4/10 for epsilon 0.31
2025-03-21 16:32:05 - INFO - Repeat 5/10 for epsilon 0.31
2025-03-21 16:32:11 - INFO - Repeat 6/10 for epsilon 0.31
2025-03-21 16:32:16 - INFO - Repeat 7/10 for epsilon 0.31
2025-03-21 16:32:21 - INFO - Repeat 8/10 for epsilon 0.31
2025-03-21 16:32:26 - INFO - Repeat 9/10 for epsilon 0.31
2025-03-21 16:32:31 - INFO - Repeat 10/10 for epsilon 0.31
2025-03-21 16:32:36 - INFO - All repeats for epsilon 0.31 done. Saving now ...
2025-03-21 16:32:49 - INFO - Starting with epsilon 0.41 ...
2025-03-21 16:32:51 - INFO - Repeat 1/10 for epsilon 0.41
2025-03-21 16:32:56 - INFO - Repeat 2/10 for epsilon 0.41
2025-03-21 16:33:01 - INFO - Repeat 3/10 for epsilon 0.41
2025-03-21 16:33:06 - INFO - Repeat 4/10 for epsilon 0.41
2025-03-21 16:33:11 - INFO - Repeat 5/10 for epsilon 0.41
2025-03-21 16:33:17 - INFO - Repeat 6/10 for epsilon 0.41
2025-03-21 16:33:22 - INFO - Repeat 7/10 for epsilon 0.41
2025-03-21 16:33:27 - INFO - Repeat 8/10 for epsilon 0.41
2025-03-21 16:33:32 - INFO - Repeat 9/10 for epsilon 0.41
2025-03-21 16:33:37 - INFO - Repeat 10/10 for epsilon 0.41
2025-03-21 16:33:42 - INFO - All repeats for epsilon 0.41 done. Saving now ...
2025-03-21 16:33:42 - INFO - Skipping existing 0.51 ...
2025-03-21 16:33:54 - INFO - Starting with epsilon 0.61 ...
2025-03-21 16:33:56 - INFO - Repeat 1/10 for epsilon 0.61
2025-03-21 16:34:01 - INFO - Repeat 2/10 for epsilon 0.61
2025-03-21 16:34:06 - INFO - Repeat 3/10 for epsilon 0.61
2025-03-21 16:34:11 - INFO - Repeat 4/10 for epsilon 0.61
2025-03-21 16:34:17 - INFO - Repeat 5/10 for epsilon 0.61
2025-03-21 16:34:22 - INFO - Repeat 6/10 for epsilon 0.61
2025-03-21 16:34:27 - INFO - Repeat 7/10 for epsilon 0.61
2025-03-21 16:34:32 - INFO - Repeat 8/10 for epsilon 0.61
2025-03-21 16:34:37 - INFO - Repeat 9/10 for epsilon 0.61
2025-03-21 16:34:43 - INFO - Repeat 10/10 for epsilon 0.61
2025-03-21 16:34:48 - INFO - All repeats for epsilon 0.61 done. Saving now ...
2025-03-21 16:34:58 - INFO - Starting with epsilon 0.71 ...
2025-03-21 16:35:00 - INFO - Repeat 1/10 for epsilon 0.71
2025-03-21 16:35:06 - INFO - Repeat 2/10 for epsilon 0.71
2025-03-21 16:35:11 - INFO - Repeat 3/10 for epsilon 0.71
2025-03-21 16:35:16 - INFO - Repeat 4/10 for epsilon 0.71
2025-03-21 16:35:21 - INFO - Repeat 5/10 for epsilon 0.71
2025-03-21 16:35:26 - INFO - Repeat 6/10 for epsilon 0.71
2025-03-21 16:35:32 - INFO - Repeat 7/10 for epsilon 0.71
2025-03-21 16:35:37 - INFO - Repeat 8/10 for epsilon 0.71
2025-03-21 16:35:42 - INFO - Repeat 9/10 for epsilon 0.71
2025-03-21 16:35:47 - INFO - Repeat 10/10 for epsilon 0.71
2025-03-21 16:35:52 - INFO - All repeats for epsilon 0.71 done. Saving now ...
2025-03-21 16:36:03 - INFO - Starting with epsilon 0.81 ...
2025-03-21 16:36:04 - INFO - Repeat 1/10 for epsilon 0.81
2025-03-21 16:36:09 - INFO - Repeat 2/10 for epsilon 0.81
2025-03-21 16:36:14 - INFO - Repeat 3/10 for epsilon 0.81
2025-03-21 16:36:20 - INFO - Repeat 4/10 for epsilon 0.81
2025-03-21 16:36:25 - INFO - Repeat 5/10 for epsilon 0.81
2025-03-21 16:36:30 - INFO - Repeat 6/10 for epsilon 0.81
2025-03-21 16:36:35 - INFO - Repeat 7/10 for epsilon 0.81
2025-03-21 16:36:40 - INFO - Repeat 8/10 for epsilon 0.81
2025-03-21 16:36:46 - INFO - Repeat 9/10 for epsilon 0.81
2025-03-21 16:36:51 - INFO - Repeat 10/10 for epsilon 0.81
2025-03-21 16:36:56 - INFO - All repeats for epsilon 0.81 done. Saving now ...
2025-03-21 16:36:56 - INFO - Skipping existing 0.91 ...
2025-03-21 16:36:56 - INFO - Skipping existing 1.01 ...
2025-03-21 16:37:06 - INFO - Starting with epsilon 1.11 ...
2025-03-21 16:37:07 - INFO - Repeat 1/10 for epsilon 1.11
2025-03-21 16:37:12 - INFO - Repeat 2/10 for epsilon 1.11
2025-03-21 16:37:18 - INFO - Repeat 3/10 for epsilon 1.11
2025-03-21 16:37:23 - INFO - Repeat 4/10 for epsilon 1.11
2025-03-21 16:37:28 - INFO - Repeat 5/10 for epsilon 1.11
2025-03-21 16:37:33 - INFO - Repeat 6/10 for epsilon 1.11
2025-03-21 16:37:38 - INFO - Repeat 7/10 for epsilon 1.11
2025-03-21 16:37:44 - INFO - Repeat 8/10 for epsilon 1.11
2025-03-21 16:37:49 - INFO - Repeat 9/10 for epsilon 1.11
2025-03-21 16:37:54 - INFO - Repeat 10/10 for epsilon 1.11
2025-03-21 16:37:59 - INFO - All repeats for epsilon 1.11 done. Saving now ...
2025-03-21 16:38:09 - INFO - Starting with epsilon 1.21 ...
2025-03-21 16:38:11 - INFO - Repeat 1/10 for epsilon 1.21
2025-03-21 16:38:16 - INFO - Repeat 2/10 for epsilon 1.21
2025-03-21 16:38:21 - INFO - Repeat 3/10 for epsilon 1.21
2025-03-21 16:38:26 - INFO - Repeat 4/10 for epsilon 1.21
2025-03-21 16:38:31 - INFO - Repeat 5/10 for epsilon 1.21
2025-03-21 16:38:36 - INFO - Repeat 6/10 for epsilon 1.21
2025-03-21 16:38:42 - INFO - Repeat 7/10 for epsilon 1.21
2025-03-21 16:38:47 - INFO - Repeat 8/10 for epsilon 1.21
2025-03-21 16:38:52 - INFO - Repeat 9/10 for epsilon 1.21
2025-03-21 16:38:57 - INFO - Repeat 10/10 for epsilon 1.21
2025-03-21 16:39:02 - INFO - All repeats for epsilon 1.21 done. Saving now ...
2025-03-21 16:39:11 - INFO - Starting with epsilon 1.31 ...
2025-03-21 16:39:13 - INFO - Repeat 1/10 for epsilon 1.31
2025-03-21 16:39:18 - INFO - Repeat 2/10 for epsilon 1.31
2025-03-21 16:39:23 - INFO - Repeat 3/10 for epsilon 1.31
2025-03-21 16:39:28 - INFO - Repeat 4/10 for epsilon 1.31
2025-03-21 16:39:33 - INFO - Repeat 5/10 for epsilon 1.31
2025-03-21 16:39:39 - INFO - Repeat 6/10 for epsilon 1.31
2025-03-21 16:39:44 - INFO - Repeat 7/10 for epsilon 1.31
2025-03-21 16:39:49 - INFO - Repeat 8/10 for epsilon 1.31
2025-03-21 16:39:54 - INFO - Repeat 9/10 for epsilon 1.31
2025-03-21 16:39:59 - INFO - Repeat 10/10 for epsilon 1.31
2025-03-21 16:40:04 - INFO - All repeats for epsilon 1.31 done. Saving now ...
2025-03-21 16:40:13 - INFO - Starting with epsilon 1.41 ...
2025-03-21 16:40:14 - INFO - Repeat 1/10 for epsilon 1.41
2025-03-21 16:40:20 - INFO - Repeat 2/10 for epsilon 1.41
2025-03-21 16:40:25 - INFO - Repeat 3/10 for epsilon 1.41
2025-03-21 16:40:30 - INFO - Repeat 4/10 for epsilon 1.41
2025-03-21 16:40:35 - INFO - Repeat 5/10 for epsilon 1.41
2025-03-21 16:40:40 - INFO - Repeat 6/10 for epsilon 1.41
2025-03-21 16:40:46 - INFO - Repeat 7/10 for epsilon 1.41
2025-03-21 16:40:51 - INFO - Repeat 8/10 for epsilon 1.41
2025-03-21 16:40:56 - INFO - Repeat 9/10 for epsilon 1.41
2025-03-21 16:41:01 - INFO - Repeat 10/10 for epsilon 1.41
2025-03-21 16:41:07 - INFO - All repeats for epsilon 1.41 done. Saving now ...
2025-03-21 16:41:07 - INFO - Skipping existing 1.51 ...
2025-03-21 16:41:07 - INFO - Skipping existing 1.91 ...
2025-03-21 16:41:07 - INFO - Skipping existing 2.01 ...
2025-03-21 16:41:07 - INFO - Skipping existing 2.51 ...
2025-03-21 16:41:07 - INFO - Skipping existing 2.91 ...
2025-03-21 16:41:07 - INFO - Skipping existing 3.01 ...
2025-03-21 16:41:07 - INFO - Skipping existing 3.51 ...
2025-03-21 16:41:07 - INFO - Skipping existing 3.91 ...
2025-03-21 16:41:07 - INFO - Skipping existing 4.01 ...
2025-03-21 16:41:07 - INFO - Skipping existing 4.51 ...
2025-03-21 16:41:07 - INFO - Skipping existing 4.91 ...
2025-03-21 16:41:07 - INFO - Skipping existing 5.01 ...
2025-03-21 16:41:07 - INFO - Skipping existing 5.51 ...
2025-03-21 16:41:07 - INFO - Skipping existing 5.91 ...
2025-03-21 16:41:07 - INFO - Skipping existing 6.01 ...
2025-03-21 16:41:07 - INFO - Skipping existing 6.51 ...
2025-03-21 16:41:07 - INFO - Skipping existing 6.91 ...
2025-03-21 16:41:07 - INFO - Skipping existing 7.01 ...
2025-03-21 16:41:07 - INFO - Skipping existing 7.51 ...
2025-03-21 16:41:07 - INFO - Skipping existing 7.91 ...
2025-03-21 16:41:07 - INFO - Skipping existing 8.01 ...
2025-03-21 16:41:07 - INFO - Skipping existing 8.51 ...
2025-03-21 16:41:07 - INFO - Skipping existing 8.91 ...
2025-03-21 16:41:07 - INFO - Skipping existing 9.01 ...
2025-03-21 16:41:07 - INFO - Skipping existing 9.51 ...
2025-03-21 16:41:07 - INFO - Skipping existing 9.91 ...
2025-03-21 16:41:07 - INFO - Skipping existing 10 ...
2025-03-21 16:41:07 - INFO - Setup bounded_n for ensemble validation ...
2025-03-21 16:41:07 - INFO - Skipping existing 0.021 ...
2025-03-21 16:41:07 - INFO - Skipping existing 0.031 ...
2025-03-21 16:41:07 - INFO - Skipping existing 0.041 ...
2025-03-21 16:41:07 - INFO - Skipping existing 0.051 ...
2025-03-21 16:41:07 - INFO - Skipping existing 0.061 ...
2025-03-21 16:41:07 - INFO - Skipping existing 0.071 ...
2025-03-21 16:41:07 - INFO - Skipping existing 0.081 ...
2025-03-21 16:41:07 - INFO - Skipping existing 0.091 ...
2025-03-21 16:41:07 - INFO - Skipping existing 0.01 ...
2025-03-21 16:41:46 - INFO - Starting with epsilon 0.11 ...
2025-03-21 16:41:47 - INFO - Repeat 1/10 for epsilon 0.11
2025-03-21 16:41:52 - INFO - Repeat 2/10 for epsilon 0.11
2025-03-21 16:41:58 - INFO - Repeat 3/10 for epsilon 0.11
2025-03-21 16:42:03 - INFO - Repeat 4/10 for epsilon 0.11
2025-03-21 16:42:08 - INFO - Repeat 5/10 for epsilon 0.11
2025-03-21 16:42:13 - INFO - Repeat 6/10 for epsilon 0.11
2025-03-21 16:42:18 - INFO - Repeat 7/10 for epsilon 0.11
2025-03-21 16:42:24 - INFO - Repeat 8/10 for epsilon 0.11
2025-03-21 16:42:29 - INFO - Repeat 9/10 for epsilon 0.11
2025-03-21 16:42:34 - INFO - Repeat 10/10 for epsilon 0.11
2025-03-21 16:42:39 - INFO - All repeats for epsilon 0.11 done. Saving now ...
2025-03-21 16:42:53 - INFO - Starting with epsilon 0.21 ...
2025-03-21 16:42:55 - INFO - Repeat 1/10 for epsilon 0.21
2025-03-21 16:43:00 - INFO - Repeat 2/10 for epsilon 0.21
2025-03-21 16:43:05 - INFO - Repeat 3/10 for epsilon 0.21
2025-03-21 16:43:10 - INFO - Repeat 4/10 for epsilon 0.21
2025-03-21 16:43:15 - INFO - Repeat 5/10 for epsilon 0.21
2025-03-21 16:43:21 - INFO - Repeat 6/10 for epsilon 0.21
2025-03-21 16:43:26 - INFO - Repeat 7/10 for epsilon 0.21
2025-03-21 16:43:31 - INFO - Repeat 8/10 for epsilon 0.21
2025-03-21 16:43:36 - INFO - Repeat 9/10 for epsilon 0.21
2025-03-21 16:43:42 - INFO - Repeat 10/10 for epsilon 0.21
2025-03-21 16:43:47 - INFO - All repeats for epsilon 0.21 done. Saving now ...
2025-03-21 16:43:55 - INFO - Starting with epsilon 0.31 ...
2025-03-21 16:43:56 - INFO - Repeat 1/10 for epsilon 0.31
2025-03-21 16:44:02 - INFO - Repeat 2/10 for epsilon 0.31
2025-03-21 16:44:07 - INFO - Repeat 3/10 for epsilon 0.31
2025-03-21 16:44:12 - INFO - Repeat 4/10 for epsilon 0.31
2025-03-21 16:44:17 - INFO - Repeat 5/10 for epsilon 0.31
2025-03-21 16:44:22 - INFO - Repeat 6/10 for epsilon 0.31
2025-03-21 16:44:28 - INFO - Repeat 7/10 for epsilon 0.31
2025-03-21 16:44:33 - INFO - Repeat 8/10 for epsilon 0.31
2025-03-21 16:44:38 - INFO - Repeat 9/10 for epsilon 0.31
2025-03-21 16:44:43 - INFO - Repeat 10/10 for epsilon 0.31
2025-03-21 16:44:48 - INFO - All repeats for epsilon 0.31 done. Saving now ...
2025-03-21 16:44:56 - INFO - Starting with epsilon 0.41 ...
2025-03-21 16:44:58 - INFO - Repeat 1/10 for epsilon 0.41
2025-03-21 16:45:03 - INFO - Repeat 2/10 for epsilon 0.41
2025-03-21 16:45:08 - INFO - Repeat 3/10 for epsilon 0.41
2025-03-21 16:45:13 - INFO - Repeat 4/10 for epsilon 0.41
2025-03-21 16:45:18 - INFO - Repeat 5/10 for epsilon 0.41
2025-03-21 16:45:24 - INFO - Repeat 6/10 for epsilon 0.41
2025-03-21 16:45:29 - INFO - Repeat 7/10 for epsilon 0.41
2025-03-21 16:45:34 - INFO - Repeat 8/10 for epsilon 0.41
2025-03-21 16:45:39 - INFO - Repeat 9/10 for epsilon 0.41
2025-03-21 16:45:44 - INFO - Repeat 10/10 for epsilon 0.41
2025-03-21 16:45:50 - INFO - All repeats for epsilon 0.41 done. Saving now ...
2025-03-21 16:45:50 - INFO - Skipping existing 0.51 ...
2025-03-21 16:45:57 - INFO - Starting with epsilon 0.61 ...
2025-03-21 16:45:59 - INFO - Repeat 1/10 for epsilon 0.61
2025-03-21 16:46:04 - INFO - Repeat 2/10 for epsilon 0.61
2025-03-21 16:46:09 - INFO - Repeat 3/10 for epsilon 0.61
2025-03-21 16:46:14 - INFO - Repeat 4/10 for epsilon 0.61
2025-03-21 16:46:19 - INFO - Repeat 5/10 for epsilon 0.61
2025-03-21 16:46:25 - INFO - Repeat 6/10 for epsilon 0.61
2025-03-21 16:46:30 - INFO - Repeat 7/10 for epsilon 0.61
2025-03-21 16:46:35 - INFO - Repeat 8/10 for epsilon 0.61
2025-03-21 16:46:40 - INFO - Repeat 9/10 for epsilon 0.61
2025-03-21 16:46:46 - INFO - Repeat 10/10 for epsilon 0.61
2025-03-21 16:46:51 - INFO - All repeats for epsilon 0.61 done. Saving now ...
2025-03-21 16:46:59 - INFO - Starting with epsilon 0.71 ...
2025-03-21 16:47:00 - INFO - Repeat 1/10 for epsilon 0.71
2025-03-21 16:47:05 - INFO - Repeat 2/10 for epsilon 0.71
2025-03-21 16:47:10 - INFO - Repeat 3/10 for epsilon 0.71
2025-03-21 16:47:16 - INFO - Repeat 4/10 for epsilon 0.71
2025-03-21 16:47:21 - INFO - Repeat 5/10 for epsilon 0.71
2025-03-21 16:47:26 - INFO - Repeat 6/10 for epsilon 0.71
2025-03-21 16:47:31 - INFO - Repeat 7/10 for epsilon 0.71
2025-03-21 16:47:36 - INFO - Repeat 8/10 for epsilon 0.71
2025-03-21 16:47:42 - INFO - Repeat 9/10 for epsilon 0.71
2025-03-21 16:47:47 - INFO - Repeat 10/10 for epsilon 0.71
2025-03-21 16:47:52 - INFO - All repeats for epsilon 0.71 done. Saving now ...
2025-03-21 16:48:00 - INFO - Starting with epsilon 0.81 ...
2025-03-21 16:48:01 - INFO - Repeat 1/10 for epsilon 0.81
2025-03-21 16:48:07 - INFO - Repeat 2/10 for epsilon 0.81
2025-03-21 16:48:12 - INFO - Repeat 3/10 for epsilon 0.81
2025-03-21 16:48:17 - INFO - Repeat 4/10 for epsilon 0.81
2025-03-21 16:48:22 - INFO - Repeat 5/10 for epsilon 0.81
2025-03-21 16:48:27 - INFO - Repeat 6/10 for epsilon 0.81
2025-03-21 16:48:33 - INFO - Repeat 7/10 for epsilon 0.81
2025-03-21 16:48:38 - INFO - Repeat 8/10 for epsilon 0.81
2025-03-21 16:48:43 - INFO - Repeat 9/10 for epsilon 0.81
2025-03-21 16:48:48 - INFO - Repeat 10/10 for epsilon 0.81
2025-03-21 16:48:53 - INFO - All repeats for epsilon 0.81 done. Saving now ...
2025-03-21 16:48:53 - INFO - Skipping existing 0.91 ...
2025-03-21 16:48:53 - INFO - Skipping existing 1.01 ...
2025-03-21 16:49:01 - INFO - Starting with epsilon 1.11 ...
2025-03-21 16:49:03 - INFO - Repeat 1/10 for epsilon 1.11
2025-03-21 16:49:08 - INFO - Repeat 2/10 for epsilon 1.11
2025-03-21 16:49:13 - INFO - Repeat 3/10 for epsilon 1.11
2025-03-21 16:49:18 - INFO - Repeat 4/10 for epsilon 1.11
2025-03-21 16:49:23 - INFO - Repeat 5/10 for epsilon 1.11
2025-03-21 16:49:29 - INFO - Repeat 6/10 for epsilon 1.11
2025-03-21 16:49:34 - INFO - Repeat 7/10 for epsilon 1.11
2025-03-21 16:49:39 - INFO - Repeat 8/10 for epsilon 1.11
2025-03-21 16:49:44 - INFO - Repeat 9/10 for epsilon 1.11
2025-03-21 16:49:49 - INFO - Repeat 10/10 for epsilon 1.11
2025-03-21 16:49:55 - INFO - All repeats for epsilon 1.11 done. Saving now ...
2025-03-21 16:50:03 - INFO - Starting with epsilon 1.21 ...
2025-03-21 16:50:04 - INFO - Repeat 1/10 for epsilon 1.21
2025-03-21 16:50:10 - INFO - Repeat 2/10 for epsilon 1.21
2025-03-21 16:50:15 - INFO - Repeat 3/10 for epsilon 1.21
2025-03-21 16:50:20 - INFO - Repeat 4/10 for epsilon 1.21
2025-03-21 16:50:25 - INFO - Repeat 5/10 for epsilon 1.21
2025-03-21 16:50:30 - INFO - Repeat 6/10 for epsilon 1.21
2025-03-21 16:50:35 - INFO - Repeat 7/10 for epsilon 1.21
2025-03-21 16:50:41 - INFO - Repeat 8/10 for epsilon 1.21
2025-03-21 16:50:46 - INFO - Repeat 9/10 for epsilon 1.21
2025-03-21 16:50:51 - INFO - Repeat 10/10 for epsilon 1.21
2025-03-21 16:50:56 - INFO - All repeats for epsilon 1.21 done. Saving now ...
2025-03-21 16:51:05 - INFO - Starting with epsilon 1.31 ...
2025-03-21 16:51:06 - INFO - Repeat 1/10 for epsilon 1.31
2025-03-21 16:51:11 - INFO - Repeat 2/10 for epsilon 1.31
2025-03-21 16:51:17 - INFO - Repeat 3/10 for epsilon 1.31
2025-03-21 16:51:22 - INFO - Repeat 4/10 for epsilon 1.31
2025-03-21 16:51:27 - INFO - Repeat 5/10 for epsilon 1.31
2025-03-21 16:51:32 - INFO - Repeat 6/10 for epsilon 1.31
2025-03-21 16:51:37 - INFO - Repeat 7/10 for epsilon 1.31
2025-03-21 16:51:43 - INFO - Repeat 8/10 for epsilon 1.31
2025-03-21 16:51:48 - INFO - Repeat 9/10 for epsilon 1.31
2025-03-21 16:51:53 - INFO - Repeat 10/10 for epsilon 1.31
2025-03-21 16:51:58 - INFO - All repeats for epsilon 1.31 done. Saving now ...
2025-03-21 16:52:06 - INFO - Starting with epsilon 1.41 ...
2025-03-21 16:52:07 - INFO - Repeat 1/10 for epsilon 1.41
2025-03-21 16:52:13 - INFO - Repeat 2/10 for epsilon 1.41
2025-03-21 16:52:18 - INFO - Repeat 3/10 for epsilon 1.41
2025-03-21 16:52:23 - INFO - Repeat 4/10 for epsilon 1.41
2025-03-21 16:52:28 - INFO - Repeat 5/10 for epsilon 1.41
2025-03-21 16:52:34 - INFO - Repeat 6/10 for epsilon 1.41
2025-03-21 16:52:39 - INFO - Repeat 7/10 for epsilon 1.41
2025-03-21 16:52:44 - INFO - Repeat 8/10 for epsilon 1.41
2025-03-21 16:52:49 - INFO - Repeat 9/10 for epsilon 1.41
2025-03-21 16:52:54 - INFO - Repeat 10/10 for epsilon 1.41
2025-03-21 16:53:00 - INFO - All repeats for epsilon 1.41 done. Saving now ...
2025-03-21 16:53:00 - INFO - Skipping existing 1.51 ...
2025-03-21 16:53:00 - INFO - Skipping existing 1.91 ...
2025-03-21 16:53:00 - INFO - Skipping existing 2.01 ...
2025-03-21 16:53:00 - INFO - Skipping existing 2.51 ...
2025-03-21 16:53:00 - INFO - Skipping existing 2.91 ...
2025-03-21 16:53:00 - INFO - Skipping existing 3.01 ...
2025-03-21 16:53:00 - INFO - Skipping existing 3.51 ...
2025-03-21 16:53:00 - INFO - Skipping existing 3.91 ...
2025-03-21 16:53:00 - INFO - Skipping existing 4.01 ...
2025-03-21 16:53:00 - INFO - Skipping existing 4.51 ...
2025-03-21 16:53:00 - INFO - Skipping existing 4.91 ...
2025-03-21 16:53:00 - INFO - Skipping existing 5.01 ...
2025-03-21 16:53:00 - INFO - Skipping existing 5.51 ...
2025-03-21 16:53:00 - INFO - Skipping existing 5.91 ...
2025-03-21 16:53:00 - INFO - Skipping existing 6.01 ...
2025-03-21 16:53:00 - INFO - Skipping existing 6.51 ...
2025-03-21 16:53:00 - INFO - Skipping existing 6.91 ...
2025-03-21 16:53:00 - INFO - Skipping existing 7.01 ...
2025-03-21 16:53:00 - INFO - Skipping existing 7.51 ...
2025-03-21 16:53:00 - INFO - Skipping existing 7.91 ...
2025-03-21 16:53:00 - INFO - Skipping existing 8.01 ...
2025-03-21 16:53:00 - INFO - Skipping existing 8.51 ...
2025-03-21 16:53:00 - INFO - Skipping existing 8.91 ...
2025-03-21 16:53:00 - INFO - Skipping existing 9.01 ...
2025-03-21 16:53:00 - INFO - Skipping existing 9.51 ...
2025-03-21 16:53:00 - INFO - Skipping existing 9.91 ...
2025-03-21 16:53:00 - INFO - Skipping existing 10 ...
2025-03-21 16:53:00 - INFO - Setup gaussian_a for ensemble validation ...
2025-03-21 16:53:00 - INFO - Skipping existing 1e-05 ...
2025-03-21 16:53:00 - INFO - Skipping existing 0.0001 ...
2025-03-21 16:53:00 - INFO - Skipping existing 0.001 ...
2025-03-21 16:53:00 - INFO - Skipping existing 0.021 ...
2025-03-21 16:53:00 - INFO - Skipping existing 0.031 ...
2025-03-21 16:53:00 - INFO - Skipping existing 0.041 ...
2025-03-21 16:53:00 - INFO - Skipping existing 0.051 ...
2025-03-21 16:53:00 - INFO - Skipping existing 0.061 ...
2025-03-21 16:53:00 - INFO - Skipping existing 0.071 ...
2025-03-21 16:53:00 - INFO - Skipping existing 0.081 ...
2025-03-21 16:53:00 - INFO - Skipping existing 0.091 ...
2025-03-21 16:53:00 - INFO - Skipping existing 0.01 ...
2025-03-21 16:54:02 - INFO - Starting with epsilon 0.11 ...
2025-03-21 16:54:03 - INFO - Repeat 1/10 for epsilon 0.11
2025-03-21 16:54:09 - INFO - Repeat 2/10 for epsilon 0.11
2025-03-21 16:54:14 - INFO - Repeat 3/10 for epsilon 0.11
2025-03-21 16:54:19 - INFO - Repeat 4/10 for epsilon 0.11
2025-03-21 16:54:24 - INFO - Repeat 5/10 for epsilon 0.11
2025-03-21 16:54:30 - INFO - Repeat 6/10 for epsilon 0.11
2025-03-21 16:54:35 - INFO - Repeat 7/10 for epsilon 0.11
2025-03-21 16:54:40 - INFO - Repeat 8/10 for epsilon 0.11
2025-03-21 16:54:46 - INFO - Repeat 9/10 for epsilon 0.11
2025-03-21 16:54:51 - INFO - Repeat 10/10 for epsilon 0.11
2025-03-21 16:54:56 - INFO - All repeats for epsilon 0.11 done. Saving now ...
2025-03-21 16:55:28 - INFO - Starting with epsilon 0.21 ...
2025-03-21 16:55:30 - INFO - Repeat 1/10 for epsilon 0.21
2025-03-21 16:55:35 - INFO - Repeat 2/10 for epsilon 0.21
2025-03-21 16:55:40 - INFO - Repeat 3/10 for epsilon 0.21
2025-03-21 16:55:46 - INFO - Repeat 4/10 for epsilon 0.21
2025-03-21 16:55:51 - INFO - Repeat 5/10 for epsilon 0.21
2025-03-21 16:55:56 - INFO - Repeat 6/10 for epsilon 0.21
2025-03-21 16:56:01 - INFO - Repeat 7/10 for epsilon 0.21
2025-03-21 16:56:06 - INFO - Repeat 8/10 for epsilon 0.21
2025-03-21 16:56:12 - INFO - Repeat 9/10 for epsilon 0.21
2025-03-21 16:56:17 - INFO - Repeat 10/10 for epsilon 0.21
2025-03-21 16:56:23 - INFO - All repeats for epsilon 0.21 done. Saving now ...
2025-03-21 16:56:47 - INFO - Starting with epsilon 0.31 ...
2025-03-21 16:56:48 - INFO - Repeat 1/10 for epsilon 0.31
2025-03-21 16:56:53 - INFO - Repeat 2/10 for epsilon 0.31
2025-03-21 16:56:59 - INFO - Repeat 3/10 for epsilon 0.31
2025-03-21 16:57:04 - INFO - Repeat 4/10 for epsilon 0.31
2025-03-21 16:57:09 - INFO - Repeat 5/10 for epsilon 0.31
2025-03-21 16:57:15 - INFO - Repeat 6/10 for epsilon 0.31
2025-03-21 16:57:20 - INFO - Repeat 7/10 for epsilon 0.31
2025-03-21 16:57:25 - INFO - Repeat 8/10 for epsilon 0.31
2025-03-21 16:57:30 - INFO - Repeat 9/10 for epsilon 0.31
2025-03-21 16:57:35 - INFO - Repeat 10/10 for epsilon 0.31
2025-03-21 16:57:41 - INFO - All repeats for epsilon 0.31 done. Saving now ...
2025-03-21 16:57:51 - INFO - Starting with epsilon 0.41 ...
2025-03-21 16:57:52 - INFO - Repeat 1/10 for epsilon 0.41
2025-03-21 16:57:57 - INFO - Repeat 2/10 for epsilon 0.41
2025-03-21 16:58:03 - INFO - Repeat 3/10 for epsilon 0.41
2025-03-21 16:58:08 - INFO - Repeat 4/10 for epsilon 0.41
2025-03-21 16:58:13 - INFO - Repeat 5/10 for epsilon 0.41
2025-03-21 16:58:19 - INFO - Repeat 6/10 for epsilon 0.41
2025-03-21 16:58:24 - INFO - Repeat 7/10 for epsilon 0.41
2025-03-21 16:58:29 - INFO - Repeat 8/10 for epsilon 0.41
2025-03-21 16:58:34 - INFO - Repeat 9/10 for epsilon 0.41
2025-03-21 16:58:40 - INFO - Repeat 10/10 for epsilon 0.41
2025-03-21 16:58:45 - INFO - All repeats for epsilon 0.41 done. Saving now ...
2025-03-21 16:58:45 - INFO - Skipping existing 0.51 ...
2025-03-21 16:58:55 - INFO - Starting with epsilon 0.61 ...
2025-03-21 16:58:56 - INFO - Repeat 1/10 for epsilon 0.61
2025-03-21 16:59:01 - INFO - Repeat 2/10 for epsilon 0.61
2025-03-21 16:59:06 - INFO - Repeat 3/10 for epsilon 0.61
2025-03-21 16:59:12 - INFO - Repeat 4/10 for epsilon 0.61
2025-03-21 16:59:17 - INFO - Repeat 5/10 for epsilon 0.61
2025-03-21 16:59:22 - INFO - Repeat 6/10 for epsilon 0.61
2025-03-21 16:59:27 - INFO - Repeat 7/10 for epsilon 0.61
2025-03-21 16:59:33 - INFO - Repeat 8/10 for epsilon 0.61
2025-03-21 16:59:38 - INFO - Repeat 9/10 for epsilon 0.61
2025-03-21 16:59:43 - INFO - Repeat 10/10 for epsilon 0.61
2025-03-21 16:59:48 - INFO - All repeats for epsilon 0.61 done. Saving now ...
2025-03-21 16:59:58 - INFO - Starting with epsilon 0.71 ...
2025-03-21 16:59:59 - INFO - Repeat 1/10 for epsilon 0.71
2025-03-21 17:00:04 - INFO - Repeat 2/10 for epsilon 0.71
2025-03-21 17:00:10 - INFO - Repeat 3/10 for epsilon 0.71
2025-03-21 17:00:15 - INFO - Repeat 4/10 for epsilon 0.71
2025-03-21 17:00:20 - INFO - Repeat 5/10 for epsilon 0.71
2025-03-21 17:00:26 - INFO - Repeat 6/10 for epsilon 0.71
2025-03-21 17:00:31 - INFO - Repeat 7/10 for epsilon 0.71
2025-03-21 17:00:36 - INFO - Repeat 8/10 for epsilon 0.71
2025-03-21 17:00:41 - INFO - Repeat 9/10 for epsilon 0.71
2025-03-21 17:00:47 - INFO - Repeat 10/10 for epsilon 0.71
2025-03-21 17:00:52 - INFO - All repeats for epsilon 0.71 done. Saving now ...
2025-03-21 17:01:01 - INFO - Starting with epsilon 0.81 ...
2025-03-21 17:01:03 - INFO - Repeat 1/10 for epsilon 0.81
2025-03-21 17:01:08 - INFO - Repeat 2/10 for epsilon 0.81
2025-03-21 17:01:13 - INFO - Repeat 3/10 for epsilon 0.81
2025-03-21 17:01:19 - INFO - Repeat 4/10 for epsilon 0.81
2025-03-21 17:01:24 - INFO - Repeat 5/10 for epsilon 0.81
2025-03-21 17:01:29 - INFO - Repeat 6/10 for epsilon 0.81
2025-03-21 17:01:34 - INFO - Repeat 7/10 for epsilon 0.81
2025-03-21 17:01:40 - INFO - Repeat 8/10 for epsilon 0.81
2025-03-21 17:01:45 - INFO - Repeat 9/10 for epsilon 0.81
2025-03-21 17:01:50 - INFO - Repeat 10/10 for epsilon 0.81
2025-03-21 17:01:56 - INFO - All repeats for epsilon 0.81 done. Saving now ...
2025-03-21 17:01:56 - INFO - Skipping existing 0.91 ...
2025-03-21 17:01:56 - INFO - Skipping existing 1.01 ...
2025-03-21 17:02:05 - INFO - Starting with epsilon 1.11 ...
2025-03-21 17:02:07 - INFO - Repeat 1/10 for epsilon 1.11
2025-03-21 17:02:12 - INFO - Repeat 2/10 for epsilon 1.11
2025-03-21 17:02:17 - INFO - Repeat 3/10 for epsilon 1.11
2025-03-21 17:02:22 - INFO - Repeat 4/10 for epsilon 1.11
2025-03-21 17:02:28 - INFO - Repeat 5/10 for epsilon 1.11
2025-03-21 17:02:33 - INFO - Repeat 6/10 for epsilon 1.11
2025-03-21 17:02:38 - INFO - Repeat 7/10 for epsilon 1.11
2025-03-21 17:02:44 - INFO - Repeat 8/10 for epsilon 1.11
2025-03-21 17:02:49 - INFO - Repeat 9/10 for epsilon 1.11
2025-03-21 17:02:54 - INFO - Repeat 10/10 for epsilon 1.11
2025-03-21 17:03:00 - INFO - All repeats for epsilon 1.11 done. Saving now ...
2025-03-21 17:03:09 - INFO - Starting with epsilon 1.21 ...
2025-03-21 17:03:10 - INFO - Repeat 1/10 for epsilon 1.21
2025-03-21 17:03:16 - INFO - Repeat 2/10 for epsilon 1.21
2025-03-21 17:03:21 - INFO - Repeat 3/10 for epsilon 1.21
2025-03-21 17:03:26 - INFO - Repeat 4/10 for epsilon 1.21
2025-03-21 17:03:31 - INFO - Repeat 5/10 for epsilon 1.21
2025-03-21 17:03:37 - INFO - Repeat 6/10 for epsilon 1.21
2025-03-21 17:03:42 - INFO - Repeat 7/10 for epsilon 1.21
2025-03-21 17:03:47 - INFO - Repeat 8/10 for epsilon 1.21
2025-03-21 17:03:53 - INFO - Repeat 9/10 for epsilon 1.21
2025-03-21 17:03:58 - INFO - Repeat 10/10 for epsilon 1.21
2025-03-21 17:04:03 - INFO - All repeats for epsilon 1.21 done. Saving now ...
2025-03-21 17:04:12 - INFO - Starting with epsilon 1.31 ...
2025-03-21 17:04:13 - INFO - Repeat 1/10 for epsilon 1.31
2025-03-21 17:04:19 - INFO - Repeat 2/10 for epsilon 1.31
2025-03-21 17:04:24 - INFO - Repeat 3/10 for epsilon 1.31
2025-03-21 17:04:29 - INFO - Repeat 4/10 for epsilon 1.31
2025-03-21 17:04:35 - INFO - Repeat 5/10 for epsilon 1.31
2025-03-21 17:04:40 - INFO - Repeat 6/10 for epsilon 1.31
2025-03-21 17:04:45 - INFO - Repeat 7/10 for epsilon 1.31
2025-03-21 17:04:51 - INFO - Repeat 8/10 for epsilon 1.31
2025-03-21 17:04:56 - INFO - Repeat 9/10 for epsilon 1.31
2025-03-21 17:05:01 - INFO - Repeat 10/10 for epsilon 1.31
2025-03-21 17:05:06 - INFO - All repeats for epsilon 1.31 done. Saving now ...
2025-03-21 17:05:15 - INFO - Starting with epsilon 1.41 ...
2025-03-21 17:05:16 - INFO - Repeat 1/10 for epsilon 1.41
2025-03-21 17:05:21 - INFO - Repeat 2/10 for epsilon 1.41
2025-03-21 17:05:27 - INFO - Repeat 3/10 for epsilon 1.41
2025-03-21 17:05:32 - INFO - Repeat 4/10 for epsilon 1.41
2025-03-21 17:05:37 - INFO - Repeat 5/10 for epsilon 1.41
2025-03-21 17:05:42 - INFO - Repeat 6/10 for epsilon 1.41
2025-03-21 17:05:48 - INFO - Repeat 7/10 for epsilon 1.41
2025-03-21 17:05:53 - INFO - Repeat 8/10 for epsilon 1.41
2025-03-21 17:05:58 - INFO - Repeat 9/10 for epsilon 1.41
2025-03-21 17:06:03 - INFO - Repeat 10/10 for epsilon 1.41
2025-03-21 17:06:09 - INFO - All repeats for epsilon 1.41 done. Saving now ...
2025-03-21 17:06:09 - INFO - Skipping existing 1.51 ...
2025-03-21 17:06:09 - INFO - Skipping existing 1.91 ...
2025-03-21 17:06:09 - INFO - Skipping existing 2.01 ...
2025-03-21 17:06:09 - INFO - Skipping existing 2.51 ...
2025-03-21 17:06:09 - INFO - Skipping existing 2.91 ...
2025-03-21 17:06:09 - INFO - Skipping existing 3.01 ...
2025-03-21 17:06:09 - INFO - Skipping existing 3.51 ...
2025-03-21 17:06:09 - INFO - Skipping existing 3.91 ...
2025-03-21 17:06:09 - INFO - Skipping existing 4.01 ...
2025-03-21 17:06:09 - INFO - Skipping existing 4.51 ...
2025-03-21 17:06:09 - INFO - Skipping existing 4.91 ...
2025-03-21 17:06:09 - INFO - Skipping existing 5.01 ...
2025-03-21 17:06:09 - INFO - Skipping existing 5.51 ...
2025-03-21 17:06:09 - INFO - Skipping existing 5.91 ...
2025-03-21 17:06:09 - INFO - Skipping existing 6.01 ...
2025-03-21 17:06:09 - INFO - Skipping existing 6.51 ...
2025-03-21 17:06:09 - INFO - Skipping existing 6.91 ...
2025-03-21 17:06:09 - INFO - Skipping existing 7.01 ...
2025-03-21 17:06:09 - INFO - Skipping existing 7.51 ...
2025-03-21 17:06:09 - INFO - Skipping existing 7.91 ...
2025-03-21 17:06:09 - INFO - Skipping existing 8.01 ...
2025-03-21 17:06:09 - INFO - Skipping existing 8.51 ...
2025-03-21 17:06:09 - INFO - Skipping existing 8.91 ...
2025-03-21 17:06:09 - INFO - Skipping existing 9.01 ...
2025-03-21 17:06:09 - INFO - Skipping existing 9.51 ...
2025-03-21 17:06:09 - INFO - Skipping existing 9.91 ...
2025-03-21 17:06:09 - INFO - Skipping existing 10 ...
