nohup: ignoring input
2025-03-23 16:21:52 - INFO - Setup laplace for shadow ensemble model ...
2025-03-23 16:21:52 - INFO - Skipping existing 0.01 ...
2025-03-23 16:21:52 - INFO - Epsilon 0.11 was not pretrained in base model.
2025-03-23 16:21:52 - INFO - Epsilon 0.21 was not pretrained in base model.
2025-03-23 16:21:52 - INFO - Skipping existing 0.31 ...
2025-03-23 16:21:52 - INFO - Skipping existing 0.41 ...
2025-03-23 16:21:52 - INFO - Skipping existing 0.51 ...
2025-03-23 16:21:52 - INFO - Epsilon 0.61 was not pretrained in base model.
2025-03-23 16:21:52 - INFO - Skipping existing 0.71 ...
2025-03-23 16:21:52 - INFO - Epsilon 0.81 was not pretrained in base model.
2025-03-23 16:21:52 - INFO - Skipping existing 0.91 ...
2025-03-23 16:21:52 - INFO - Skipping existing 1.01 ...
2025-03-23 16:21:52 - INFO - Epsilon 1.11 was not pretrained in base model.
2025-03-23 16:21:52 - INFO - Skipping existing 1.21 ...
2025-03-23 16:21:52 - INFO - Skipping existing 1.51 ...
2025-03-23 16:21:52 - INFO - Skipping existing 2.01 ...
2025-03-23 16:21:52 - INFO - Setup bounded_n for shadow ensemble model ...
2025-03-23 16:21:52 - INFO - Skipping existing 0.01 ...
2025-03-23 16:21:52 - INFO - Epsilon 0.11 was not pretrained in base model.
2025-03-23 16:21:52 - INFO - Epsilon 0.21 was not pretrained in base model.
2025-03-23 16:21:52 - INFO - Pretrained net available for epsilon 0.31
2025-03-23 16:21:58 - INFO - Repeat 1/10 for epsilon 0.31
2025-03-23 16:22:03 - INFO - Repeat 2/10 for epsilon 0.31
2025-03-23 16:22:08 - INFO - Repeat 3/10 for epsilon 0.31
2025-03-23 16:22:13 - INFO - Repeat 4/10 for epsilon 0.31
2025-03-23 16:22:18 - INFO - Repeat 5/10 for epsilon 0.31
2025-03-23 16:22:23 - INFO - Repeat 6/10 for epsilon 0.31
2025-03-23 16:22:28 - INFO - Repeat 7/10 for epsilon 0.31
2025-03-23 16:22:33 - INFO - Repeat 8/10 for epsilon 0.31
2025-03-23 16:22:38 - INFO - Repeat 9/10 for epsilon 0.31
2025-03-23 16:22:43 - INFO - Repeat 10/10 for epsilon 0.31
2025-03-23 16:22:48 - INFO - All repeats for epsilon 0.31 done. Saving ...
2025-03-23 16:22:48 - INFO - Pretrained net available for epsilon 0.41
2025-03-23 16:22:49 - INFO - Repeat 1/10 for epsilon 0.41
2025-03-23 16:22:54 - INFO - Repeat 2/10 for epsilon 0.41
2025-03-23 16:22:59 - INFO - Repeat 3/10 for epsilon 0.41
2025-03-23 16:23:04 - INFO - Repeat 4/10 for epsilon 0.41
2025-03-23 16:23:09 - INFO - Repeat 5/10 for epsilon 0.41
2025-03-23 16:23:14 - INFO - Repeat 6/10 for epsilon 0.41
2025-03-23 16:23:19 - INFO - Repeat 7/10 for epsilon 0.41
2025-03-23 16:23:24 - INFO - Repeat 8/10 for epsilon 0.41
2025-03-23 16:23:29 - INFO - Repeat 9/10 for epsilon 0.41
2025-03-23 16:23:34 - INFO - Repeat 10/10 for epsilon 0.41
2025-03-23 16:23:40 - INFO - All repeats for epsilon 0.41 done. Saving ...
2025-03-23 16:23:40 - INFO - Pretrained net available for epsilon 0.51
2025-03-23 16:23:42 - INFO - Repeat 1/10 for epsilon 0.51
2025-03-23 16:23:47 - INFO - Repeat 2/10 for epsilon 0.51
2025-03-23 16:23:52 - INFO - Repeat 3/10 for epsilon 0.51
2025-03-23 16:23:57 - INFO - Repeat 4/10 for epsilon 0.51
2025-03-23 16:24:02 - INFO - Repeat 5/10 for epsilon 0.51
2025-03-23 16:24:07 - INFO - Repeat 6/10 for epsilon 0.51
2025-03-23 16:24:12 - INFO - Repeat 7/10 for epsilon 0.51
2025-03-23 16:24:17 - INFO - Repeat 8/10 for epsilon 0.51
2025-03-23 16:24:22 - INFO - Repeat 9/10 for epsilon 0.51
2025-03-23 16:24:27 - INFO - Repeat 10/10 for epsilon 0.51
2025-03-23 16:24:32 - INFO - All repeats for epsilon 0.51 done. Saving ...
2025-03-23 16:24:32 - INFO - Epsilon 0.61 was not pretrained in base model.
2025-03-23 16:24:32 - INFO - Pretrained net available for epsilon 0.71
2025-03-23 16:24:34 - INFO - Repeat 1/10 for epsilon 0.71
2025-03-23 16:24:39 - INFO - Repeat 2/10 for epsilon 0.71
2025-03-23 16:24:44 - INFO - Repeat 3/10 for epsilon 0.71
2025-03-23 16:24:49 - INFO - Repeat 4/10 for epsilon 0.71
2025-03-23 16:24:54 - INFO - Repeat 5/10 for epsilon 0.71
2025-03-23 16:24:59 - INFO - Repeat 6/10 for epsilon 0.71
2025-03-23 16:25:04 - INFO - Repeat 7/10 for epsilon 0.71
2025-03-23 16:25:09 - INFO - Repeat 8/10 for epsilon 0.71
2025-03-23 16:25:14 - INFO - Repeat 9/10 for epsilon 0.71
2025-03-23 16:25:19 - INFO - Repeat 10/10 for epsilon 0.71
2025-03-23 16:25:25 - INFO - All repeats for epsilon 0.71 done. Saving ...
2025-03-23 16:25:25 - INFO - Epsilon 0.81 was not pretrained in base model.
2025-03-23 16:25:25 - INFO - Pretrained net available for epsilon 0.91
2025-03-23 16:25:26 - INFO - Repeat 1/10 for epsilon 0.91
2025-03-23 16:25:31 - INFO - Repeat 2/10 for epsilon 0.91
2025-03-23 16:25:36 - INFO - Repeat 3/10 for epsilon 0.91
2025-03-23 16:25:41 - INFO - Repeat 4/10 for epsilon 0.91
2025-03-23 16:25:46 - INFO - Repeat 5/10 for epsilon 0.91
2025-03-23 16:25:51 - INFO - Repeat 6/10 for epsilon 0.91
2025-03-23 16:25:56 - INFO - Repeat 7/10 for epsilon 0.91
2025-03-23 16:26:01 - INFO - Repeat 8/10 for epsilon 0.91
2025-03-23 16:26:07 - INFO - Repeat 9/10 for epsilon 0.91
2025-03-23 16:26:12 - INFO - Repeat 10/10 for epsilon 0.91
2025-03-23 16:26:17 - INFO - All repeats for epsilon 0.91 done. Saving ...
2025-03-23 16:26:17 - INFO - Pretrained net available for epsilon 1.01
2025-03-23 16:26:19 - INFO - Repeat 1/10 for epsilon 1.01
2025-03-23 16:26:24 - INFO - Repeat 2/10 for epsilon 1.01
2025-03-23 16:26:29 - INFO - Repeat 3/10 for epsilon 1.01
2025-03-23 16:26:34 - INFO - Repeat 4/10 for epsilon 1.01
2025-03-23 16:26:39 - INFO - Repeat 5/10 for epsilon 1.01
2025-03-23 16:26:44 - INFO - Repeat 6/10 for epsilon 1.01
2025-03-23 16:26:49 - INFO - Repeat 7/10 for epsilon 1.01
2025-03-23 16:26:55 - INFO - Repeat 8/10 for epsilon 1.01
2025-03-23 16:27:00 - INFO - Repeat 9/10 for epsilon 1.01
2025-03-23 16:27:05 - INFO - Repeat 10/10 for epsilon 1.01
2025-03-23 16:27:10 - INFO - All repeats for epsilon 1.01 done. Saving ...
2025-03-23 16:27:10 - INFO - Epsilon 1.11 was not pretrained in base model.
2025-03-23 16:27:10 - INFO - Pretrained net available for epsilon 1.21
2025-03-23 16:27:11 - INFO - Repeat 1/10 for epsilon 1.21
2025-03-23 16:27:16 - INFO - Repeat 2/10 for epsilon 1.21
2025-03-23 16:27:21 - INFO - Repeat 3/10 for epsilon 1.21
2025-03-23 16:27:26 - INFO - Repeat 4/10 for epsilon 1.21
2025-03-23 16:27:31 - INFO - Repeat 5/10 for epsilon 1.21
2025-03-23 16:27:37 - INFO - Repeat 6/10 for epsilon 1.21
2025-03-23 16:27:42 - INFO - Repeat 7/10 for epsilon 1.21
2025-03-23 16:27:47 - INFO - Repeat 8/10 for epsilon 1.21
2025-03-23 16:27:52 - INFO - Repeat 9/10 for epsilon 1.21
2025-03-23 16:27:57 - INFO - Repeat 10/10 for epsilon 1.21
2025-03-23 16:28:02 - INFO - All repeats for epsilon 1.21 done. Saving ...
2025-03-23 16:28:02 - INFO - Pretrained net available for epsilon 1.51
2025-03-23 16:28:04 - INFO - Repeat 1/10 for epsilon 1.51
2025-03-23 16:28:10 - INFO - Repeat 2/10 for epsilon 1.51
2025-03-23 16:28:15 - INFO - Repeat 3/10 for epsilon 1.51
2025-03-23 16:28:20 - INFO - Repeat 4/10 for epsilon 1.51
2025-03-23 16:28:25 - INFO - Repeat 5/10 for epsilon 1.51
2025-03-23 16:28:30 - INFO - Repeat 6/10 for epsilon 1.51
2025-03-23 16:28:35 - INFO - Repeat 7/10 for epsilon 1.51
2025-03-23 16:28:40 - INFO - Repeat 8/10 for epsilon 1.51
2025-03-23 16:28:45 - INFO - Repeat 9/10 for epsilon 1.51
2025-03-23 16:28:50 - INFO - Repeat 10/10 for epsilon 1.51
2025-03-23 16:28:55 - INFO - All repeats for epsilon 1.51 done. Saving ...
2025-03-23 16:28:55 - INFO - Pretrained net available for epsilon 2.01
2025-03-23 16:28:58 - INFO - Repeat 1/10 for epsilon 2.01
2025-03-23 16:29:03 - INFO - Repeat 2/10 for epsilon 2.01
2025-03-23 16:29:08 - INFO - Repeat 3/10 for epsilon 2.01
2025-03-23 16:29:13 - INFO - Repeat 4/10 for epsilon 2.01
2025-03-23 16:29:18 - INFO - Repeat 5/10 for epsilon 2.01
2025-03-23 16:29:23 - INFO - Repeat 6/10 for epsilon 2.01
2025-03-23 16:29:28 - INFO - Repeat 7/10 for epsilon 2.01
2025-03-23 16:29:33 - INFO - Repeat 8/10 for epsilon 2.01
2025-03-23 16:29:38 - INFO - Repeat 9/10 for epsilon 2.01
2025-03-23 16:29:43 - INFO - Repeat 10/10 for epsilon 2.01
2025-03-23 16:29:48 - INFO - All repeats for epsilon 2.01 done. Saving ...
2025-03-23 16:29:48 - INFO - Setup gaussian_a for shadow ensemble model ...
2025-03-23 16:29:48 - INFO - Pretrained net available for epsilon 0.01
2025-03-23 16:29:50 - INFO - Repeat 1/10 for epsilon 0.01
2025-03-23 16:29:55 - INFO - Repeat 2/10 for epsilon 0.01
2025-03-23 16:30:00 - INFO - Repeat 3/10 for epsilon 0.01
2025-03-23 16:30:05 - INFO - Repeat 4/10 for epsilon 0.01
2025-03-23 16:30:10 - INFO - Repeat 5/10 for epsilon 0.01
2025-03-23 16:30:15 - INFO - Repeat 6/10 for epsilon 0.01
2025-03-23 16:30:20 - INFO - Repeat 7/10 for epsilon 0.01
2025-03-23 16:30:25 - INFO - Repeat 8/10 for epsilon 0.01
2025-03-23 16:30:30 - INFO - Repeat 9/10 for epsilon 0.01
2025-03-23 16:30:36 - INFO - Repeat 10/10 for epsilon 0.01
2025-03-23 16:30:41 - INFO - All repeats for epsilon 0.01 done. Saving ...
2025-03-23 16:30:41 - INFO - Epsilon 0.11 was not pretrained in base model.
2025-03-23 16:30:41 - INFO - Epsilon 0.21 was not pretrained in base model.
2025-03-23 16:30:41 - INFO - Pretrained net available for epsilon 0.31
2025-03-23 16:30:42 - INFO - Repeat 1/10 for epsilon 0.31
2025-03-23 16:30:47 - INFO - Repeat 2/10 for epsilon 0.31
2025-03-23 16:30:52 - INFO - Repeat 3/10 for epsilon 0.31
2025-03-23 16:30:57 - INFO - Repeat 4/10 for epsilon 0.31
2025-03-23 16:31:02 - INFO - Repeat 5/10 for epsilon 0.31
2025-03-23 16:31:07 - INFO - Repeat 6/10 for epsilon 0.31
2025-03-23 16:31:12 - INFO - Repeat 7/10 for epsilon 0.31
2025-03-23 16:31:17 - INFO - Repeat 8/10 for epsilon 0.31
2025-03-23 16:31:23 - INFO - Repeat 9/10 for epsilon 0.31
2025-03-23 16:31:28 - INFO - Repeat 10/10 for epsilon 0.31
2025-03-23 16:31:33 - INFO - All repeats for epsilon 0.31 done. Saving ...
2025-03-23 16:31:33 - INFO - Pretrained net available for epsilon 0.41
2025-03-23 16:31:34 - INFO - Repeat 1/10 for epsilon 0.41
2025-03-23 16:31:39 - INFO - Repeat 2/10 for epsilon 0.41
2025-03-23 16:31:44 - INFO - Repeat 3/10 for epsilon 0.41
2025-03-23 16:31:49 - INFO - Repeat 4/10 for epsilon 0.41
2025-03-23 16:31:54 - INFO - Repeat 5/10 for epsilon 0.41
2025-03-23 16:31:59 - INFO - Repeat 6/10 for epsilon 0.41
2025-03-23 16:32:05 - INFO - Repeat 7/10 for epsilon 0.41
2025-03-23 16:32:10 - INFO - Repeat 8/10 for epsilon 0.41
2025-03-23 16:32:15 - INFO - Repeat 9/10 for epsilon 0.41
2025-03-23 16:32:20 - INFO - Repeat 10/10 for epsilon 0.41
2025-03-23 16:32:25 - INFO - All repeats for epsilon 0.41 done. Saving ...
2025-03-23 16:32:25 - INFO - Pretrained net available for epsilon 0.51
2025-03-23 16:32:26 - INFO - Repeat 1/10 for epsilon 0.51
2025-03-23 16:32:31 - INFO - Repeat 2/10 for epsilon 0.51
2025-03-23 16:32:37 - INFO - Repeat 3/10 for epsilon 0.51
2025-03-23 16:32:42 - INFO - Repeat 4/10 for epsilon 0.51
2025-03-23 16:32:47 - INFO - Repeat 5/10 for epsilon 0.51
2025-03-23 16:32:52 - INFO - Repeat 6/10 for epsilon 0.51
2025-03-23 16:32:57 - INFO - Repeat 7/10 for epsilon 0.51
2025-03-23 16:33:02 - INFO - Repeat 8/10 for epsilon 0.51
2025-03-23 16:33:07 - INFO - Repeat 9/10 for epsilon 0.51
2025-03-23 16:33:12 - INFO - Repeat 10/10 for epsilon 0.51
2025-03-23 16:33:17 - INFO - All repeats for epsilon 0.51 done. Saving ...
2025-03-23 16:33:17 - INFO - Epsilon 0.61 was not pretrained in base model.
2025-03-23 16:33:17 - INFO - Pretrained net available for epsilon 0.71
2025-03-23 16:33:19 - INFO - Repeat 1/10 for epsilon 0.71
2025-03-23 16:33:24 - INFO - Repeat 2/10 for epsilon 0.71
2025-03-23 16:33:29 - INFO - Repeat 3/10 for epsilon 0.71
2025-03-23 16:33:34 - INFO - Repeat 4/10 for epsilon 0.71
2025-03-23 16:33:39 - INFO - Repeat 5/10 for epsilon 0.71
2025-03-23 16:33:44 - INFO - Repeat 6/10 for epsilon 0.71
2025-03-23 16:33:49 - INFO - Repeat 7/10 for epsilon 0.71
2025-03-23 16:33:54 - INFO - Repeat 8/10 for epsilon 0.71
2025-03-23 16:33:59 - INFO - Repeat 9/10 for epsilon 0.71
2025-03-23 16:34:04 - INFO - Repeat 10/10 for epsilon 0.71
2025-03-23 16:34:09 - INFO - All repeats for epsilon 0.71 done. Saving ...
2025-03-23 16:34:09 - INFO - Epsilon 0.81 was not pretrained in base model.
2025-03-23 16:34:09 - INFO - Pretrained net available for epsilon 0.91
2025-03-23 16:34:11 - INFO - Repeat 1/10 for epsilon 0.91
2025-03-23 16:34:16 - INFO - Repeat 2/10 for epsilon 0.91
2025-03-23 16:34:21 - INFO - Repeat 3/10 for epsilon 0.91
2025-03-23 16:34:26 - INFO - Repeat 4/10 for epsilon 0.91
2025-03-23 16:34:31 - INFO - Repeat 5/10 for epsilon 0.91
2025-03-23 16:34:36 - INFO - Repeat 6/10 for epsilon 0.91
2025-03-23 16:34:41 - INFO - Repeat 7/10 for epsilon 0.91
2025-03-23 16:34:46 - INFO - Repeat 8/10 for epsilon 0.91
2025-03-23 16:34:51 - INFO - Repeat 9/10 for epsilon 0.91
2025-03-23 16:34:57 - INFO - Repeat 10/10 for epsilon 0.91
2025-03-23 16:35:02 - INFO - All repeats for epsilon 0.91 done. Saving ...
2025-03-23 16:35:02 - INFO - Pretrained net available for epsilon 1.01
2025-03-23 16:35:03 - INFO - Repeat 1/10 for epsilon 1.01
2025-03-23 16:35:08 - INFO - Repeat 2/10 for epsilon 1.01
2025-03-23 16:35:13 - INFO - Repeat 3/10 for epsilon 1.01
2025-03-23 16:35:18 - INFO - Repeat 4/10 for epsilon 1.01
2025-03-23 16:35:23 - INFO - Repeat 5/10 for epsilon 1.01
2025-03-23 16:35:28 - INFO - Repeat 6/10 for epsilon 1.01
2025-03-23 16:35:33 - INFO - Repeat 7/10 for epsilon 1.01
2025-03-23 16:35:38 - INFO - Repeat 8/10 for epsilon 1.01
2025-03-23 16:35:43 - INFO - Repeat 9/10 for epsilon 1.01
2025-03-23 16:35:49 - INFO - Repeat 10/10 for epsilon 1.01
2025-03-23 16:35:54 - INFO - All repeats for epsilon 1.01 done. Saving ...
2025-03-23 16:35:54 - INFO - Epsilon 1.11 was not pretrained in base model.
2025-03-23 16:35:54 - INFO - Pretrained net available for epsilon 1.21
2025-03-23 16:35:55 - INFO - Repeat 1/10 for epsilon 1.21
2025-03-23 16:36:00 - INFO - Repeat 2/10 for epsilon 1.21
2025-03-23 16:36:05 - INFO - Repeat 3/10 for epsilon 1.21
2025-03-23 16:36:10 - INFO - Repeat 4/10 for epsilon 1.21
2025-03-23 16:36:15 - INFO - Repeat 5/10 for epsilon 1.21
2025-03-23 16:36:20 - INFO - Repeat 6/10 for epsilon 1.21
2025-03-23 16:36:25 - INFO - Repeat 7/10 for epsilon 1.21
2025-03-23 16:36:30 - INFO - Repeat 8/10 for epsilon 1.21
2025-03-23 16:36:35 - INFO - Repeat 9/10 for epsilon 1.21
2025-03-23 16:36:40 - INFO - Repeat 10/10 for epsilon 1.21
2025-03-23 16:36:46 - INFO - All repeats for epsilon 1.21 done. Saving ...
2025-03-23 16:36:46 - INFO - Pretrained net available for epsilon 1.51
2025-03-23 16:36:47 - INFO - Repeat 1/10 for epsilon 1.51
2025-03-23 16:36:52 - INFO - Repeat 2/10 for epsilon 1.51
2025-03-23 16:36:57 - INFO - Repeat 3/10 for epsilon 1.51
2025-03-23 16:37:02 - INFO - Repeat 4/10 for epsilon 1.51
2025-03-23 16:37:07 - INFO - Repeat 5/10 for epsilon 1.51
2025-03-23 16:37:12 - INFO - Repeat 6/10 for epsilon 1.51
2025-03-23 16:37:18 - INFO - Repeat 7/10 for epsilon 1.51
2025-03-23 16:37:23 - INFO - Repeat 8/10 for epsilon 1.51
2025-03-23 16:37:28 - INFO - Repeat 9/10 for epsilon 1.51
2025-03-23 16:37:33 - INFO - Repeat 10/10 for epsilon 1.51
2025-03-23 16:37:38 - INFO - All repeats for epsilon 1.51 done. Saving ...
2025-03-23 16:37:38 - INFO - Pretrained net available for epsilon 2.01
2025-03-23 16:37:39 - INFO - Repeat 1/10 for epsilon 2.01
2025-03-23 16:37:44 - INFO - Repeat 2/10 for epsilon 2.01
2025-03-23 16:37:49 - INFO - Repeat 3/10 for epsilon 2.01
2025-03-23 16:37:54 - INFO - Repeat 4/10 for epsilon 2.01
2025-03-23 16:37:59 - INFO - Repeat 5/10 for epsilon 2.01
2025-03-23 16:38:04 - INFO - Repeat 6/10 for epsilon 2.01
2025-03-23 16:38:09 - INFO - Repeat 7/10 for epsilon 2.01
2025-03-23 16:38:15 - INFO - Repeat 8/10 for epsilon 2.01
2025-03-23 16:38:19 - INFO - Repeat 9/10 for epsilon 2.01
2025-03-23 16:38:24 - INFO - Repeat 10/10 for epsilon 2.01
2025-03-23 16:38:30 - INFO - All repeats for epsilon 2.01 done. Saving ...
