nohup: ignoring input
2025-03-19 15:06:13 - INFO - Starting with single beats for laplace ...
2025-03-19 15:06:43 - INFO - Starting domain adaption for epsilon 0.11 ...
2025-03-19 15:12:14 - INFO - Saved domain adaption for single beats until epsilon 0.11.
2025-03-19 15:12:14 - INFO - Starting domain adaption for epsilon 0.21 ...
2025-03-19 15:18:17 - INFO - Saved domain adaption for single beats until epsilon 0.21.
2025-03-19 15:18:17 - INFO - Starting domain adaption for epsilon 0.31 ...
2025-03-19 15:23:43 - INFO - Saved domain adaption for single beats until epsilon 0.31.
2025-03-19 15:23:43 - INFO - Starting domain adaption for epsilon 0.41 ...
2025-03-19 15:29:10 - INFO - Saved domain adaption for single beats until epsilon 0.41.
2025-03-19 15:29:10 - INFO - Starting domain adaption for epsilon 0.61 ...
2025-03-19 15:34:56 - INFO - Saved domain adaption for single beats until epsilon 0.61.
2025-03-19 15:34:56 - INFO - Starting domain adaption for epsilon 0.71 ...
2025-03-19 15:40:25 - INFO - Saved domain adaption for single beats until epsilon 0.71.
2025-03-19 15:40:25 - INFO - Starting domain adaption for epsilon 0.81 ...
2025-03-19 15:45:57 - INFO - Saved domain adaption for single beats until epsilon 0.81.
2025-03-19 15:45:57 - INFO - Starting domain adaption for epsilon 1.11 ...
2025-03-19 15:52:00 - INFO - Saved domain adaption for single beats until epsilon 1.11.
2025-03-19 15:52:00 - INFO - Starting domain adaption for epsilon 1.21 ...
2025-03-19 15:57:33 - INFO - Saved domain adaption for single beats until epsilon 1.21.
2025-03-19 15:57:33 - INFO - Starting domain adaption for epsilon 1.31 ...
2025-03-19 16:03:10 - INFO - Saved domain adaption for single beats until epsilon 1.31.
2025-03-19 16:03:10 - INFO - Starting domain adaption for epsilon 1.41 ...
2025-03-19 16:08:54 - INFO - Saved domain adaption for single beats until epsilon 1.41.
2025-03-19 16:08:54 - INFO - Starting with trio beats for laplace ...
2025-03-19 16:09:40 - INFO - Starting domain adaption for epsilon 0.11 ...
2025-03-19 16:15:42 - INFO - Saved domain adaption for trio beats until epsilon 0.11.
2025-03-19 16:15:42 - INFO - Starting domain adaption for epsilon 0.21 ...
2025-03-19 16:21:25 - INFO - Saved domain adaption for trio beats until epsilon 0.21.
2025-03-19 16:21:25 - INFO - Starting domain adaption for epsilon 0.31 ...
2025-03-19 16:27:19 - INFO - Saved domain adaption for trio beats until epsilon 0.31.
2025-03-19 16:27:19 - INFO - Starting domain adaption for epsilon 0.41 ...
2025-03-19 16:33:01 - INFO - Saved domain adaption for trio beats until epsilon 0.41.
2025-03-19 16:33:01 - INFO - Starting domain adaption for epsilon 0.61 ...
2025-03-19 16:38:42 - INFO - Saved domain adaption for trio beats until epsilon 0.61.
2025-03-19 16:38:42 - INFO - Starting domain adaption for epsilon 0.71 ...
2025-03-19 16:44:23 - INFO - Saved domain adaption for trio beats until epsilon 0.71.
2025-03-19 16:44:23 - INFO - Starting domain adaption for epsilon 0.81 ...
2025-03-19 16:50:16 - INFO - Saved domain adaption for trio beats until epsilon 0.81.
2025-03-19 16:50:16 - INFO - Starting domain adaption for epsilon 1.11 ...
2025-03-19 16:56:04 - INFO - Saved domain adaption for trio beats until epsilon 1.11.
2025-03-19 16:56:04 - INFO - Starting domain adaption for epsilon 1.21 ...
2025-03-19 17:02:18 - INFO - Saved domain adaption for trio beats until epsilon 1.21.
2025-03-19 17:02:18 - INFO - Starting domain adaption for epsilon 1.31 ...
2025-03-19 17:08:03 - INFO - Saved domain adaption for trio beats until epsilon 1.31.
2025-03-19 17:08:03 - INFO - Starting domain adaption for epsilon 1.41 ...
2025-03-19 17:14:19 - INFO - Saved domain adaption for trio beats until epsilon 1.41.
2025-03-19 17:14:19 - INFO - Starting with single beats for bounded_n ...
2025-03-19 17:15:02 - INFO - Starting domain adaption for epsilon 0.11 ...
2025-03-19 17:21:09 - INFO - Saved domain adaption for single beats until epsilon 0.11.
2025-03-19 17:21:09 - INFO - Starting domain adaption for epsilon 0.21 ...
2025-03-19 17:26:53 - INFO - Saved domain adaption for single beats until epsilon 0.21.
2025-03-19 17:26:53 - INFO - Starting domain adaption for epsilon 0.31 ...
2025-03-19 17:32:39 - INFO - Saved domain adaption for single beats until epsilon 0.31.
2025-03-19 17:32:39 - INFO - Starting domain adaption for epsilon 0.41 ...
2025-03-19 17:39:05 - INFO - Saved domain adaption for single beats until epsilon 0.41.
2025-03-19 17:39:05 - INFO - Starting domain adaption for epsilon 0.61 ...
2025-03-19 17:45:05 - INFO - Saved domain adaption for single beats until epsilon 0.61.
2025-03-19 17:45:05 - INFO - Starting domain adaption for epsilon 0.71 ...
2025-03-19 17:53:01 - INFO - Saved domain adaption for single beats until epsilon 0.71.
2025-03-19 17:53:01 - INFO - Starting domain adaption for epsilon 0.81 ...
2025-03-19 18:03:44 - INFO - Saved domain adaption for single beats until epsilon 0.81.
2025-03-19 18:03:44 - INFO - Starting domain adaption for epsilon 1.11 ...
2025-03-19 18:11:19 - INFO - Saved domain adaption for single beats until epsilon 1.11.
2025-03-19 18:11:19 - INFO - Starting domain adaption for epsilon 1.21 ...
2025-03-19 18:19:40 - INFO - Saved domain adaption for single beats until epsilon 1.21.
2025-03-19 18:19:40 - INFO - Starting domain adaption for epsilon 1.31 ...
2025-03-19 18:28:03 - INFO - Saved domain adaption for single beats until epsilon 1.31.
2025-03-19 18:28:03 - INFO - Starting domain adaption for epsilon 1.41 ...
2025-03-19 18:37:42 - INFO - Saved domain adaption for single beats until epsilon 1.41.
2025-03-19 18:37:42 - INFO - Starting with trio beats for bounded_n ...
2025-03-19 18:38:20 - INFO - Starting domain adaption for epsilon 0.11 ...
2025-03-19 18:46:03 - INFO - Saved domain adaption for trio beats until epsilon 0.11.
2025-03-19 18:46:03 - INFO - Starting domain adaption for epsilon 0.21 ...
2025-03-19 18:56:02 - INFO - Saved domain adaption for trio beats until epsilon 0.21.
2025-03-19 18:56:02 - INFO - Starting domain adaption for epsilon 0.31 ...
2025-03-19 19:05:56 - INFO - Saved domain adaption for trio beats until epsilon 0.31.
2025-03-19 19:05:56 - INFO - Starting domain adaption for epsilon 0.41 ...
2025-03-19 19:14:58 - INFO - Saved domain adaption for trio beats until epsilon 0.41.
2025-03-19 19:14:58 - INFO - Starting domain adaption for epsilon 0.61 ...
2025-03-19 19:22:50 - INFO - Saved domain adaption for trio beats until epsilon 0.61.
2025-03-19 19:22:50 - INFO - Starting domain adaption for epsilon 0.71 ...
2025-03-19 19:30:46 - INFO - Saved domain adaption for trio beats until epsilon 0.71.
2025-03-19 19:30:46 - INFO - Starting domain adaption for epsilon 0.81 ...
2025-03-19 19:38:59 - INFO - Saved domain adaption for trio beats until epsilon 0.81.
2025-03-19 19:38:59 - INFO - Starting domain adaption for epsilon 1.11 ...
2025-03-19 19:47:52 - INFO - Saved domain adaption for trio beats until epsilon 1.11.
2025-03-19 19:47:52 - INFO - Starting domain adaption for epsilon 1.21 ...
2025-03-19 19:58:04 - INFO - Saved domain adaption for trio beats until epsilon 1.21.
2025-03-19 19:58:04 - INFO - Starting domain adaption for epsilon 1.31 ...
2025-03-19 20:06:43 - INFO - Saved domain adaption for trio beats until epsilon 1.31.
2025-03-19 20:06:43 - INFO - Starting domain adaption for epsilon 1.41 ...
2025-03-19 20:15:50 - INFO - Saved domain adaption for trio beats until epsilon 1.41.
2025-03-19 20:15:50 - INFO - Starting with single beats for gaussian_a ...
2025-03-19 20:17:28 - INFO - Starting domain adaption for epsilon 0.11 ...
2025-03-19 20:25:46 - INFO - Saved domain adaption for single beats until epsilon 0.11.
2025-03-19 20:25:46 - INFO - Starting domain adaption for epsilon 0.21 ...
2025-03-19 20:34:02 - INFO - Saved domain adaption for single beats until epsilon 0.21.
2025-03-19 20:34:02 - INFO - Starting domain adaption for epsilon 0.31 ...
2025-03-19 20:42:17 - INFO - Saved domain adaption for single beats until epsilon 0.31.
2025-03-19 20:42:17 - INFO - Starting domain adaption for epsilon 0.41 ...
2025-03-19 20:50:42 - INFO - Saved domain adaption for single beats until epsilon 0.41.
2025-03-19 20:50:42 - INFO - Starting domain adaption for epsilon 0.61 ...
2025-03-19 20:58:58 - INFO - Saved domain adaption for single beats until epsilon 0.61.
2025-03-19 20:58:58 - INFO - Starting domain adaption for epsilon 0.71 ...
2025-03-19 21:07:34 - INFO - Saved domain adaption for single beats until epsilon 0.71.
2025-03-19 21:07:34 - INFO - Starting domain adaption for epsilon 0.81 ...
2025-03-19 21:16:02 - INFO - Saved domain adaption for single beats until epsilon 0.81.
2025-03-19 21:16:02 - INFO - Starting domain adaption for epsilon 1.11 ...
2025-03-19 21:24:40 - INFO - Saved domain adaption for single beats until epsilon 1.11.
2025-03-19 21:24:40 - INFO - Starting domain adaption for epsilon 1.21 ...
2025-03-19 21:33:38 - INFO - Saved domain adaption for single beats until epsilon 1.21.
2025-03-19 21:33:38 - INFO - Starting domain adaption for epsilon 1.31 ...
2025-03-19 21:42:26 - INFO - Saved domain adaption for single beats until epsilon 1.31.
2025-03-19 21:42:26 - INFO - Starting domain adaption for epsilon 1.41 ...
2025-03-19 21:51:30 - INFO - Saved domain adaption for single beats until epsilon 1.41.
2025-03-19 21:51:30 - INFO - Starting with trio beats for gaussian_a ...
2025-03-19 21:52:04 - INFO - Starting domain adaption for epsilon 0.11 ...
2025-03-19 22:00:18 - INFO - Saved domain adaption for trio beats until epsilon 0.11.
2025-03-19 22:00:18 - INFO - Starting domain adaption for epsilon 0.21 ...
2025-03-19 22:08:31 - INFO - Saved domain adaption for trio beats until epsilon 0.21.
2025-03-19 22:08:31 - INFO - Starting domain adaption for epsilon 0.31 ...
2025-03-19 22:16:47 - INFO - Saved domain adaption for trio beats until epsilon 0.31.
2025-03-19 22:16:47 - INFO - Starting domain adaption for epsilon 0.41 ...
2025-03-19 22:25:14 - INFO - Saved domain adaption for trio beats until epsilon 0.41.
2025-03-19 22:25:14 - INFO - Starting domain adaption for epsilon 0.61 ...
2025-03-19 22:33:27 - INFO - Saved domain adaption for trio beats until epsilon 0.61.
2025-03-19 22:33:27 - INFO - Starting domain adaption for epsilon 0.71 ...
2025-03-19 22:42:01 - INFO - Saved domain adaption for trio beats until epsilon 0.71.
2025-03-19 22:42:01 - INFO - Starting domain adaption for epsilon 0.81 ...
2025-03-19 22:50:27 - INFO - Saved domain adaption for trio beats until epsilon 0.81.
2025-03-19 22:50:27 - INFO - Starting domain adaption for epsilon 1.11 ...
2025-03-19 22:59:00 - INFO - Saved domain adaption for trio beats until epsilon 1.11.
2025-03-19 22:59:00 - INFO - Starting domain adaption for epsilon 1.21 ...
2025-03-19 23:07:37 - INFO - Saved domain adaption for trio beats until epsilon 1.21.
2025-03-19 23:07:37 - INFO - Starting domain adaption for epsilon 1.31 ...
2025-03-19 23:16:26 - INFO - Saved domain adaption for trio beats until epsilon 1.31.
2025-03-19 23:16:26 - INFO - Starting domain adaption for epsilon 1.41 ...
2025-03-19 23:25:19 - INFO - Saved domain adaption for trio beats until epsilon 1.41.
