nohup: ignoring input
2025-03-11 20:01:39 - INFO - Loading the dataset for gaussian_a.
2025-03-11 20:01:52 - INFO - Starting with single beats dataset
2025-03-11 20:01:52 - INFO - Starting with epsilon: 1e-05
2025-03-11 20:02:05 - INFO - Starting with epsilon: 0.0001
2025-03-11 20:02:19 - INFO - Starting with epsilon: 0.001
2025-03-11 20:02:32 - INFO - Starting with epsilon: 0.01
2025-03-11 20:02:45 - INFO - Starting with epsilon: 0.021
2025-03-11 20:02:59 - INFO - Starting with epsilon: 0.031
2025-03-11 20:03:12 - INFO - Starting with epsilon: 0.041
2025-03-11 20:03:25 - INFO - Starting with epsilon: 0.051
2025-03-11 20:03:39 - INFO - Starting with epsilon: 0.061
2025-03-11 20:03:52 - INFO - Starting with epsilon: 0.071
2025-03-11 20:04:06 - INFO - Starting with epsilon: 0.081
2025-03-11 20:04:20 - INFO - Starting with epsilon: 0.091
2025-03-11 20:04:33 - INFO - Starting with epsilon: 0.11
2025-03-11 20:04:47 - INFO - Starting with epsilon: 0.21
2025-03-11 20:05:00 - INFO - Starting with epsilon: 0.31
2025-03-11 20:05:14 - INFO - Starting with epsilon: 0.41
2025-03-11 20:05:28 - INFO - Starting with epsilon: 0.51
2025-03-11 20:05:41 - INFO - Starting with epsilon: 0.61
2025-03-11 20:05:55 - INFO - Starting with epsilon: 0.71
2025-03-11 20:06:09 - INFO - Starting with epsilon: 0.81
2025-03-11 20:06:22 - INFO - Starting with epsilon: 0.91
2025-03-11 20:06:36 - INFO - Starting with epsilon: 1.01
2025-03-11 20:06:50 - INFO - Starting with epsilon: 1.11
2025-03-11 20:07:03 - INFO - Starting with epsilon: 1.21
2025-03-11 20:07:17 - INFO - Starting with epsilon: 1.31
2025-03-11 20:07:30 - INFO - Starting with epsilon: 1.41
2025-03-11 20:07:44 - INFO - Starting with epsilon: 1.51
2025-03-11 20:07:57 - INFO - Starting with epsilon: 1.61
2025-03-11 20:08:11 - INFO - Starting with epsilon: 1.71
2025-03-11 20:08:24 - INFO - Starting with epsilon: 1.81
2025-03-11 20:08:38 - INFO - Starting with epsilon: 1.91
2025-03-11 20:08:51 - INFO - Starting with epsilon: 2.01
2025-03-11 20:09:05 - INFO - Starting with epsilon: 2.11
2025-03-11 20:09:18 - INFO - Starting with epsilon: 2.21
2025-03-11 20:09:32 - INFO - Starting with epsilon: 2.31
2025-03-11 20:09:45 - INFO - Starting with epsilon: 2.41
2025-03-11 20:09:59 - INFO - Starting with epsilon: 2.51
2025-03-11 20:10:13 - INFO - Starting with epsilon: 2.61
2025-03-11 20:10:26 - INFO - Starting with epsilon: 2.71
2025-03-11 20:10:40 - INFO - Starting with epsilon: 2.81
2025-03-11 20:10:54 - INFO - Starting with epsilon: 2.91
2025-03-11 20:11:08 - INFO - Starting with epsilon: 3.01
2025-03-11 20:11:22 - INFO - Starting with epsilon: 3.11
2025-03-11 20:11:35 - INFO - Starting with epsilon: 3.21
2025-03-11 20:11:49 - INFO - Starting with epsilon: 3.31
2025-03-11 20:12:02 - INFO - Starting with epsilon: 3.41
2025-03-11 20:12:16 - INFO - Starting with epsilon: 3.51
2025-03-11 20:12:29 - INFO - Starting with epsilon: 3.61
2025-03-11 20:12:43 - INFO - Starting with epsilon: 3.71
2025-03-11 20:12:56 - INFO - Starting with epsilon: 3.81
2025-03-11 20:13:10 - INFO - Starting with epsilon: 3.91
2025-03-11 20:13:24 - INFO - Starting with epsilon: 4.01
2025-03-11 20:13:37 - INFO - Starting with epsilon: 4.11
2025-03-11 20:13:51 - INFO - Starting with epsilon: 4.21
2025-03-11 20:14:04 - INFO - Starting with epsilon: 4.31
2025-03-11 20:14:18 - INFO - Starting with epsilon: 4.41
2025-03-11 20:14:32 - INFO - Starting with epsilon: 4.51
2025-03-11 20:14:45 - INFO - Starting with epsilon: 4.61
2025-03-11 20:14:59 - INFO - Starting with epsilon: 4.71
2025-03-11 20:15:12 - INFO - Starting with epsilon: 4.81
2025-03-11 20:15:26 - INFO - Starting with epsilon: 4.91
2025-03-11 20:15:39 - INFO - Starting with epsilon: 5.01
2025-03-11 20:15:53 - INFO - Starting with epsilon: 5.11
2025-03-11 20:16:06 - INFO - Starting with epsilon: 5.21
2025-03-11 20:16:20 - INFO - Starting with epsilon: 5.31
2025-03-11 20:16:33 - INFO - Starting with epsilon: 5.41
2025-03-11 20:16:47 - INFO - Starting with epsilon: 5.51
2025-03-11 20:17:00 - INFO - Starting with epsilon: 5.61
2025-03-11 20:17:14 - INFO - Starting with epsilon: 5.71
2025-03-11 20:17:27 - INFO - Starting with epsilon: 5.81
2025-03-11 20:17:41 - INFO - Starting with epsilon: 5.91
2025-03-11 20:17:54 - INFO - Starting with epsilon: 6.01
2025-03-11 20:18:08 - INFO - Starting with epsilon: 6.11
2025-03-11 20:18:21 - INFO - Starting with epsilon: 6.21
2025-03-11 20:18:35 - INFO - Starting with epsilon: 6.31
2025-03-11 20:18:49 - INFO - Starting with epsilon: 6.41
2025-03-11 20:19:02 - INFO - Starting with epsilon: 6.51
2025-03-11 20:19:16 - INFO - Starting with epsilon: 6.61
2025-03-11 20:19:29 - INFO - Starting with epsilon: 6.71
2025-03-11 20:19:43 - INFO - Starting with epsilon: 6.81
2025-03-11 20:19:57 - INFO - Starting with epsilon: 6.91
2025-03-11 20:20:10 - INFO - Starting with epsilon: 7.01
2025-03-11 20:20:24 - INFO - Starting with epsilon: 7.11
2025-03-11 20:20:37 - INFO - Starting with epsilon: 7.21
2025-03-11 20:20:51 - INFO - Starting with epsilon: 7.31
2025-03-11 20:21:04 - INFO - Starting with epsilon: 7.41
2025-03-11 20:21:18 - INFO - Starting with epsilon: 7.51
2025-03-11 20:21:31 - INFO - Starting with epsilon: 7.61
2025-03-11 20:21:45 - INFO - Starting with epsilon: 7.71
2025-03-11 20:21:58 - INFO - Starting with epsilon: 7.81
2025-03-11 20:22:12 - INFO - Starting with epsilon: 7.91
2025-03-11 20:22:26 - INFO - Starting with epsilon: 8.01
2025-03-11 20:22:39 - INFO - Starting with epsilon: 8.11
2025-03-11 20:22:53 - INFO - Starting with epsilon: 8.21
2025-03-11 20:23:06 - INFO - Starting with epsilon: 8.31
2025-03-11 20:23:20 - INFO - Starting with epsilon: 8.41
2025-03-11 20:23:34 - INFO - Starting with epsilon: 8.51
2025-03-11 20:23:47 - INFO - Starting with epsilon: 8.61
2025-03-11 20:24:01 - INFO - Starting with epsilon: 8.71
2025-03-11 20:24:15 - INFO - Starting with epsilon: 8.81
2025-03-11 20:24:28 - INFO - Starting with epsilon: 8.91
2025-03-11 20:24:42 - INFO - Starting with epsilon: 9.01
2025-03-11 20:24:56 - INFO - Starting with epsilon: 9.11
2025-03-11 20:25:09 - INFO - Starting with epsilon: 9.21
2025-03-11 20:25:23 - INFO - Starting with epsilon: 9.31
2025-03-11 20:25:36 - INFO - Starting with epsilon: 9.41
2025-03-11 20:25:50 - INFO - Starting with epsilon: 9.51
2025-03-11 20:26:03 - INFO - Starting with epsilon: 9.61
2025-03-11 20:26:17 - INFO - Starting with epsilon: 9.71
2025-03-11 20:26:30 - INFO - Starting with epsilon: 9.81
2025-03-11 20:26:44 - INFO - Starting with epsilon: 9.91
2025-03-11 20:26:58 - INFO - Starting with epsilon: 10
2025-03-11 20:27:11 - INFO - Saving beats 5 min and 25 min for single beats with gaussian_a
2025-03-11 20:27:23 - INFO - Starting with trio beats dataset
2025-03-11 20:27:23 - INFO - Starting with epsilon: 1e-05
2025-03-11 20:27:37 - INFO - Starting with epsilon: 0.0001
2025-03-11 20:27:51 - INFO - Starting with epsilon: 0.001
2025-03-11 20:28:05 - INFO - Starting with epsilon: 0.01
2025-03-11 20:28:18 - INFO - Starting with epsilon: 0.021
2025-03-11 20:28:32 - INFO - Starting with epsilon: 0.031
2025-03-11 20:28:45 - INFO - Starting with epsilon: 0.041
2025-03-11 20:28:59 - INFO - Starting with epsilon: 0.051
2025-03-11 20:29:13 - INFO - Starting with epsilon: 0.061
2025-03-11 20:29:26 - INFO - Starting with epsilon: 0.071
2025-03-11 20:29:40 - INFO - Starting with epsilon: 0.081
2025-03-11 20:29:54 - INFO - Starting with epsilon: 0.091
2025-03-11 20:30:07 - INFO - Starting with epsilon: 0.11
2025-03-11 20:30:21 - INFO - Starting with epsilon: 0.21
2025-03-11 20:30:35 - INFO - Starting with epsilon: 0.31
2025-03-11 20:30:48 - INFO - Starting with epsilon: 0.41
2025-03-11 20:31:02 - INFO - Starting with epsilon: 0.51
2025-03-11 20:31:16 - INFO - Starting with epsilon: 0.61
2025-03-11 20:31:29 - INFO - Starting with epsilon: 0.71
2025-03-11 20:31:43 - INFO - Starting with epsilon: 0.81
2025-03-11 20:31:56 - INFO - Starting with epsilon: 0.91
2025-03-11 20:32:10 - INFO - Starting with epsilon: 1.01
2025-03-11 20:32:24 - INFO - Starting with epsilon: 1.11
2025-03-11 20:32:37 - INFO - Starting with epsilon: 1.21
2025-03-11 20:32:51 - INFO - Starting with epsilon: 1.31
2025-03-11 20:33:05 - INFO - Starting with epsilon: 1.41
2025-03-11 20:33:19 - INFO - Starting with epsilon: 1.51
2025-03-11 20:33:32 - INFO - Starting with epsilon: 1.61
2025-03-11 20:33:46 - INFO - Starting with epsilon: 1.71
2025-03-11 20:34:00 - INFO - Starting with epsilon: 1.81
2025-03-11 20:34:14 - INFO - Starting with epsilon: 1.91
2025-03-11 20:34:28 - INFO - Starting with epsilon: 2.01
2025-03-11 20:34:41 - INFO - Starting with epsilon: 2.11
2025-03-11 20:34:55 - INFO - Starting with epsilon: 2.21
2025-03-11 20:35:09 - INFO - Starting with epsilon: 2.31
2025-03-11 20:35:22 - INFO - Starting with epsilon: 2.41
2025-03-11 20:35:36 - INFO - Starting with epsilon: 2.51
2025-03-11 20:35:50 - INFO - Starting with epsilon: 2.61
2025-03-11 20:36:03 - INFO - Starting with epsilon: 2.71
2025-03-11 20:36:17 - INFO - Starting with epsilon: 2.81
2025-03-11 20:36:31 - INFO - Starting with epsilon: 2.91
2025-03-11 20:36:44 - INFO - Starting with epsilon: 3.01
2025-03-11 20:36:58 - INFO - Starting with epsilon: 3.11
2025-03-11 20:37:12 - INFO - Starting with epsilon: 3.21
2025-03-11 20:37:26 - INFO - Starting with epsilon: 3.31
2025-03-11 20:37:39 - INFO - Starting with epsilon: 3.41
2025-03-11 20:37:53 - INFO - Starting with epsilon: 3.51
2025-03-11 20:38:07 - INFO - Starting with epsilon: 3.61
2025-03-11 20:38:21 - INFO - Starting with epsilon: 3.71
2025-03-11 20:38:35 - INFO - Starting with epsilon: 3.81
2025-03-11 20:38:48 - INFO - Starting with epsilon: 3.91
2025-03-11 20:39:02 - INFO - Starting with epsilon: 4.01
2025-03-11 20:39:16 - INFO - Starting with epsilon: 4.11
2025-03-11 20:39:29 - INFO - Starting with epsilon: 4.21
2025-03-11 20:39:43 - INFO - Starting with epsilon: 4.31
2025-03-11 20:39:56 - INFO - Starting with epsilon: 4.41
2025-03-11 20:40:10 - INFO - Starting with epsilon: 4.51
2025-03-11 20:40:24 - INFO - Starting with epsilon: 4.61
2025-03-11 20:40:37 - INFO - Starting with epsilon: 4.71
2025-03-11 20:40:51 - INFO - Starting with epsilon: 4.81
2025-03-11 20:41:05 - INFO - Starting with epsilon: 4.91
2025-03-11 20:41:18 - INFO - Starting with epsilon: 5.01
2025-03-11 20:41:32 - INFO - Starting with epsilon: 5.11
2025-03-11 20:41:46 - INFO - Starting with epsilon: 5.21
2025-03-11 20:42:00 - INFO - Starting with epsilon: 5.31
2025-03-11 20:42:14 - INFO - Starting with epsilon: 5.41
2025-03-11 20:42:28 - INFO - Starting with epsilon: 5.51
2025-03-11 20:42:41 - INFO - Starting with epsilon: 5.61
2025-03-11 20:42:55 - INFO - Starting with epsilon: 5.71
2025-03-11 20:43:09 - INFO - Starting with epsilon: 5.81
2025-03-11 20:43:23 - INFO - Starting with epsilon: 5.91
2025-03-11 20:43:36 - INFO - Starting with epsilon: 6.01
2025-03-11 20:43:50 - INFO - Starting with epsilon: 6.11
2025-03-11 20:44:04 - INFO - Starting with epsilon: 6.21
2025-03-11 20:44:18 - INFO - Starting with epsilon: 6.31
2025-03-11 20:44:31 - INFO - Starting with epsilon: 6.41
2025-03-11 20:44:45 - INFO - Starting with epsilon: 6.51
2025-03-11 20:44:59 - INFO - Starting with epsilon: 6.61
2025-03-11 20:45:12 - INFO - Starting with epsilon: 6.71
2025-03-11 20:45:26 - INFO - Starting with epsilon: 6.81
2025-03-11 20:45:40 - INFO - Starting with epsilon: 6.91
2025-03-11 20:45:54 - INFO - Starting with epsilon: 7.01
2025-03-11 20:46:07 - INFO - Starting with epsilon: 7.11
2025-03-11 20:46:21 - INFO - Starting with epsilon: 7.21
2025-03-11 20:46:35 - INFO - Starting with epsilon: 7.31
2025-03-11 20:46:48 - INFO - Starting with epsilon: 7.41
2025-03-11 20:47:02 - INFO - Starting with epsilon: 7.51
2025-03-11 20:47:16 - INFO - Starting with epsilon: 7.61
2025-03-11 20:47:30 - INFO - Starting with epsilon: 7.71
2025-03-11 20:47:43 - INFO - Starting with epsilon: 7.81
2025-03-11 20:47:57 - INFO - Starting with epsilon: 7.91
2025-03-11 20:48:11 - INFO - Starting with epsilon: 8.01
2025-03-11 20:48:24 - INFO - Starting with epsilon: 8.11
2025-03-11 20:48:38 - INFO - Starting with epsilon: 8.21
2025-03-11 20:48:52 - INFO - Starting with epsilon: 8.31
2025-03-11 20:49:05 - INFO - Starting with epsilon: 8.41
2025-03-11 20:49:19 - INFO - Starting with epsilon: 8.51
2025-03-11 20:49:33 - INFO - Starting with epsilon: 8.61
2025-03-11 20:49:47 - INFO - Starting with epsilon: 8.71
2025-03-11 20:50:01 - INFO - Starting with epsilon: 8.81
2025-03-11 20:50:15 - INFO - Starting with epsilon: 8.91
2025-03-11 20:50:29 - INFO - Starting with epsilon: 9.01
2025-03-11 20:50:45 - INFO - Starting with epsilon: 9.11
2025-03-11 20:51:05 - INFO - Starting with epsilon: 9.21
2025-03-11 20:51:19 - INFO - Starting with epsilon: 9.31
2025-03-11 20:51:33 - INFO - Starting with epsilon: 9.41
2025-03-11 20:51:46 - INFO - Starting with epsilon: 9.51
2025-03-11 20:52:00 - INFO - Starting with epsilon: 9.61
2025-03-11 20:52:13 - INFO - Starting with epsilon: 9.71
2025-03-11 20:52:27 - INFO - Starting with epsilon: 9.81
2025-03-11 20:52:40 - INFO - Starting with epsilon: 9.91
2025-03-11 20:52:54 - INFO - Starting with epsilon: 10
2025-03-11 20:53:07 - INFO - Saving beats 5 min and 25 min for trio beats with gaussian_a
